9.2098 	EXP 	Created window1 = Window(allowGUI=False, allowStencil=False, args=UNKNOWN, autoLog=True, bitsMode=UNKNOWN, blendMode='avg', color=array([-1., -1., -1.]), colorSpace='rgb', fullscr=<method-wrapper '__getattribute__' of attributeSetter object at 0x1308a3c18>, gamma=None, kwargs=UNKNOWN, lms=UNKNOWN, monitor=<psychopy.monitors.calibTools.Monitor object at 0x1305ca1d0>, multiSample=False, name='window1', numSamples=2, pos=[0.0, 0.0], screen=0, size=array([2560, 1600]), stereo=False, units='pix', useFBO=True, useRetina=True, viewOri=0.0, viewPos=None, viewScale=None, waitBlanking=True, winType='pyglet')
9.2098 	EXP 	window1: recordFrameIntervals = False
9.3756 	EXP 	window1: recordFrameIntervals = True
9.5590 	EXP 	window1: recordFrameIntervals = False
10.2930 	EXP 	Created txt_welcome = TextStim(__class__=<class 'psychopy.visual.text.TextStim'>, alignHoriz='center', alignVert='center', antialias=True, autoLog=True, bold=False, color='white', colorSpace='named', contrast=1.0, depth=0.0, flipHoriz=False, flipVert=False, font='Arial', fontFiles=[], height=25, italic=False, languageStyle='LTR', name='txt_welcome', opacity=1.0, ori=0, pos=array([0., 0.]), rgb=array([255., 255., 255.]), text=str(...), units='pix', win=Window(...), wrapWidth=500)
10.3120 	EXP 	Created text_welcome_clickme = TextStim(__class__=<class 'psychopy.visual.text.TextStim'>, alignHoriz='center', alignVert='center', antialias=True, autoLog=True, bold=False, color='white', colorSpace='named', contrast=1.0, depth=-1.0, flipHoriz=False, flipVert=False, font='Arial', fontFiles=[], height=15, italic=False, languageStyle='LTR', name='text_welcome_clickme', opacity=1.0, ori=0, pos=array([   0., -350.]), rgb=array([255., 255., 255.]), text='När du läst klart, klicka med musen här.', units='pix', win=Window(...), wrapWidth=500)
10.3459 	EXP 	Created text_pre_practice_a = TextStim(__class__=<class 'psychopy.visual.text.TextStim'>, alignHoriz='center', alignVert='center', antialias=True, autoLog=True, bold=False, color='white', colorSpace='named', contrast=1.0, depth=0.0, flipHoriz=False, flipVert=False, font='Arial', fontFiles=[], height=20, italic=False, languageStyle='LTR', name='text_pre_practice_a', opacity=1.0, ori=0, pos=array([0., 0.]), rgb=array([255., 255., 255.]), text=str(...), units='pix', win=Window(...), wrapWidth=500)
10.3493 	EXP 	Created practice_poly = Rect(__class__=<class 'psychopy.visual.rect.Rect'>, autoDraw=False, autoLog=True, closeShape=True, color=method-wrapper(...), colorSpace=None, contrast=1.0, depth=0.0, fillColor=array([ 1., -1., -1.]), fillColorSpace='rgb', fillRGB=array([ 1., -1., -1.]), interpolate=True, lineColor=array([1., 1., 1.]), lineColorSpace='rgb', lineRGB=array([1., 1., 1.]), lineWidth=1, name='practice_poly', opacity=0.0, ori=array(0.), pos=array([  0., 100.]), size=array([1., 1.]), units='pix', vertices=ndarray(...), win=Window(...))
10.3586 	EXP 	Created practice_context = ImageStim(__class__=<class 'psychopy.visual.image.ImageStim'>, autoLog=True, color=array([1., 1., 1.]), colorSpace='rgb', contrast=1.0, depth=-1.0, flipHoriz=False, flipVert=False, image='sin', interpolate=True, mask=None, maskParams=None, name='practice_context', opacity=1.0, ori=0.0, pos=array([  0., 100.]), size=array([1., 1.]), texRes=128, units='pix', win=Window(...))
10.3605 	EXP 	Created practice_target = ImageStim(__class__=<class 'psychopy.visual.image.ImageStim'>, autoLog=True, color=array([1., 1., 1.]), colorSpace='rgb', contrast=1.0, depth=-4.0, flipHoriz=False, flipVert=False, image='sin', interpolate=True, mask=None, maskParams=None, name='practice_target', opacity=1.0, ori=0.0, pos=array([   0., -250.]), size=array([108., 108.]), texRes=128, units='pix', win=Window(...))
10.3624 	EXP 	Created testImg_3 = ImageStim(__class__=<class 'psychopy.visual.image.ImageStim'>, autoLog=True, color=array([1., 1., 1.]), colorSpace='rgb', contrast=1.0, depth=0.0, flipHoriz=False, flipVert=False, image='sin', interpolate=True, mask=None, maskParams=None, name='testImg_3', opacity=1.0, ori=0.0, pos=array([  0., 100.]), size=array([1., 1.]), texRes=128, units='pix', win=Window(...))
10.3935 	EXP 	Created text_feedback = TextStim(__class__=<class 'psychopy.visual.text.TextStim'>, alignHoriz='center', alignVert='center', antialias=True, autoLog=True, bold=False, color='white', colorSpace='named', contrast=1.0, depth=-2.0, flipHoriz=False, flipVert=False, font='Arial', fontFiles=[], height=20, italic=False, languageStyle='LTR', name='text_feedback', opacity=1.0, ori=0, pos=array([   0., -250.]), rgb=array([255., 255., 255.]), text=str(...), units='pix', win=Window(...), wrapWidth=500)
10.4061 	EXP 	Created text_feedback_continue = TextStim(__class__=<class 'psychopy.visual.text.TextStim'>, alignHoriz='center', alignVert='center', antialias=True, autoLog=True, bold=False, color='white', colorSpace='named', contrast=1.0, depth=-3.0, flipHoriz=False, flipVert=False, font='Arial', fontFiles=[], height=15, italic=False, languageStyle='LTR', name='text_feedback_continue', opacity=1.0, ori=0, pos=array([   0., -350.]), rgb=array([255., 255., 255.]), text=str(...), units='pix', win=Window(...), wrapWidth=500)
10.4072 	EXP 	Created blank500_txt = TextStim(__class__=<class 'psychopy.visual.text.TextStim'>, alignHoriz='center', alignVert='center', antialias=True, autoLog=True, bold=False, color='white', colorSpace='named', contrast=1.0, depth=0.0, flipHoriz=False, flipVert=False, font='Arial', fontFiles=[], height=0.1, italic=False, languageStyle='LTR', name='blank500_txt', opacity=1.0, ori=0, pos=array([0., 0.]), rgb=array([255., 255., 255.]), text='', units='pix', win=Window(...), wrapWidth=500)
10.4284 	EXP 	Created blank3000_next_txt = TextStim(__class__=<class 'psychopy.visual.text.TextStim'>, alignHoriz='center', alignVert='center', antialias=True, autoLog=True, bold=False, color='white', colorSpace='named', contrast=1.0, depth=0.0, flipHoriz=False, flipVert=False, font='Arial', fontFiles=[], height=40, italic=False, languageStyle='LTR', name='blank3000_next_txt', opacity=1.0, ori=0, pos=array([0., 0.]), rgb=array([255., 255., 255.]), text='Snart kommer bilden...', units='pix', win=Window(...), wrapWidth=500)
10.4334 	EXP 	Created text_count_3 = TextStim(__class__=<class 'psychopy.visual.text.TextStim'>, alignHoriz='center', alignVert='center', antialias=True, autoLog=True, bold=False, color='white', colorSpace='named', contrast=1.0, depth=0.0, flipHoriz=False, flipVert=False, font='Arial', fontFiles=[], height=100, italic=False, languageStyle='LTR', name='text_count_3', opacity=1.0, ori=0, pos=array([0., 0.]), rgb=array([255., 255., 255.]), text='3', units='pix', win=Window(...), wrapWidth=500)
10.4378 	EXP 	Created text_count_2 = TextStim(__class__=<class 'psychopy.visual.text.TextStim'>, alignHoriz='center', alignVert='center', antialias=True, autoLog=True, bold=False, color='white', colorSpace='named', contrast=1.0, depth=0.0, flipHoriz=False, flipVert=False, font='Arial', fontFiles=[], height=100, italic=False, languageStyle='LTR', name='text_count_2', opacity=1.0, ori=0, pos=array([0., 0.]), rgb=array([255., 255., 255.]), text='2', units='pix', win=Window(...), wrapWidth=500)
10.4420 	EXP 	Created text_count_1 = TextStim(__class__=<class 'psychopy.visual.text.TextStim'>, alignHoriz='center', alignVert='center', antialias=True, autoLog=True, bold=False, color='white', colorSpace='named', contrast=1.0, depth=0.0, flipHoriz=False, flipVert=False, font='Arial', fontFiles=[], height=100, italic=False, languageStyle='LTR', name='text_count_1', opacity=1.0, ori=0, pos=array([0., 0.]), rgb=array([255., 255., 255.]), text='1', units='pix', win=Window(...), wrapWidth=500)
10.4436 	EXP 	Created testPoly = Rect(__class__=<class 'psychopy.visual.rect.Rect'>, autoDraw=False, autoLog=True, closeShape=True, color=method-wrapper(...), colorSpace=None, contrast=1.0, depth=0.0, fillColor=array([ 1., -1., -1.]), fillColorSpace='rgb', fillRGB=array([ 1., -1., -1.]), interpolate=True, lineColor=array([1., 1., 1.]), lineColorSpace='rgb', lineRGB=array([1., 1., 1.]), lineWidth=1, name='testPoly', opacity=0.0, ori=array(0.), pos=array([  0., 100.]), size=array([1., 1.]), units='pix', vertices=ndarray(...), win=Window(...))
10.4457 	EXP 	Created testImg = ImageStim(__class__=<class 'psychopy.visual.image.ImageStim'>, autoLog=True, color=array([1., 1., 1.]), colorSpace='rgb', contrast=1.0, depth=-1.0, flipHoriz=False, flipVert=False, image='sin', interpolate=True, mask=None, maskParams=None, name='testImg', opacity=1.0, ori=0.0, pos=array([  0., 100.]), size=array([1., 1.]), texRes=128, units='pix', win=Window(...))
10.4478 	EXP 	Created image = ImageStim(__class__=<class 'psychopy.visual.image.ImageStim'>, autoLog=True, color=array([1., 1., 1.]), colorSpace='rgb', contrast=1.0, depth=-4.0, flipHoriz=False, flipVert=False, image='sin', interpolate=True, mask=None, maskParams=None, name='image', opacity=1.0, ori=0.0, pos=array([   0., -250.]), size=array([108., 108.]), texRes=128, units='pix', win=Window(...))
10.4487 	EXP 	Created blank500_txt = TextStim(__class__=<class 'psychopy.visual.text.TextStim'>, alignHoriz='center', alignVert='center', antialias=True, autoLog=True, bold=False, color='white', colorSpace='named', contrast=1.0, depth=0.0, flipHoriz=False, flipVert=False, font='Arial', fontFiles=[], height=0.1, italic=False, languageStyle='LTR', name='blank500_txt', opacity=1.0, ori=0, pos=array([0., 0.]), rgb=array([255., 255., 255.]), text='', units='pix', win=Window(...), wrapWidth=500)
10.4679 	EXP 	Created text_2 = TextStim(__class__=<class 'psychopy.visual.text.TextStim'>, alignHoriz='center', alignVert='center', antialias=True, autoLog=True, bold=False, color='white', colorSpace='named', contrast=1.0, depth=0.0, flipHoriz=False, flipVert=False, font='Arial', fontFiles=[], height=25, italic=False, languageStyle='LTR', name='text_2', opacity=1.0, ori=0, pos=array([0., 0.]), rgb=array([255., 255., 255.]), text=str(...), units='pix', win=Window(...), wrapWidth=500)
10.5047 	EXP 	txt_welcome: autoDraw = True
10.5047 	EXP 	text_welcome_clickme: autoDraw = True
14.5149 	DATA 	Mouse: Left button down, pos=(619,54)
14.5988 	DATA 	Mouse:  Left button up, pos=(619,53)
15.2656 	DATA 	Mouse: Left button down, pos=(625,53)
15.3325 	DATA 	Mouse:  Left button up, pos=(625,53)
16.2001 	DATA 	Mouse: Left button down, pos=(625,53)
16.2160 	DATA 	Mouse:  Left button up, pos=(625,53)
17.1004 	DATA 	Mouse: Left button down, pos=(646,49)
17.1668 	DATA 	Mouse:  Left button up, pos=(646,49)
18.4168 	DATA 	Mouse: Left button down, pos=(646,49)
18.4335 	DATA 	Mouse:  Left button up, pos=(646,49)
19.3334 	DATA 	Mouse: Left button down, pos=(624,47)
19.3494 	EXP 	txt_welcome: autoDraw = False
19.3494 	EXP 	text_welcome_clickme: autoDraw = False
19.3494 	EXP 	text_pre_practice_a: autoDraw = True
19.4012 	DATA 	Mouse:  Left button up, pos=(624,47)
21.1848 	DATA 	Mouse: Left button down, pos=(605,355)
21.4047 	DATA 	Mouse:  Left button up, pos=(605,355)
21.4355 	EXP 	text_pre_practice_a: autoDraw = False
21.4355 	EXP 	practice_context: size = array([431., 290.])
21.4355 	EXP 	practice_context: image = 'imgs/contexts/cont_A.jpg'
21.4355 	EXP 	practice_target: image = 'imgs/targets/targ_A.jpg'
21.4355 	EXP 	practice_poly: autoDraw = True
21.4355 	EXP 	practice_context: autoDraw = True
21.4355 	EXP 	practice_target: autoDraw = True
23.1025 	DATA 	Mouse: Left button down, pos=(757,474)
23.1079 	EXP 	Created unnamed ShapeStim = ShapeStim(__class__=<class 'psychopy.visual.shape.ShapeStim'>, autoDraw=False, autoLog=True, closeShape=True, contrast=1.0, depth=-2, fillColor=array([-0.8, -0.8,  1. ]), fillColorSpace='rgb', interpolate=True, lineColor=array([-0.8, -0.8,  1. ]), lineColorSpace='rgb', lineWidth=1.5, name='unnamed ShapeStim', opacity=1.0, ori=array(0.), pos=array([116.,  74.]), size=array([5., 5.]), units='pix', vertices=ndarray(...), win=Window(...), windingRule=None)
23.1227 	EXP 	unnamed ShapeStim: autoDraw = True
23.1256 	EXP 	Created unnamed ShapeStim = ShapeStim(__class__=<class 'psychopy.visual.shape.ShapeStim'>, autoDraw=False, autoLog=True, closeShape=True, contrast=1.0, depth=-2, fillColor=array([-0.8, -0.8,  1. ]), fillColorSpace='rgb', interpolate=True, lineColor=array([-0.8, -0.8,  1. ]), lineColorSpace='rgb', lineWidth=1.5, name='unnamed ShapeStim', opacity=1.0, ori=array(0.), pos=array([116.,  74.]), size=array([5., 5.]), units='pix', vertices=ndarray(...), win=Window(...), windingRule=None)
23.1410 	EXP 	unnamed ShapeStim: autoDraw = True
23.1450 	EXP 	Created unnamed ShapeStim = ShapeStim(__class__=<class 'psychopy.visual.shape.ShapeStim'>, autoDraw=False, autoLog=True, closeShape=True, contrast=1.0, depth=-2, fillColor=array([-0.8, -0.8,  1. ]), fillColorSpace='rgb', interpolate=True, lineColor=array([-0.8, -0.8,  1. ]), lineColorSpace='rgb', lineWidth=1.5, name='unnamed ShapeStim', opacity=1.0, ori=array(0.), pos=array([116.,  74.]), size=array([5., 5.]), units='pix', vertices=ndarray(...), win=Window(...), windingRule=None)
23.1683 	EXP 	unnamed ShapeStim: autoDraw = True
23.1718 	EXP 	Created unnamed ShapeStim = ShapeStim(__class__=<class 'psychopy.visual.shape.ShapeStim'>, autoDraw=False, autoLog=True, closeShape=True, contrast=1.0, depth=-2, fillColor=array([-0.8, -0.8,  1. ]), fillColorSpace='rgb', interpolate=True, lineColor=array([-0.8, -0.8,  1. ]), lineColorSpace='rgb', lineWidth=1.5, name='unnamed ShapeStim', opacity=1.0, ori=array(0.), pos=array([116.,  74.]), size=array([5., 5.]), units='pix', vertices=ndarray(...), win=Window(...), windingRule=None)
23.1878 	EXP 	unnamed ShapeStim: autoDraw = True
23.1887 	DATA 	Mouse:  Left button up, pos=(756,474)
41.3135 	EXP 	practice_poly: autoDraw = False
41.3135 	EXP 	practice_context: autoDraw = False
41.3135 	EXP 	practice_target: autoDraw = False
41.3135 	EXP 	practice_poly: autoDraw = False
41.3135 	EXP 	practice_context: autoDraw = False
41.3135 	EXP 	practice_target: autoDraw = False
41.3135 	EXP 	unnamed ShapeStim: autoDraw = False
41.3135 	EXP 	unnamed ShapeStim: autoDraw = False
41.3135 	EXP 	unnamed ShapeStim: autoDraw = False
41.3135 	EXP 	unnamed ShapeStim: autoDraw = False
41.3135 	EXP 	testImg_3: size = array([431., 290.])
41.3135 	EXP 	testImg_3: image = 'imgs/instruction/instr_A.jpg'
41.3135 	EXP 	testImg_3: autoDraw = True
41.3135 	EXP 	text_feedback: autoDraw = True
41.3135 	EXP 	text_feedback_continue: autoDraw = True
43.7123 	DATA 	Mouse: Left button down, pos=(634,43)
43.7272 	EXP 	testImg_3: autoDraw = False
43.7272 	EXP 	text_feedback: autoDraw = False
43.7272 	EXP 	text_feedback_continue: autoDraw = False
43.7272 	EXP 	blank500_txt: autoDraw = True
43.7958 	DATA 	Mouse:  Left button up, pos=(634,43)
44.2210 	EXP 	Imported MOCKfindObjectsSheet.csv as conditions, 5 conditions, 3 params
44.2213 	EXP 	Created sequence: sequential, trialTypes=5, nReps=1, seed=None
44.2217 	EXP 	New trial (rep=0, index=0): OrderedDict([('targ_path', 'imgs/targets/targ_B.jpg'), ('cont_path', 'imgs/contexts/cont_B.jpg'), ('img_w_h', [826, 290])])
44.2453 	EXP 	blank500_txt: autoDraw = False
44.2453 	EXP 	blank500_txt: autoDraw = False
44.2453 	EXP 	blank3000_next_txt: autoDraw = True
46.2286 	EXP 	blank3000_next_txt: autoDraw = False
46.2286 	EXP 	blank3000_next_txt: autoDraw = False
46.2286 	EXP 	text_count_3: autoDraw = True
47.2296 	EXP 	text_count_3: autoDraw = False
47.2296 	EXP 	text_count_3: autoDraw = False
47.2296 	EXP 	text_count_2: autoDraw = True
48.2302 	EXP 	text_count_2: autoDraw = False
48.2302 	EXP 	text_count_1: autoDraw = True
49.3588 	EXP 	text_count_1: autoDraw = False
49.3588 	EXP 	testPoly: size = array([826., 290.])
49.3588 	EXP 	testImg: size = array([826., 290.])
49.3588 	EXP 	testImg: image = 'imgs/contexts/cont_B.jpg'
49.3588 	EXP 	image: image = 'imgs/targets/targ_B.jpg'
49.3588 	EXP 	testPoly: autoDraw = True
49.3588 	EXP 	testImg: autoDraw = True
49.3588 	EXP 	image: autoDraw = True
51.5178 	DATA 	Mouse: Left button down, pos=(865,472)
51.5218 	EXP 	Created unnamed ShapeStim = ShapeStim(__class__=<class 'psychopy.visual.shape.ShapeStim'>, autoDraw=False, autoLog=True, closeShape=True, contrast=1.0, depth=-2, fillColor=array([-0.8, -0.8,  1. ]), fillColorSpace='rgb', interpolate=True, lineColor=array([-0.8, -0.8,  1. ]), lineColorSpace='rgb', lineWidth=1.5, name='unnamed ShapeStim', opacity=1.0, ori=array(0.), pos=array([225.,  72.]), size=array([5., 5.]), units='pix', vertices=ndarray(...), win=Window(...), windingRule=None)
51.5392 	EXP 	unnamed ShapeStim: autoDraw = True
51.5421 	EXP 	Created unnamed ShapeStim = ShapeStim(__class__=<class 'psychopy.visual.shape.ShapeStim'>, autoDraw=False, autoLog=True, closeShape=True, contrast=1.0, depth=-2, fillColor=array([-0.8, -0.8,  1. ]), fillColorSpace='rgb', interpolate=True, lineColor=array([-0.8, -0.8,  1. ]), lineColorSpace='rgb', lineWidth=1.5, name='unnamed ShapeStim', opacity=1.0, ori=array(0.), pos=array([225.,  72.]), size=array([5., 5.]), units='pix', vertices=ndarray(...), win=Window(...), windingRule=None)
51.5644 	EXP 	unnamed ShapeStim: autoDraw = True
51.5675 	EXP 	Created unnamed ShapeStim = ShapeStim(__class__=<class 'psychopy.visual.shape.ShapeStim'>, autoDraw=False, autoLog=True, closeShape=True, contrast=1.0, depth=-2, fillColor=array([-0.8, -0.8,  1. ]), fillColorSpace='rgb', interpolate=True, lineColor=array([-0.8, -0.8,  1. ]), lineColorSpace='rgb', lineWidth=1.5, name='unnamed ShapeStim', opacity=1.0, ori=array(0.), pos=array([225.,  72.]), size=array([5., 5.]), units='pix', vertices=ndarray(...), win=Window(...), windingRule=None)
51.5861 	EXP 	unnamed ShapeStim: autoDraw = True
51.5890 	EXP 	Created unnamed ShapeStim = ShapeStim(__class__=<class 'psychopy.visual.shape.ShapeStim'>, autoDraw=False, autoLog=True, closeShape=True, contrast=1.0, depth=-2, fillColor=array([-0.8, -0.8,  1. ]), fillColorSpace='rgb', interpolate=True, lineColor=array([-0.8, -0.8,  1. ]), lineColorSpace='rgb', lineWidth=1.5, name='unnamed ShapeStim', opacity=1.0, ori=array(0.), pos=array([225.,  72.]), size=array([5., 5.]), units='pix', vertices=ndarray(...), win=Window(...), windingRule=None)
51.6148 	EXP 	unnamed ShapeStim: autoDraw = True
51.6159 	DATA 	Mouse:  Left button up, pos=(865,472)
104.5843 	DATA 	Mouse: Left button down, pos=(643,524)
104.6104 	EXP 	Created unnamed ShapeStim = ShapeStim(__class__=<class 'psychopy.visual.shape.ShapeStim'>, autoDraw=False, autoLog=True, closeShape=True, contrast=1.0, depth=-2, fillColor=array([-0.8, -0.8,  1. ]), fillColorSpace='rgb', interpolate=True, lineColor=array([-0.8, -0.8,  1. ]), lineColorSpace='rgb', lineWidth=1.5, name='unnamed ShapeStim', opacity=1.0, ori=array(0.), pos=array([  4., 123.]), size=array([5., 5.]), units='pix', vertices=ndarray(...), win=Window(...), windingRule=None)
104.6276 	EXP 	unnamed ShapeStim: autoDraw = True
104.6315 	EXP 	Created unnamed ShapeStim = ShapeStim(__class__=<class 'psychopy.visual.shape.ShapeStim'>, autoDraw=False, autoLog=True, closeShape=True, contrast=1.0, depth=-2, fillColor=array([-0.8, -0.8,  1. ]), fillColorSpace='rgb', interpolate=True, lineColor=array([-0.8, -0.8,  1. ]), lineColorSpace='rgb', lineWidth=1.5, name='unnamed ShapeStim', opacity=1.0, ori=array(0.), pos=array([  4., 123.]), size=array([5., 5.]), units='pix', vertices=ndarray(...), win=Window(...), windingRule=None)
104.6564 	EXP 	unnamed ShapeStim: autoDraw = True
104.6576 	DATA 	Mouse:  Left button up, pos=(644,523)
105.0309 	DATA 	Mouse: Left button down, pos=(822,607)
105.0342 	EXP 	Created unnamed ShapeStim = ShapeStim(__class__=<class 'psychopy.visual.shape.ShapeStim'>, autoDraw=False, autoLog=True, closeShape=True, contrast=1.0, depth=-2, fillColor=array([-0.8, -0.8,  1. ]), fillColorSpace='rgb', interpolate=True, lineColor=array([-0.8, -0.8,  1. ]), lineColorSpace='rgb', lineWidth=1.5, name='unnamed ShapeStim', opacity=1.0, ori=array(0.), pos=array([183., 207.]), size=array([5., 5.]), units='pix', vertices=ndarray(...), win=Window(...), windingRule=None)
105.0574 	EXP 	unnamed ShapeStim: autoDraw = True
105.0610 	EXP 	Created unnamed ShapeStim = ShapeStim(__class__=<class 'psychopy.visual.shape.ShapeStim'>, autoDraw=False, autoLog=True, closeShape=True, contrast=1.0, depth=-2, fillColor=array([-0.8, -0.8,  1. ]), fillColorSpace='rgb', interpolate=True, lineColor=array([-0.8, -0.8,  1. ]), lineColorSpace='rgb', lineWidth=1.5, name='unnamed ShapeStim', opacity=1.0, ori=array(0.), pos=array([183., 207.]), size=array([5., 5.]), units='pix', vertices=ndarray(...), win=Window(...), windingRule=None)
105.0791 	EXP 	unnamed ShapeStim: autoDraw = True
105.0830 	EXP 	Created unnamed ShapeStim = ShapeStim(__class__=<class 'psychopy.visual.shape.ShapeStim'>, autoDraw=False, autoLog=True, closeShape=True, contrast=1.0, depth=-2, fillColor=array([-0.8, -0.8,  1. ]), fillColorSpace='rgb', interpolate=True, lineColor=array([-0.8, -0.8,  1. ]), lineColorSpace='rgb', lineWidth=1.5, name='unnamed ShapeStim', opacity=1.0, ori=array(0.), pos=array([183., 207.]), size=array([5., 5.]), units='pix', vertices=ndarray(...), win=Window(...), windingRule=None)
105.1073 	EXP 	unnamed ShapeStim: autoDraw = True
105.1087 	DATA 	Mouse:  Left button up, pos=(823,607)
105.5351 	DATA 	Mouse: Left button down, pos=(908,520)
105.5606 	EXP 	Created unnamed ShapeStim = ShapeStim(__class__=<class 'psychopy.visual.shape.ShapeStim'>, autoDraw=False, autoLog=True, closeShape=True, contrast=1.0, depth=-2, fillColor=array([-0.8, -0.8,  1. ]), fillColorSpace='rgb', interpolate=True, lineColor=array([-0.8, -0.8,  1. ]), lineColorSpace='rgb', lineWidth=1.5, name='unnamed ShapeStim', opacity=1.0, ori=array(0.), pos=array([268., 120.]), size=array([5., 5.]), units='pix', vertices=ndarray(...), win=Window(...), windingRule=None)
105.5787 	EXP 	unnamed ShapeStim: autoDraw = True
105.5829 	EXP 	Created unnamed ShapeStim = ShapeStim(__class__=<class 'psychopy.visual.shape.ShapeStim'>, autoDraw=False, autoLog=True, closeShape=True, contrast=1.0, depth=-2, fillColor=array([-0.8, -0.8,  1. ]), fillColorSpace='rgb', interpolate=True, lineColor=array([-0.8, -0.8,  1. ]), lineColorSpace='rgb', lineWidth=1.5, name='unnamed ShapeStim', opacity=1.0, ori=array(0.), pos=array([268., 120.]), size=array([5., 5.]), units='pix', vertices=ndarray(...), win=Window(...), windingRule=None)
105.6080 	EXP 	unnamed ShapeStim: autoDraw = True
105.6108 	EXP 	Created unnamed ShapeStim = ShapeStim(__class__=<class 'psychopy.visual.shape.ShapeStim'>, autoDraw=False, autoLog=True, closeShape=True, contrast=1.0, depth=-2, fillColor=array([-0.8, -0.8,  1. ]), fillColorSpace='rgb', interpolate=True, lineColor=array([-0.8, -0.8,  1. ]), lineColorSpace='rgb', lineWidth=1.5, name='unnamed ShapeStim', opacity=1.0, ori=array(0.), pos=array([268., 120.]), size=array([5., 5.]), units='pix', vertices=ndarray(...), win=Window(...), windingRule=None)
105.6298 	EXP 	unnamed ShapeStim: autoDraw = True
105.6306 	DATA 	Mouse:  Left button up, pos=(908,520)
106.1267 	DATA 	Mouse: Left button down, pos=(1059,581)
106.2420 	DATA 	Mouse:  Left button up, pos=(1059,581)
106.8798 	DATA 	Mouse: Left button down, pos=(962,565)
106.8833 	EXP 	Created unnamed ShapeStim = ShapeStim(__class__=<class 'psychopy.visual.shape.ShapeStim'>, autoDraw=False, autoLog=True, closeShape=True, contrast=1.0, depth=-2, fillColor=array([-0.8, -0.8,  1. ]), fillColorSpace='rgb', interpolate=True, lineColor=array([-0.8, -0.8,  1. ]), lineColorSpace='rgb', lineWidth=1.5, name='unnamed ShapeStim', opacity=1.0, ori=array(0.), pos=array([322., 165.]), size=array([5., 5.]), units='pix', vertices=ndarray(...), win=Window(...), windingRule=None)
106.9079 	EXP 	unnamed ShapeStim: autoDraw = True
106.9122 	EXP 	Created unnamed ShapeStim = ShapeStim(__class__=<class 'psychopy.visual.shape.ShapeStim'>, autoDraw=False, autoLog=True, closeShape=True, contrast=1.0, depth=-2, fillColor=array([-0.8, -0.8,  1. ]), fillColorSpace='rgb', interpolate=True, lineColor=array([-0.8, -0.8,  1. ]), lineColorSpace='rgb', lineWidth=1.5, name='unnamed ShapeStim', opacity=1.0, ori=array(0.), pos=array([322., 165.]), size=array([5., 5.]), units='pix', vertices=ndarray(...), win=Window(...), windingRule=None)
106.9310 	EXP 	unnamed ShapeStim: autoDraw = True
106.9348 	EXP 	Created unnamed ShapeStim = ShapeStim(__class__=<class 'psychopy.visual.shape.ShapeStim'>, autoDraw=False, autoLog=True, closeShape=True, contrast=1.0, depth=-2, fillColor=array([-0.8, -0.8,  1. ]), fillColorSpace='rgb', interpolate=True, lineColor=array([-0.8, -0.8,  1. ]), lineColorSpace='rgb', lineWidth=1.5, name='unnamed ShapeStim', opacity=1.0, ori=array(0.), pos=array([322., 165.]), size=array([5., 5.]), units='pix', vertices=ndarray(...), win=Window(...), windingRule=None)
106.9571 	EXP 	unnamed ShapeStim: autoDraw = True
106.9617 	EXP 	Created unnamed ShapeStim = ShapeStim(__class__=<class 'psychopy.visual.shape.ShapeStim'>, autoDraw=False, autoLog=True, closeShape=True, contrast=1.0, depth=-2, fillColor=array([-0.8, -0.8,  1. ]), fillColorSpace='rgb', interpolate=True, lineColor=array([-0.8, -0.8,  1. ]), lineColorSpace='rgb', lineWidth=1.5, name='unnamed ShapeStim', opacity=1.0, ori=array(0.), pos=array([322., 165.]), size=array([5., 5.]), units='pix', vertices=ndarray(...), win=Window(...), windingRule=None)
106.9652 	DATA 	Mouse:  Left button up, pos=(962,565)
106.9817 	EXP 	unnamed ShapeStim: autoDraw = True
107.4841 	DATA 	Mouse: Left button down, pos=(960,424)
107.4882 	EXP 	Created unnamed ShapeStim = ShapeStim(__class__=<class 'psychopy.visual.shape.ShapeStim'>, autoDraw=False, autoLog=True, closeShape=True, contrast=1.0, depth=-2, fillColor=array([-0.8, -0.8,  1. ]), fillColorSpace='rgb', interpolate=True, lineColor=array([-0.8, -0.8,  1. ]), lineColorSpace='rgb', lineWidth=1.5, name='unnamed ShapeStim', opacity=1.0, ori=array(0.), pos=array([320.,  23.]), size=array([5., 5.]), units='pix', vertices=ndarray(...), win=Window(...), windingRule=None)
107.5078 	EXP 	unnamed ShapeStim: autoDraw = True
107.5116 	EXP 	Created unnamed ShapeStim = ShapeStim(__class__=<class 'psychopy.visual.shape.ShapeStim'>, autoDraw=False, autoLog=True, closeShape=True, contrast=1.0, depth=-2, fillColor=array([-0.8, -0.8,  1. ]), fillColorSpace='rgb', interpolate=True, lineColor=array([-0.8, -0.8,  1. ]), lineColorSpace='rgb', lineWidth=1.5, name='unnamed ShapeStim', opacity=1.0, ori=array(0.), pos=array([320.,  23.]), size=array([5., 5.]), units='pix', vertices=ndarray(...), win=Window(...), windingRule=None)
107.5306 	EXP 	unnamed ShapeStim: autoDraw = True
107.5352 	EXP 	Created unnamed ShapeStim = ShapeStim(__class__=<class 'psychopy.visual.shape.ShapeStim'>, autoDraw=False, autoLog=True, closeShape=True, contrast=1.0, depth=-2, fillColor=array([-0.8, -0.8,  1. ]), fillColorSpace='rgb', interpolate=True, lineColor=array([-0.8, -0.8,  1. ]), lineColorSpace='rgb', lineWidth=1.5, name='unnamed ShapeStim', opacity=1.0, ori=array(0.), pos=array([320.,  23.]), size=array([5., 5.]), units='pix', vertices=ndarray(...), win=Window(...), windingRule=None)
107.5583 	EXP 	unnamed ShapeStim: autoDraw = True
107.5591 	DATA 	Mouse:  Left button up, pos=(960,423)
108.2806 	DATA 	Mouse: Left button down, pos=(1038,358)
108.3040 	EXP 	Created unnamed ShapeStim = ShapeStim(__class__=<class 'psychopy.visual.shape.ShapeStim'>, autoDraw=False, autoLog=True, closeShape=True, contrast=1.0, depth=-2, fillColor=array([-0.8, -0.8,  1. ]), fillColorSpace='rgb', interpolate=True, lineColor=array([-0.8, -0.8,  1. ]), lineColorSpace='rgb', lineWidth=1.5, name='unnamed ShapeStim', opacity=1.0, ori=array(0.), pos=array([398., -42.]), size=array([5., 5.]), units='pix', vertices=ndarray(...), win=Window(...), windingRule=None)
108.3249 	EXP 	unnamed ShapeStim: autoDraw = True
108.3281 	EXP 	Created unnamed ShapeStim = ShapeStim(__class__=<class 'psychopy.visual.shape.ShapeStim'>, autoDraw=False, autoLog=True, closeShape=True, contrast=1.0, depth=-2, fillColor=array([-0.8, -0.8,  1. ]), fillColorSpace='rgb', interpolate=True, lineColor=array([-0.8, -0.8,  1. ]), lineColorSpace='rgb', lineWidth=1.5, name='unnamed ShapeStim', opacity=1.0, ori=array(0.), pos=array([398., -42.]), size=array([5., 5.]), units='pix', vertices=ndarray(...), win=Window(...), windingRule=None)
108.3477 	EXP 	unnamed ShapeStim: autoDraw = True
108.3507 	EXP 	Created unnamed ShapeStim = ShapeStim(__class__=<class 'psychopy.visual.shape.ShapeStim'>, autoDraw=False, autoLog=True, closeShape=True, contrast=1.0, depth=-2, fillColor=array([-0.8, -0.8,  1. ]), fillColorSpace='rgb', interpolate=True, lineColor=array([-0.8, -0.8,  1. ]), lineColorSpace='rgb', lineWidth=1.5, name='unnamed ShapeStim', opacity=1.0, ori=array(0.), pos=array([398., -42.]), size=array([5., 5.]), units='pix', vertices=ndarray(...), win=Window(...), windingRule=None)
108.3751 	EXP 	unnamed ShapeStim: autoDraw = True
108.3759 	DATA 	Mouse:  Left button up, pos=(1038,358)
109.2426 	EXP 	testPoly: autoDraw = False
109.2426 	EXP 	testImg: autoDraw = False
109.2426 	EXP 	image: autoDraw = False
109.2426 	EXP 	unnamed ShapeStim: autoDraw = False
109.2426 	EXP 	unnamed ShapeStim: autoDraw = False
109.2426 	EXP 	unnamed ShapeStim: autoDraw = False
109.2426 	EXP 	unnamed ShapeStim: autoDraw = False
109.2426 	EXP 	unnamed ShapeStim: autoDraw = False
109.2426 	EXP 	unnamed ShapeStim: autoDraw = False
109.2426 	EXP 	unnamed ShapeStim: autoDraw = False
109.2426 	EXP 	unnamed ShapeStim: autoDraw = False
109.2426 	EXP 	unnamed ShapeStim: autoDraw = False
109.2426 	EXP 	unnamed ShapeStim: autoDraw = False
109.2426 	EXP 	unnamed ShapeStim: autoDraw = False
109.2426 	EXP 	unnamed ShapeStim: autoDraw = False
109.2426 	EXP 	unnamed ShapeStim: autoDraw = False
109.2426 	EXP 	unnamed ShapeStim: autoDraw = False
109.2426 	EXP 	unnamed ShapeStim: autoDraw = False
109.2426 	EXP 	unnamed ShapeStim: autoDraw = False
109.2426 	EXP 	unnamed ShapeStim: autoDraw = False
109.2426 	EXP 	unnamed ShapeStim: autoDraw = False
109.2426 	EXP 	unnamed ShapeStim: autoDraw = False
109.2426 	EXP 	unnamed ShapeStim: autoDraw = False
109.2426 	EXP 	unnamed ShapeStim: autoDraw = False
109.2426 	EXP 	unnamed ShapeStim: autoDraw = False
109.2426 	EXP 	blank500_txt: autoDraw = True
109.7275 	EXP 	New trial (rep=0, index=1): OrderedDict([('targ_path', 'imgs/targets/targ_1.jpg'), ('cont_path', 'imgs/contexts/cont_1.jpg'), ('img_w_h', [1280, 290])])
109.7429 	EXP 	blank500_txt: autoDraw = False
109.7429 	EXP 	blank3000_next_txt: autoDraw = True
111.7439 	EXP 	blank3000_next_txt: autoDraw = False
111.7439 	EXP 	text_count_3: autoDraw = True
112.7444 	EXP 	text_count_3: autoDraw = False
112.7444 	EXP 	text_count_2: autoDraw = True
113.7452 	EXP 	text_count_2: autoDraw = False
113.7452 	EXP 	text_count_1: autoDraw = True
114.9176 	EXP 	text_count_1: autoDraw = False
114.9176 	EXP 	testPoly: size = array([1280.,  290.])
114.9176 	EXP 	testImg: size = array([1280.,  290.])
114.9176 	EXP 	testImg: image = 'imgs/contexts/cont_1.jpg'
114.9176 	EXP 	image: image = 'imgs/targets/targ_1.jpg'
114.9176 	EXP 	testPoly: autoDraw = True
114.9176 	EXP 	testImg: autoDraw = True
114.9176 	EXP 	image: autoDraw = True
117.6896 	DATA 	Mouse: Left button down, pos=(561,567)
117.7189 	EXP 	Created unnamed ShapeStim = ShapeStim(__class__=<class 'psychopy.visual.shape.ShapeStim'>, autoDraw=False, autoLog=True, closeShape=True, contrast=1.0, depth=-2, fillColor=array([-0.8, -0.8,  1. ]), fillColorSpace='rgb', interpolate=True, lineColor=array([-0.8, -0.8,  1. ]), lineColorSpace='rgb', lineWidth=1.5, name='unnamed ShapeStim', opacity=1.0, ori=array(0.), pos=array([-79., 167.]), size=array([5., 5.]), units='pix', vertices=ndarray(...), win=Window(...), windingRule=None)
117.7380 	EXP 	unnamed ShapeStim: autoDraw = True
117.7416 	EXP 	Created unnamed ShapeStim = ShapeStim(__class__=<class 'psychopy.visual.shape.ShapeStim'>, autoDraw=False, autoLog=True, closeShape=True, contrast=1.0, depth=-2, fillColor=array([-0.8, -0.8,  1. ]), fillColorSpace='rgb', interpolate=True, lineColor=array([-0.8, -0.8,  1. ]), lineColorSpace='rgb', lineWidth=1.5, name='unnamed ShapeStim', opacity=1.0, ori=array(0.), pos=array([-79., 167.]), size=array([5., 5.]), units='pix', vertices=ndarray(...), win=Window(...), windingRule=None)
117.7632 	EXP 	unnamed ShapeStim: autoDraw = True
117.7664 	EXP 	Created unnamed ShapeStim = ShapeStim(__class__=<class 'psychopy.visual.shape.ShapeStim'>, autoDraw=False, autoLog=True, closeShape=True, contrast=1.0, depth=-2, fillColor=array([-0.8, -0.8,  1. ]), fillColorSpace='rgb', interpolate=True, lineColor=array([-0.8, -0.8,  1. ]), lineColorSpace='rgb', lineWidth=1.5, name='unnamed ShapeStim', opacity=1.0, ori=array(0.), pos=array([-79., 167.]), size=array([5., 5.]), units='pix', vertices=ndarray(...), win=Window(...), windingRule=None)
117.7859 	EXP 	unnamed ShapeStim: autoDraw = True
117.7867 	DATA 	Mouse:  Left button up, pos=(561,567)
118.9184 	DATA 	Mouse: Left button down, pos=(364,471)
118.9219 	EXP 	Created unnamed ShapeStim = ShapeStim(__class__=<class 'psychopy.visual.shape.ShapeStim'>, autoDraw=False, autoLog=True, closeShape=True, contrast=1.0, depth=-2, fillColor=array([-0.8, -0.8,  1. ]), fillColorSpace='rgb', interpolate=True, lineColor=array([-0.8, -0.8,  1. ]), lineColorSpace='rgb', lineWidth=1.5, name='unnamed ShapeStim', opacity=1.0, ori=array(0.), pos=array([-276.,   71.]), size=array([5., 5.]), units='pix', vertices=ndarray(...), win=Window(...), windingRule=None)
118.9414 	EXP 	unnamed ShapeStim: autoDraw = True
118.9457 	EXP 	Created unnamed ShapeStim = ShapeStim(__class__=<class 'psychopy.visual.shape.ShapeStim'>, autoDraw=False, autoLog=True, closeShape=True, contrast=1.0, depth=-2, fillColor=array([-0.8, -0.8,  1. ]), fillColorSpace='rgb', interpolate=True, lineColor=array([-0.8, -0.8,  1. ]), lineColorSpace='rgb', lineWidth=1.5, name='unnamed ShapeStim', opacity=1.0, ori=array(0.), pos=array([-276.,   71.]), size=array([5., 5.]), units='pix', vertices=ndarray(...), win=Window(...), windingRule=None)
118.9651 	EXP 	unnamed ShapeStim: autoDraw = True
118.9696 	EXP 	Created unnamed ShapeStim = ShapeStim(__class__=<class 'psychopy.visual.shape.ShapeStim'>, autoDraw=False, autoLog=True, closeShape=True, contrast=1.0, depth=-2, fillColor=array([-0.8, -0.8,  1. ]), fillColorSpace='rgb', interpolate=True, lineColor=array([-0.8, -0.8,  1. ]), lineColorSpace='rgb', lineWidth=1.5, name='unnamed ShapeStim', opacity=1.0, ori=array(0.), pos=array([-276.,   71.]), size=array([5., 5.]), units='pix', vertices=ndarray(...), win=Window(...), windingRule=None)
118.9893 	EXP 	unnamed ShapeStim: autoDraw = True
118.9940 	EXP 	Created unnamed ShapeStim = ShapeStim(__class__=<class 'psychopy.visual.shape.ShapeStim'>, autoDraw=False, autoLog=True, closeShape=True, contrast=1.0, depth=-2, fillColor=array([-0.8, -0.8,  1. ]), fillColorSpace='rgb', interpolate=True, lineColor=array([-0.8, -0.8,  1. ]), lineColorSpace='rgb', lineWidth=1.5, name='unnamed ShapeStim', opacity=1.0, ori=array(0.), pos=array([-276.,   71.]), size=array([5., 5.]), units='pix', vertices=ndarray(...), win=Window(...), windingRule=None)
119.0141 	EXP 	unnamed ShapeStim: autoDraw = True
119.0154 	DATA 	Mouse:  Left button up, pos=(364,471)
119.9864 	DATA 	Mouse: Left button down, pos=(246,561)
119.9896 	EXP 	Created unnamed ShapeStim = ShapeStim(__class__=<class 'psychopy.visual.shape.ShapeStim'>, autoDraw=False, autoLog=True, closeShape=True, contrast=1.0, depth=-2, fillColor=array([-0.8, -0.8,  1. ]), fillColorSpace='rgb', interpolate=True, lineColor=array([-0.8, -0.8,  1. ]), lineColorSpace='rgb', lineWidth=1.5, name='unnamed ShapeStim', opacity=1.0, ori=array(0.), pos=array([-393.,  161.]), size=array([5., 5.]), units='pix', vertices=ndarray(...), win=Window(...), windingRule=None)
120.0140 	EXP 	unnamed ShapeStim: autoDraw = True
120.0181 	EXP 	Created unnamed ShapeStim = ShapeStim(__class__=<class 'psychopy.visual.shape.ShapeStim'>, autoDraw=False, autoLog=True, closeShape=True, contrast=1.0, depth=-2, fillColor=array([-0.8, -0.8,  1. ]), fillColorSpace='rgb', interpolate=True, lineColor=array([-0.8, -0.8,  1. ]), lineColorSpace='rgb', lineWidth=1.5, name='unnamed ShapeStim', opacity=1.0, ori=array(0.), pos=array([-393.,  161.]), size=array([5., 5.]), units='pix', vertices=ndarray(...), win=Window(...), windingRule=None)
120.0382 	EXP 	unnamed ShapeStim: autoDraw = True
120.0423 	EXP 	Created unnamed ShapeStim = ShapeStim(__class__=<class 'psychopy.visual.shape.ShapeStim'>, autoDraw=False, autoLog=True, closeShape=True, contrast=1.0, depth=-2, fillColor=array([-0.8, -0.8,  1. ]), fillColorSpace='rgb', interpolate=True, lineColor=array([-0.8, -0.8,  1. ]), lineColorSpace='rgb', lineWidth=1.5, name='unnamed ShapeStim', opacity=1.0, ori=array(0.), pos=array([-393.,  161.]), size=array([5., 5.]), units='pix', vertices=ndarray(...), win=Window(...), windingRule=None)
120.0642 	EXP 	unnamed ShapeStim: autoDraw = True
120.0656 	DATA 	Mouse:  Left button up, pos=(247,561)
121.6074 	DATA 	Mouse: Left button down, pos=(819,572)
121.6102 	EXP 	Created unnamed ShapeStim = ShapeStim(__class__=<class 'psychopy.visual.shape.ShapeStim'>, autoDraw=False, autoLog=True, closeShape=True, contrast=1.0, depth=-2, fillColor=array([-0.8, -0.8,  1. ]), fillColorSpace='rgb', interpolate=True, lineColor=array([-0.8, -0.8,  1. ]), lineColorSpace='rgb', lineWidth=1.5, name='unnamed ShapeStim', opacity=1.0, ori=array(0.), pos=array([179., 172.]), size=array([5., 5.]), units='pix', vertices=ndarray(...), win=Window(...), windingRule=None)
121.6320 	EXP 	unnamed ShapeStim: autoDraw = True
121.6363 	EXP 	Created unnamed ShapeStim = ShapeStim(__class__=<class 'psychopy.visual.shape.ShapeStim'>, autoDraw=False, autoLog=True, closeShape=True, contrast=1.0, depth=-2, fillColor=array([-0.8, -0.8,  1. ]), fillColorSpace='rgb', interpolate=True, lineColor=array([-0.8, -0.8,  1. ]), lineColorSpace='rgb', lineWidth=1.5, name='unnamed ShapeStim', opacity=1.0, ori=array(0.), pos=array([179., 172.]), size=array([5., 5.]), units='pix', vertices=ndarray(...), win=Window(...), windingRule=None)
121.6569 	EXP 	unnamed ShapeStim: autoDraw = True
121.6613 	EXP 	Created unnamed ShapeStim = ShapeStim(__class__=<class 'psychopy.visual.shape.ShapeStim'>, autoDraw=False, autoLog=True, closeShape=True, contrast=1.0, depth=-2, fillColor=array([-0.8, -0.8,  1. ]), fillColorSpace='rgb', interpolate=True, lineColor=array([-0.8, -0.8,  1. ]), lineColorSpace='rgb', lineWidth=1.5, name='unnamed ShapeStim', opacity=1.0, ori=array(0.), pos=array([179., 172.]), size=array([5., 5.]), units='pix', vertices=ndarray(...), win=Window(...), windingRule=None)
121.6816 	EXP 	unnamed ShapeStim: autoDraw = True
121.6855 	EXP 	Created unnamed ShapeStim = ShapeStim(__class__=<class 'psychopy.visual.shape.ShapeStim'>, autoDraw=False, autoLog=True, closeShape=True, contrast=1.0, depth=-2, fillColor=array([-0.8, -0.8,  1. ]), fillColorSpace='rgb', interpolate=True, lineColor=array([-0.8, -0.8,  1. ]), lineColorSpace='rgb', lineWidth=1.5, name='unnamed ShapeStim', opacity=1.0, ori=array(0.), pos=array([179., 172.]), size=array([5., 5.]), units='pix', vertices=ndarray(...), win=Window(...), windingRule=None)
121.6887 	DATA 	Mouse:  Left button up, pos=(819,572)
121.7069 	EXP 	unnamed ShapeStim: autoDraw = True
123.2897 	DATA 	Mouse: Left button down, pos=(993,469)
123.2932 	EXP 	Created unnamed ShapeStim = ShapeStim(__class__=<class 'psychopy.visual.shape.ShapeStim'>, autoDraw=False, autoLog=True, closeShape=True, contrast=1.0, depth=-2, fillColor=array([-0.8, -0.8,  1. ]), fillColorSpace='rgb', interpolate=True, lineColor=array([-0.8, -0.8,  1. ]), lineColorSpace='rgb', lineWidth=1.5, name='unnamed ShapeStim', opacity=1.0, ori=array(0.), pos=array([353.,  69.]), size=array([5., 5.]), units='pix', vertices=ndarray(...), win=Window(...), windingRule=None)
123.3158 	EXP 	unnamed ShapeStim: autoDraw = True
123.3201 	EXP 	Created unnamed ShapeStim = ShapeStim(__class__=<class 'psychopy.visual.shape.ShapeStim'>, autoDraw=False, autoLog=True, closeShape=True, contrast=1.0, depth=-2, fillColor=array([-0.8, -0.8,  1. ]), fillColorSpace='rgb', interpolate=True, lineColor=array([-0.8, -0.8,  1. ]), lineColorSpace='rgb', lineWidth=1.5, name='unnamed ShapeStim', opacity=1.0, ori=array(0.), pos=array([353.,  69.]), size=array([5., 5.]), units='pix', vertices=ndarray(...), win=Window(...), windingRule=None)
123.3414 	EXP 	unnamed ShapeStim: autoDraw = True
123.3454 	EXP 	Created unnamed ShapeStim = ShapeStim(__class__=<class 'psychopy.visual.shape.ShapeStim'>, autoDraw=False, autoLog=True, closeShape=True, contrast=1.0, depth=-2, fillColor=array([-0.8, -0.8,  1. ]), fillColorSpace='rgb', interpolate=True, lineColor=array([-0.8, -0.8,  1. ]), lineColorSpace='rgb', lineWidth=1.5, name='unnamed ShapeStim', opacity=1.0, ori=array(0.), pos=array([353.,  69.]), size=array([5., 5.]), units='pix', vertices=ndarray(...), win=Window(...), windingRule=None)
123.3665 	EXP 	unnamed ShapeStim: autoDraw = True
123.3680 	DATA 	Mouse:  Left button up, pos=(993,469)
123.9663 	DATA 	Mouse: Left button down, pos=(1103,471)
123.9693 	EXP 	Created unnamed ShapeStim = ShapeStim(__class__=<class 'psychopy.visual.shape.ShapeStim'>, autoDraw=False, autoLog=True, closeShape=True, contrast=1.0, depth=-2, fillColor=array([-0.8, -0.8,  1. ]), fillColorSpace='rgb', interpolate=True, lineColor=array([-0.8, -0.8,  1. ]), lineColorSpace='rgb', lineWidth=1.5, name='unnamed ShapeStim', opacity=1.0, ori=array(0.), pos=array([463.,  71.]), size=array([5., 5.]), units='pix', vertices=ndarray(...), win=Window(...), windingRule=None)
123.9905 	EXP 	unnamed ShapeStim: autoDraw = True
123.9934 	EXP 	Created unnamed ShapeStim = ShapeStim(__class__=<class 'psychopy.visual.shape.ShapeStim'>, autoDraw=False, autoLog=True, closeShape=True, contrast=1.0, depth=-2, fillColor=array([-0.8, -0.8,  1. ]), fillColorSpace='rgb', interpolate=True, lineColor=array([-0.8, -0.8,  1. ]), lineColorSpace='rgb', lineWidth=1.5, name='unnamed ShapeStim', opacity=1.0, ori=array(0.), pos=array([463.,  71.]), size=array([5., 5.]), units='pix', vertices=ndarray(...), win=Window(...), windingRule=None)
124.0160 	EXP 	unnamed ShapeStim: autoDraw = True
124.0199 	EXP 	Created unnamed ShapeStim = ShapeStim(__class__=<class 'psychopy.visual.shape.ShapeStim'>, autoDraw=False, autoLog=True, closeShape=True, contrast=1.0, depth=-2, fillColor=array([-0.8, -0.8,  1. ]), fillColorSpace='rgb', interpolate=True, lineColor=array([-0.8, -0.8,  1. ]), lineColorSpace='rgb', lineWidth=1.5, name='unnamed ShapeStim', opacity=1.0, ori=array(0.), pos=array([463.,  71.]), size=array([5., 5.]), units='pix', vertices=ndarray(...), win=Window(...), windingRule=None)
124.0415 	EXP 	unnamed ShapeStim: autoDraw = True
124.0458 	EXP 	Created unnamed ShapeStim = ShapeStim(__class__=<class 'psychopy.visual.shape.ShapeStim'>, autoDraw=False, autoLog=True, closeShape=True, contrast=1.0, depth=-2, fillColor=array([-0.8, -0.8,  1. ]), fillColorSpace='rgb', interpolate=True, lineColor=array([-0.8, -0.8,  1. ]), lineColorSpace='rgb', lineWidth=1.5, name='unnamed ShapeStim', opacity=1.0, ori=array(0.), pos=array([463.,  71.]), size=array([5., 5.]), units='pix', vertices=ndarray(...), win=Window(...), windingRule=None)
124.0498 	DATA 	Mouse:  Left button up, pos=(1103,471)
124.0682 	EXP 	unnamed ShapeStim: autoDraw = True
124.4919 	DATA 	Mouse: Left button down, pos=(1173,420)
124.4959 	EXP 	Created unnamed ShapeStim = ShapeStim(__class__=<class 'psychopy.visual.shape.ShapeStim'>, autoDraw=False, autoLog=True, closeShape=True, contrast=1.0, depth=-2, fillColor=array([-0.8, -0.8,  1. ]), fillColorSpace='rgb', interpolate=True, lineColor=array([-0.8, -0.8,  1. ]), lineColorSpace='rgb', lineWidth=1.5, name='unnamed ShapeStim', opacity=1.0, ori=array(0.), pos=array([533.,  20.]), size=array([5., 5.]), units='pix', vertices=ndarray(...), win=Window(...), windingRule=None)
124.5179 	EXP 	unnamed ShapeStim: autoDraw = True
124.5208 	EXP 	Created unnamed ShapeStim = ShapeStim(__class__=<class 'psychopy.visual.shape.ShapeStim'>, autoDraw=False, autoLog=True, closeShape=True, contrast=1.0, depth=-2, fillColor=array([-0.8, -0.8,  1. ]), fillColorSpace='rgb', interpolate=True, lineColor=array([-0.8, -0.8,  1. ]), lineColorSpace='rgb', lineWidth=1.5, name='unnamed ShapeStim', opacity=1.0, ori=array(0.), pos=array([533.,  20.]), size=array([5., 5.]), units='pix', vertices=ndarray(...), win=Window(...), windingRule=None)
124.5430 	EXP 	unnamed ShapeStim: autoDraw = True
124.5462 	EXP 	Created unnamed ShapeStim = ShapeStim(__class__=<class 'psychopy.visual.shape.ShapeStim'>, autoDraw=False, autoLog=True, closeShape=True, contrast=1.0, depth=-2, fillColor=array([-0.8, -0.8,  1. ]), fillColorSpace='rgb', interpolate=True, lineColor=array([-0.8, -0.8,  1. ]), lineColorSpace='rgb', lineWidth=1.5, name='unnamed ShapeStim', opacity=1.0, ori=array(0.), pos=array([533.,  20.]), size=array([5., 5.]), units='pix', vertices=ndarray(...), win=Window(...), windingRule=None)
124.5683 	EXP 	unnamed ShapeStim: autoDraw = True
124.5723 	EXP 	Created unnamed ShapeStim = ShapeStim(__class__=<class 'psychopy.visual.shape.ShapeStim'>, autoDraw=False, autoLog=True, closeShape=True, contrast=1.0, depth=-2, fillColor=array([-0.8, -0.8,  1. ]), fillColorSpace='rgb', interpolate=True, lineColor=array([-0.8, -0.8,  1. ]), lineColorSpace='rgb', lineWidth=1.5, name='unnamed ShapeStim', opacity=1.0, ori=array(0.), pos=array([533.,  20.]), size=array([5., 5.]), units='pix', vertices=ndarray(...), win=Window(...), windingRule=None)
124.5999 	EXP 	unnamed ShapeStim: autoDraw = True
124.6008 	DATA 	Mouse:  Left button up, pos=(1173,420)
129.3264 	DATA 	Keypress: escape
129.6927 	EXP 	window1: mouseVisible = True
