6.5919 	EXP 	Created window1 = Window(allowGUI=False, allowStencil=False, args=UNKNOWN, autoLog=True, bitsMode=UNKNOWN, blendMode='avg', color=array([-1., -1., -1.]), colorSpace='rgb', fullscr=<method-wrapper '__getattribute__' of attributeSetter object at 0x12fb4dc18>, gamma=None, kwargs=UNKNOWN, lms=UNKNOWN, monitor=<psychopy.monitors.calibTools.Monitor object at 0x12f97e1d0>, multiSample=False, name='window1', numSamples=2, pos=[0.0, 0.0], screen=0, size=array([2560, 1600]), stereo=False, units='pix', useFBO=True, useRetina=True, viewOri=0.0, viewPos=None, viewScale=None, waitBlanking=True, winType='pyglet')
6.5919 	EXP 	window1: recordFrameIntervals = False
6.7576 	EXP 	window1: recordFrameIntervals = True
6.9414 	EXP 	window1: recordFrameIntervals = False
7.6193 	EXP 	Created txt_welcome = TextStim(__class__=<class 'psychopy.visual.text.TextStim'>, alignHoriz='center', alignVert='center', antialias=True, autoLog=True, bold=False, color='white', colorSpace='named', contrast=1.0, depth=0.0, flipHoriz=False, flipVert=False, font='Arial', fontFiles=[], height=25, italic=False, languageStyle='LTR', name='txt_welcome', opacity=1.0, ori=0, pos=array([0., 0.]), rgb=array([255., 255., 255.]), text=str(...), units='pix', win=Window(...), wrapWidth=500)
7.6373 	EXP 	Created text_welcome_clickme = TextStim(__class__=<class 'psychopy.visual.text.TextStim'>, alignHoriz='center', alignVert='center', antialias=True, autoLog=True, bold=False, color='white', colorSpace='named', contrast=1.0, depth=-1.0, flipHoriz=False, flipVert=False, font='Arial', fontFiles=[], height=15, italic=False, languageStyle='LTR', name='text_welcome_clickme', opacity=1.0, ori=0, pos=array([   0., -350.]), rgb=array([255., 255., 255.]), text='När du läst klart, klicka med musen här.', units='pix', win=Window(...), wrapWidth=500)
7.6698 	EXP 	Created text_pre_practice_a = TextStim(__class__=<class 'psychopy.visual.text.TextStim'>, alignHoriz='center', alignVert='center', antialias=True, autoLog=True, bold=False, color='white', colorSpace='named', contrast=1.0, depth=0.0, flipHoriz=False, flipVert=False, font='Arial', fontFiles=[], height=20, italic=False, languageStyle='LTR', name='text_pre_practice_a', opacity=1.0, ori=0, pos=array([0., 0.]), rgb=array([255., 255., 255.]), text=str(...), units='pix', win=Window(...), wrapWidth=500)
7.6731 	EXP 	Created practice_poly = Rect(__class__=<class 'psychopy.visual.rect.Rect'>, autoDraw=False, autoLog=True, closeShape=True, color=method-wrapper(...), colorSpace=None, contrast=1.0, depth=0.0, fillColor=array([ 1., -1., -1.]), fillColorSpace='rgb', fillRGB=array([ 1., -1., -1.]), interpolate=True, lineColor=array([1., 1., 1.]), lineColorSpace='rgb', lineRGB=array([1., 1., 1.]), lineWidth=1, name='practice_poly', opacity=0.0, ori=array(0.), pos=array([  0., 100.]), size=array([1., 1.]), units='pix', vertices=ndarray(...), win=Window(...))
7.6790 	EXP 	Created practice_context = ImageStim(__class__=<class 'psychopy.visual.image.ImageStim'>, autoLog=True, color=array([1., 1., 1.]), colorSpace='rgb', contrast=1.0, depth=-1.0, flipHoriz=False, flipVert=False, image='sin', interpolate=True, mask=None, maskParams=None, name='practice_context', opacity=1.0, ori=0.0, pos=array([  0., 100.]), size=array([1., 1.]), texRes=128, units='pix', win=Window(...))
7.6809 	EXP 	Created practice_target = ImageStim(__class__=<class 'psychopy.visual.image.ImageStim'>, autoLog=True, color=array([1., 1., 1.]), colorSpace='rgb', contrast=1.0, depth=-4.0, flipHoriz=False, flipVert=False, image='sin', interpolate=True, mask=None, maskParams=None, name='practice_target', opacity=1.0, ori=0.0, pos=array([   0., -250.]), size=array([108., 108.]), texRes=128, units='pix', win=Window(...))
7.6827 	EXP 	Created testImg_3 = ImageStim(__class__=<class 'psychopy.visual.image.ImageStim'>, autoLog=True, color=array([1., 1., 1.]), colorSpace='rgb', contrast=1.0, depth=0.0, flipHoriz=False, flipVert=False, image='sin', interpolate=True, mask=None, maskParams=None, name='testImg_3', opacity=1.0, ori=0.0, pos=array([  0., 100.]), size=array([1., 1.]), texRes=128, units='pix', win=Window(...))
7.7131 	EXP 	Created text_feedback = TextStim(__class__=<class 'psychopy.visual.text.TextStim'>, alignHoriz='center', alignVert='center', antialias=True, autoLog=True, bold=False, color='white', colorSpace='named', contrast=1.0, depth=-2.0, flipHoriz=False, flipVert=False, font='Arial', fontFiles=[], height=20, italic=False, languageStyle='LTR', name='text_feedback', opacity=1.0, ori=0, pos=array([   0., -250.]), rgb=array([255., 255., 255.]), text=str(...), units='pix', win=Window(...), wrapWidth=500)
7.7248 	EXP 	Created text_feedback_continue = TextStim(__class__=<class 'psychopy.visual.text.TextStim'>, alignHoriz='center', alignVert='center', antialias=True, autoLog=True, bold=False, color='white', colorSpace='named', contrast=1.0, depth=-3.0, flipHoriz=False, flipVert=False, font='Arial', fontFiles=[], height=15, italic=False, languageStyle='LTR', name='text_feedback_continue', opacity=1.0, ori=0, pos=array([   0., -350.]), rgb=array([255., 255., 255.]), text=str(...), units='pix', win=Window(...), wrapWidth=500)
7.7259 	EXP 	Created blank500_txt = TextStim(__class__=<class 'psychopy.visual.text.TextStim'>, alignHoriz='center', alignVert='center', antialias=True, autoLog=True, bold=False, color='white', colorSpace='named', contrast=1.0, depth=0.0, flipHoriz=False, flipVert=False, font='Arial', fontFiles=[], height=0.1, italic=False, languageStyle='LTR', name='blank500_txt', opacity=1.0, ori=0, pos=array([0., 0.]), rgb=array([255., 255., 255.]), text='', units='pix', win=Window(...), wrapWidth=500)
7.7447 	EXP 	Created blank3000_next_txt = TextStim(__class__=<class 'psychopy.visual.text.TextStim'>, alignHoriz='center', alignVert='center', antialias=True, autoLog=True, bold=False, color='white', colorSpace='named', contrast=1.0, depth=0.0, flipHoriz=False, flipVert=False, font='Arial', fontFiles=[], height=40, italic=False, languageStyle='LTR', name='blank3000_next_txt', opacity=1.0, ori=0, pos=array([0., 0.]), rgb=array([255., 255., 255.]), text='Snart kommer bilden...', units='pix', win=Window(...), wrapWidth=500)
7.7496 	EXP 	Created text_count_3 = TextStim(__class__=<class 'psychopy.visual.text.TextStim'>, alignHoriz='center', alignVert='center', antialias=True, autoLog=True, bold=False, color='white', colorSpace='named', contrast=1.0, depth=0.0, flipHoriz=False, flipVert=False, font='Arial', fontFiles=[], height=100, italic=False, languageStyle='LTR', name='text_count_3', opacity=1.0, ori=0, pos=array([0., 0.]), rgb=array([255., 255., 255.]), text='3', units='pix', win=Window(...), wrapWidth=500)
7.7536 	EXP 	Created text_count_2 = TextStim(__class__=<class 'psychopy.visual.text.TextStim'>, alignHoriz='center', alignVert='center', antialias=True, autoLog=True, bold=False, color='white', colorSpace='named', contrast=1.0, depth=0.0, flipHoriz=False, flipVert=False, font='Arial', fontFiles=[], height=100, italic=False, languageStyle='LTR', name='text_count_2', opacity=1.0, ori=0, pos=array([0., 0.]), rgb=array([255., 255., 255.]), text='2', units='pix', win=Window(...), wrapWidth=500)
7.7576 	EXP 	Created text_count_1 = TextStim(__class__=<class 'psychopy.visual.text.TextStim'>, alignHoriz='center', alignVert='center', antialias=True, autoLog=True, bold=False, color='white', colorSpace='named', contrast=1.0, depth=0.0, flipHoriz=False, flipVert=False, font='Arial', fontFiles=[], height=100, italic=False, languageStyle='LTR', name='text_count_1', opacity=1.0, ori=0, pos=array([0., 0.]), rgb=array([255., 255., 255.]), text='1', units='pix', win=Window(...), wrapWidth=500)
7.7591 	EXP 	Created testPoly = Rect(__class__=<class 'psychopy.visual.rect.Rect'>, autoDraw=False, autoLog=True, closeShape=True, color=method-wrapper(...), colorSpace=None, contrast=1.0, depth=0.0, fillColor=array([ 1., -1., -1.]), fillColorSpace='rgb', fillRGB=array([ 1., -1., -1.]), interpolate=True, lineColor=array([1., 1., 1.]), lineColorSpace='rgb', lineRGB=array([1., 1., 1.]), lineWidth=1, name='testPoly', opacity=0.0, ori=array(0.), pos=array([  0., 100.]), size=array([1., 1.]), units='pix', vertices=ndarray(...), win=Window(...))
7.7611 	EXP 	Created testImg = ImageStim(__class__=<class 'psychopy.visual.image.ImageStim'>, autoLog=True, color=array([1., 1., 1.]), colorSpace='rgb', contrast=1.0, depth=-1.0, flipHoriz=False, flipVert=False, image='sin', interpolate=True, mask=None, maskParams=None, name='testImg', opacity=1.0, ori=0.0, pos=array([  0., 100.]), size=array([1., 1.]), texRes=128, units='pix', win=Window(...))
7.7632 	EXP 	Created image = ImageStim(__class__=<class 'psychopy.visual.image.ImageStim'>, autoLog=True, color=array([1., 1., 1.]), colorSpace='rgb', contrast=1.0, depth=-4.0, flipHoriz=False, flipVert=False, image='sin', interpolate=True, mask=None, maskParams=None, name='image', opacity=1.0, ori=0.0, pos=array([   0., -250.]), size=array([108., 108.]), texRes=128, units='pix', win=Window(...))
7.7640 	EXP 	Created blank500_txt = TextStim(__class__=<class 'psychopy.visual.text.TextStim'>, alignHoriz='center', alignVert='center', antialias=True, autoLog=True, bold=False, color='white', colorSpace='named', contrast=1.0, depth=0.0, flipHoriz=False, flipVert=False, font='Arial', fontFiles=[], height=0.1, italic=False, languageStyle='LTR', name='blank500_txt', opacity=1.0, ori=0, pos=array([0., 0.]), rgb=array([255., 255., 255.]), text='', units='pix', win=Window(...), wrapWidth=500)
7.7822 	EXP 	Created text_2 = TextStim(__class__=<class 'psychopy.visual.text.TextStim'>, alignHoriz='center', alignVert='center', antialias=True, autoLog=True, bold=False, color='white', colorSpace='named', contrast=1.0, depth=0.0, flipHoriz=False, flipVert=False, font='Arial', fontFiles=[], height=25, italic=False, languageStyle='LTR', name='text_2', opacity=1.0, ori=0, pos=array([0., 0.]), rgb=array([255., 255., 255.]), text=str(...), units='pix', win=Window(...), wrapWidth=500)
7.8106 	EXP 	txt_welcome: autoDraw = True
7.8106 	EXP 	text_welcome_clickme: autoDraw = True
11.9983 	DATA 	Mouse: Left button down, pos=(622,53)
11.9989 	DATA 	Mouse:  Left button up, pos=(622,53)
12.9323 	DATA 	Mouse: Left button down, pos=(622,53)
12.9486 	DATA 	Mouse:  Left button up, pos=(622,53)
14.0161 	DATA 	Mouse: Left button down, pos=(622,53)
14.0165 	DATA 	Mouse:  Left button up, pos=(622,53)
15.0830 	DATA 	Mouse: Left button down, pos=(654,48)
15.0990 	DATA 	Mouse:  Left button up, pos=(654,48)
16.5999 	DATA 	Mouse: Left button down, pos=(654,48)
16.6004 	DATA 	Mouse:  Left button up, pos=(654,48)
17.7339 	DATA 	Mouse: Left button down, pos=(661,48)
17.7492 	EXP 	txt_welcome: autoDraw = False
17.7492 	EXP 	text_welcome_clickme: autoDraw = False
17.7492 	EXP 	text_pre_practice_a: autoDraw = True
17.8343 	DATA 	Mouse:  Left button up, pos=(661,48)
21.5855 	DATA 	Mouse: Left button down, pos=(617,358)
21.7122 	DATA 	Mouse:  Left button up, pos=(617,358)
21.7529 	EXP 	text_pre_practice_a: autoDraw = False
21.7529 	EXP 	practice_context: size = array([431., 290.])
21.7529 	EXP 	practice_context: image = 'imgs/contexts/cont_A.jpg'
21.7529 	EXP 	practice_target: image = 'imgs/targets/targ_A.jpg'
21.7529 	EXP 	practice_poly: autoDraw = True
21.7529 	EXP 	practice_context: autoDraw = True
21.7529 	EXP 	practice_target: autoDraw = True
25.6378 	DATA 	Mouse: Left button down, pos=(637,479)
25.6419 	EXP 	Created unnamed ShapeStim = ShapeStim(__class__=<class 'psychopy.visual.shape.ShapeStim'>, autoDraw=False, autoLog=True, closeShape=True, contrast=1.0, depth=-2, fillColor=array([-0.8, -0.8,  1. ]), fillColorSpace='rgb', interpolate=True, lineColor=array([-0.8, -0.8,  1. ]), lineColorSpace='rgb', lineWidth=1.5, name='unnamed ShapeStim', opacity=1.0, ori=array(0.), pos=array([-3., 79.]), size=array([5., 5.]), units='pix', vertices=ndarray(...), win=Window(...), windingRule=None)
25.6574 	EXP 	unnamed ShapeStim: autoDraw = True
25.6603 	EXP 	Created unnamed ShapeStim = ShapeStim(__class__=<class 'psychopy.visual.shape.ShapeStim'>, autoDraw=False, autoLog=True, closeShape=True, contrast=1.0, depth=-2, fillColor=array([-0.8, -0.8,  1. ]), fillColorSpace='rgb', interpolate=True, lineColor=array([-0.8, -0.8,  1. ]), lineColorSpace='rgb', lineWidth=1.5, name='unnamed ShapeStim', opacity=1.0, ori=array(0.), pos=array([-3., 79.]), size=array([5., 5.]), units='pix', vertices=ndarray(...), win=Window(...), windingRule=None)
25.6761 	EXP 	unnamed ShapeStim: autoDraw = True
25.6798 	EXP 	Created unnamed ShapeStim = ShapeStim(__class__=<class 'psychopy.visual.shape.ShapeStim'>, autoDraw=False, autoLog=True, closeShape=True, contrast=1.0, depth=-2, fillColor=array([-0.8, -0.8,  1. ]), fillColorSpace='rgb', interpolate=True, lineColor=array([-0.8, -0.8,  1. ]), lineColorSpace='rgb', lineWidth=1.5, name='unnamed ShapeStim', opacity=1.0, ori=array(0.), pos=array([-3., 79.]), size=array([5., 5.]), units='pix', vertices=ndarray(...), win=Window(...), windingRule=None)
25.7049 	EXP 	unnamed ShapeStim: autoDraw = True
25.7079 	EXP 	Created unnamed ShapeStim = ShapeStim(__class__=<class 'psychopy.visual.shape.ShapeStim'>, autoDraw=False, autoLog=True, closeShape=True, contrast=1.0, depth=-2, fillColor=array([-0.8, -0.8,  1. ]), fillColorSpace='rgb', interpolate=True, lineColor=array([-0.8, -0.8,  1. ]), lineColorSpace='rgb', lineWidth=1.5, name='unnamed ShapeStim', opacity=1.0, ori=array(0.), pos=array([-3., 79.]), size=array([5., 5.]), units='pix', vertices=ndarray(...), win=Window(...), windingRule=None)
25.7240 	EXP 	unnamed ShapeStim: autoDraw = True
25.7277 	EXP 	Created unnamed ShapeStim = ShapeStim(__class__=<class 'psychopy.visual.shape.ShapeStim'>, autoDraw=False, autoLog=True, closeShape=True, contrast=1.0, depth=-2, fillColor=array([-0.8, -0.8,  1. ]), fillColorSpace='rgb', interpolate=True, lineColor=array([-0.8, -0.8,  1. ]), lineColorSpace='rgb', lineWidth=1.5, name='unnamed ShapeStim', opacity=1.0, ori=array(0.), pos=array([-3., 79.]), size=array([5., 5.]), units='pix', vertices=ndarray(...), win=Window(...), windingRule=None)
25.7539 	EXP 	unnamed ShapeStim: autoDraw = True
25.7547 	DATA 	Mouse:  Left button up, pos=(637,479)
28.1758 	DATA 	Mouse: Left button down, pos=(499,552)
28.1797 	EXP 	Created unnamed ShapeStim = ShapeStim(__class__=<class 'psychopy.visual.shape.ShapeStim'>, autoDraw=False, autoLog=True, closeShape=True, contrast=1.0, depth=-2, fillColor=array([-0.8, -0.8,  1. ]), fillColorSpace='rgb', interpolate=True, lineColor=array([-0.8, -0.8,  1. ]), lineColorSpace='rgb', lineWidth=1.5, name='unnamed ShapeStim', opacity=1.0, ori=array(0.), pos=array([-141.,  152.]), size=array([5., 5.]), units='pix', vertices=ndarray(...), win=Window(...), windingRule=None)
28.1962 	EXP 	unnamed ShapeStim: autoDraw = True
28.1994 	EXP 	Created unnamed ShapeStim = ShapeStim(__class__=<class 'psychopy.visual.shape.ShapeStim'>, autoDraw=False, autoLog=True, closeShape=True, contrast=1.0, depth=-2, fillColor=array([-0.8, -0.8,  1. ]), fillColorSpace='rgb', interpolate=True, lineColor=array([-0.8, -0.8,  1. ]), lineColorSpace='rgb', lineWidth=1.5, name='unnamed ShapeStim', opacity=1.0, ori=array(0.), pos=array([-141.,  152.]), size=array([5., 5.]), units='pix', vertices=ndarray(...), win=Window(...), windingRule=None)
28.2213 	EXP 	unnamed ShapeStim: autoDraw = True
28.2243 	EXP 	Created unnamed ShapeStim = ShapeStim(__class__=<class 'psychopy.visual.shape.ShapeStim'>, autoDraw=False, autoLog=True, closeShape=True, contrast=1.0, depth=-2, fillColor=array([-0.8, -0.8,  1. ]), fillColorSpace='rgb', interpolate=True, lineColor=array([-0.8, -0.8,  1. ]), lineColorSpace='rgb', lineWidth=1.5, name='unnamed ShapeStim', opacity=1.0, ori=array(0.), pos=array([-141.,  152.]), size=array([5., 5.]), units='pix', vertices=ndarray(...), win=Window(...), windingRule=None)
28.2414 	EXP 	unnamed ShapeStim: autoDraw = True
28.2451 	EXP 	Created unnamed ShapeStim = ShapeStim(__class__=<class 'psychopy.visual.shape.ShapeStim'>, autoDraw=False, autoLog=True, closeShape=True, contrast=1.0, depth=-2, fillColor=array([-0.8, -0.8,  1. ]), fillColorSpace='rgb', interpolate=True, lineColor=array([-0.8, -0.8,  1. ]), lineColorSpace='rgb', lineWidth=1.5, name='unnamed ShapeStim', opacity=1.0, ori=array(0.), pos=array([-141.,  152.]), size=array([5., 5.]), units='pix', vertices=ndarray(...), win=Window(...), windingRule=None)
28.2475 	DATA 	Mouse:  Left button up, pos=(499,552)
28.2710 	EXP 	unnamed ShapeStim: autoDraw = True
29.6779 	DATA 	Mouse: Left button down, pos=(476,430)
29.6809 	EXP 	Created unnamed ShapeStim = ShapeStim(__class__=<class 'psychopy.visual.shape.ShapeStim'>, autoDraw=False, autoLog=True, closeShape=True, contrast=1.0, depth=-2, fillColor=array([-0.8, -0.8,  1. ]), fillColorSpace='rgb', interpolate=True, lineColor=array([-0.8, -0.8,  1. ]), lineColorSpace='rgb', lineWidth=1.5, name='unnamed ShapeStim', opacity=1.0, ori=array(0.), pos=array([-164.,   30.]), size=array([5., 5.]), units='pix', vertices=ndarray(...), win=Window(...), windingRule=None)
29.7058 	EXP 	unnamed ShapeStim: autoDraw = True
29.7092 	EXP 	Created unnamed ShapeStim = ShapeStim(__class__=<class 'psychopy.visual.shape.ShapeStim'>, autoDraw=False, autoLog=True, closeShape=True, contrast=1.0, depth=-2, fillColor=array([-0.8, -0.8,  1. ]), fillColorSpace='rgb', interpolate=True, lineColor=array([-0.8, -0.8,  1. ]), lineColorSpace='rgb', lineWidth=1.5, name='unnamed ShapeStim', opacity=1.0, ori=array(0.), pos=array([-164.,   30.]), size=array([5., 5.]), units='pix', vertices=ndarray(...), win=Window(...), windingRule=None)
29.7263 	EXP 	unnamed ShapeStim: autoDraw = True
29.7293 	EXP 	Created unnamed ShapeStim = ShapeStim(__class__=<class 'psychopy.visual.shape.ShapeStim'>, autoDraw=False, autoLog=True, closeShape=True, contrast=1.0, depth=-2, fillColor=array([-0.8, -0.8,  1. ]), fillColorSpace='rgb', interpolate=True, lineColor=array([-0.8, -0.8,  1. ]), lineColorSpace='rgb', lineWidth=1.5, name='unnamed ShapeStim', opacity=1.0, ori=array(0.), pos=array([-164.,   30.]), size=array([5., 5.]), units='pix', vertices=ndarray(...), win=Window(...), windingRule=None)
29.7558 	EXP 	unnamed ShapeStim: autoDraw = True
29.7595 	EXP 	Created unnamed ShapeStim = ShapeStim(__class__=<class 'psychopy.visual.shape.ShapeStim'>, autoDraw=False, autoLog=True, closeShape=True, contrast=1.0, depth=-2, fillColor=array([-0.8, -0.8,  1. ]), fillColorSpace='rgb', interpolate=True, lineColor=array([-0.8, -0.8,  1. ]), lineColorSpace='rgb', lineWidth=1.5, name='unnamed ShapeStim', opacity=1.0, ori=array(0.), pos=array([-164.,   30.]), size=array([5., 5.]), units='pix', vertices=ndarray(...), win=Window(...), windingRule=None)
29.7624 	DATA 	Mouse:  Left button up, pos=(476,430)
29.7772 	EXP 	unnamed ShapeStim: autoDraw = True
31.0910 	DATA 	Mouse: Left button down, pos=(722,516)
31.0943 	EXP 	Created unnamed ShapeStim = ShapeStim(__class__=<class 'psychopy.visual.shape.ShapeStim'>, autoDraw=False, autoLog=True, closeShape=True, contrast=1.0, depth=-2, fillColor=array([-0.8, -0.8,  1. ]), fillColorSpace='rgb', interpolate=True, lineColor=array([-0.8, -0.8,  1. ]), lineColorSpace='rgb', lineWidth=1.5, name='unnamed ShapeStim', opacity=1.0, ori=array(0.), pos=array([ 82., 116.]), size=array([5., 5.]), units='pix', vertices=ndarray(...), win=Window(...), windingRule=None)
31.1124 	EXP 	unnamed ShapeStim: autoDraw = True
31.1157 	EXP 	Created unnamed ShapeStim = ShapeStim(__class__=<class 'psychopy.visual.shape.ShapeStim'>, autoDraw=False, autoLog=True, closeShape=True, contrast=1.0, depth=-2, fillColor=array([-0.8, -0.8,  1. ]), fillColorSpace='rgb', interpolate=True, lineColor=array([-0.8, -0.8,  1. ]), lineColorSpace='rgb', lineWidth=1.5, name='unnamed ShapeStim', opacity=1.0, ori=array(0.), pos=array([ 82., 116.]), size=array([5., 5.]), units='pix', vertices=ndarray(...), win=Window(...), windingRule=None)
31.1404 	EXP 	unnamed ShapeStim: autoDraw = True
31.1435 	EXP 	Created unnamed ShapeStim = ShapeStim(__class__=<class 'psychopy.visual.shape.ShapeStim'>, autoDraw=False, autoLog=True, closeShape=True, contrast=1.0, depth=-2, fillColor=array([-0.8, -0.8,  1. ]), fillColorSpace='rgb', interpolate=True, lineColor=array([-0.8, -0.8,  1. ]), lineColorSpace='rgb', lineWidth=1.5, name='unnamed ShapeStim', opacity=1.0, ori=array(0.), pos=array([ 82., 116.]), size=array([5., 5.]), units='pix', vertices=ndarray(...), win=Window(...), windingRule=None)
31.1620 	EXP 	unnamed ShapeStim: autoDraw = True
31.1650 	EXP 	Created unnamed ShapeStim = ShapeStim(__class__=<class 'psychopy.visual.shape.ShapeStim'>, autoDraw=False, autoLog=True, closeShape=True, contrast=1.0, depth=-2, fillColor=array([-0.8, -0.8,  1. ]), fillColorSpace='rgb', interpolate=True, lineColor=array([-0.8, -0.8,  1. ]), lineColorSpace='rgb', lineWidth=1.5, name='unnamed ShapeStim', opacity=1.0, ori=array(0.), pos=array([ 82., 116.]), size=array([5., 5.]), units='pix', vertices=ndarray(...), win=Window(...), windingRule=None)
31.1891 	EXP 	unnamed ShapeStim: autoDraw = True
31.1899 	DATA 	Mouse:  Left button up, pos=(722,516)
41.6619 	EXP 	practice_poly: autoDraw = False
41.6619 	EXP 	practice_context: autoDraw = False
41.6619 	EXP 	practice_target: autoDraw = False
41.6619 	EXP 	practice_poly: autoDraw = False
41.6619 	EXP 	practice_context: autoDraw = False
41.6619 	EXP 	practice_target: autoDraw = False
41.6619 	EXP 	unnamed ShapeStim: autoDraw = False
41.6619 	EXP 	unnamed ShapeStim: autoDraw = False
41.6619 	EXP 	unnamed ShapeStim: autoDraw = False
41.6619 	EXP 	unnamed ShapeStim: autoDraw = False
41.6619 	EXP 	unnamed ShapeStim: autoDraw = False
41.6619 	EXP 	unnamed ShapeStim: autoDraw = False
41.6619 	EXP 	unnamed ShapeStim: autoDraw = False
41.6619 	EXP 	unnamed ShapeStim: autoDraw = False
41.6619 	EXP 	unnamed ShapeStim: autoDraw = False
41.6619 	EXP 	unnamed ShapeStim: autoDraw = False
41.6619 	EXP 	unnamed ShapeStim: autoDraw = False
41.6619 	EXP 	unnamed ShapeStim: autoDraw = False
41.6619 	EXP 	unnamed ShapeStim: autoDraw = False
41.6619 	EXP 	unnamed ShapeStim: autoDraw = False
41.6619 	EXP 	unnamed ShapeStim: autoDraw = False
41.6619 	EXP 	unnamed ShapeStim: autoDraw = False
41.6619 	EXP 	unnamed ShapeStim: autoDraw = False
41.6619 	EXP 	testImg_3: size = array([431., 290.])
41.6619 	EXP 	testImg_3: image = 'imgs/instruction/instr_A.jpg'
41.6619 	EXP 	testImg_3: autoDraw = True
41.6619 	EXP 	text_feedback: autoDraw = True
41.6619 	EXP 	text_feedback_continue: autoDraw = True
44.3968 	DATA 	Mouse: Left button down, pos=(643,48)
44.4125 	EXP 	testImg_3: autoDraw = False
44.4125 	EXP 	text_feedback: autoDraw = False
44.4125 	EXP 	text_feedback_continue: autoDraw = False
44.4125 	EXP 	blank500_txt: autoDraw = True
44.5640 	DATA 	Mouse:  Left button up, pos=(643,48)
44.9068 	EXP 	Imported MOCKfindObjectsSheet.csv as conditions, 5 conditions, 3 params
44.9071 	EXP 	Created sequence: sequential, trialTypes=5, nReps=1, seed=None
44.9074 	EXP 	New trial (rep=0, index=0): OrderedDict([('targ_path', 'imgs/targets/targ_B.jpg'), ('cont_path', 'imgs/contexts/cont_B.jpg'), ('img_w_h', [826, 290])])
44.9295 	EXP 	blank500_txt: autoDraw = False
44.9295 	EXP 	blank500_txt: autoDraw = False
44.9295 	EXP 	blank3000_next_txt: autoDraw = True
46.9135 	EXP 	blank3000_next_txt: autoDraw = False
46.9135 	EXP 	blank3000_next_txt: autoDraw = False
46.9135 	EXP 	text_count_3: autoDraw = True
47.9139 	EXP 	text_count_3: autoDraw = False
47.9139 	EXP 	text_count_3: autoDraw = False
47.9139 	EXP 	text_count_2: autoDraw = True
48.9151 	EXP 	text_count_2: autoDraw = False
48.9151 	EXP 	text_count_1: autoDraw = True
50.0269 	EXP 	text_count_1: autoDraw = False
50.0269 	EXP 	testPoly: size = array([826., 290.])
50.0269 	EXP 	testImg: size = array([826., 290.])
50.0269 	EXP 	testImg: image = 'imgs/contexts/cont_B.jpg'
50.0269 	EXP 	image: image = 'imgs/targets/targ_B.jpg'
50.0269 	EXP 	testPoly: autoDraw = True
50.0269 	EXP 	testImg: autoDraw = True
50.0269 	EXP 	image: autoDraw = True
52.2897 	DATA 	Mouse: Left button down, pos=(916,433)
52.2930 	EXP 	Created unnamed ShapeStim = ShapeStim(__class__=<class 'psychopy.visual.shape.ShapeStim'>, autoDraw=False, autoLog=True, closeShape=True, contrast=1.0, depth=-2, fillColor=array([-0.8, -0.8,  1. ]), fillColorSpace='rgb', interpolate=True, lineColor=array([-0.8, -0.8,  1. ]), lineColorSpace='rgb', lineWidth=1.5, name='unnamed ShapeStim', opacity=1.0, ori=array(0.), pos=array([276.,  33.]), size=array([5., 5.]), units='pix', vertices=ndarray(...), win=Window(...), windingRule=None)
52.3161 	EXP 	unnamed ShapeStim: autoDraw = True
52.3190 	EXP 	Created unnamed ShapeStim = ShapeStim(__class__=<class 'psychopy.visual.shape.ShapeStim'>, autoDraw=False, autoLog=True, closeShape=True, contrast=1.0, depth=-2, fillColor=array([-0.8, -0.8,  1. ]), fillColorSpace='rgb', interpolate=True, lineColor=array([-0.8, -0.8,  1. ]), lineColorSpace='rgb', lineWidth=1.5, name='unnamed ShapeStim', opacity=1.0, ori=array(0.), pos=array([276.,  33.]), size=array([5., 5.]), units='pix', vertices=ndarray(...), win=Window(...), windingRule=None)
52.3375 	EXP 	unnamed ShapeStim: autoDraw = True
52.3403 	EXP 	Created unnamed ShapeStim = ShapeStim(__class__=<class 'psychopy.visual.shape.ShapeStim'>, autoDraw=False, autoLog=True, closeShape=True, contrast=1.0, depth=-2, fillColor=array([-0.8, -0.8,  1. ]), fillColorSpace='rgb', interpolate=True, lineColor=array([-0.8, -0.8,  1. ]), lineColorSpace='rgb', lineWidth=1.5, name='unnamed ShapeStim', opacity=1.0, ori=array(0.), pos=array([276.,  33.]), size=array([5., 5.]), units='pix', vertices=ndarray(...), win=Window(...), windingRule=None)
52.3589 	EXP 	unnamed ShapeStim: autoDraw = True
52.3627 	EXP 	Created unnamed ShapeStim = ShapeStim(__class__=<class 'psychopy.visual.shape.ShapeStim'>, autoDraw=False, autoLog=True, closeShape=True, contrast=1.0, depth=-2, fillColor=array([-0.8, -0.8,  1. ]), fillColorSpace='rgb', interpolate=True, lineColor=array([-0.8, -0.8,  1. ]), lineColorSpace='rgb', lineWidth=1.5, name='unnamed ShapeStim', opacity=1.0, ori=array(0.), pos=array([276.,  33.]), size=array([5., 5.]), units='pix', vertices=ndarray(...), win=Window(...), windingRule=None)
52.3830 	EXP 	unnamed ShapeStim: autoDraw = True
52.3847 	DATA 	Mouse:  Left button up, pos=(916,433)
53.4841 	DATA 	Mouse: Left button down, pos=(923,535)
53.4876 	EXP 	Created unnamed ShapeStim = ShapeStim(__class__=<class 'psychopy.visual.shape.ShapeStim'>, autoDraw=False, autoLog=True, closeShape=True, contrast=1.0, depth=-2, fillColor=array([-0.8, -0.8,  1. ]), fillColorSpace='rgb', interpolate=True, lineColor=array([-0.8, -0.8,  1. ]), lineColorSpace='rgb', lineWidth=1.5, name='unnamed ShapeStim', opacity=1.0, ori=array(0.), pos=array([283., 135.]), size=array([5., 5.]), units='pix', vertices=ndarray(...), win=Window(...), windingRule=None)
53.5064 	EXP 	unnamed ShapeStim: autoDraw = True
53.5110 	EXP 	Created unnamed ShapeStim = ShapeStim(__class__=<class 'psychopy.visual.shape.ShapeStim'>, autoDraw=False, autoLog=True, closeShape=True, contrast=1.0, depth=-2, fillColor=array([-0.8, -0.8,  1. ]), fillColorSpace='rgb', interpolate=True, lineColor=array([-0.8, -0.8,  1. ]), lineColorSpace='rgb', lineWidth=1.5, name='unnamed ShapeStim', opacity=1.0, ori=array(0.), pos=array([283., 135.]), size=array([5., 5.]), units='pix', vertices=ndarray(...), win=Window(...), windingRule=None)
53.5334 	EXP 	unnamed ShapeStim: autoDraw = True
53.5366 	EXP 	Created unnamed ShapeStim = ShapeStim(__class__=<class 'psychopy.visual.shape.ShapeStim'>, autoDraw=False, autoLog=True, closeShape=True, contrast=1.0, depth=-2, fillColor=array([-0.8, -0.8,  1. ]), fillColorSpace='rgb', interpolate=True, lineColor=array([-0.8, -0.8,  1. ]), lineColorSpace='rgb', lineWidth=1.5, name='unnamed ShapeStim', opacity=1.0, ori=array(0.), pos=array([283., 135.]), size=array([5., 5.]), units='pix', vertices=ndarray(...), win=Window(...), windingRule=None)
53.5556 	EXP 	unnamed ShapeStim: autoDraw = True
53.5564 	DATA 	Mouse:  Left button up, pos=(923,535)
55.1357 	DATA 	Mouse: Left button down, pos=(701,378)
55.1388 	EXP 	Created unnamed ShapeStim = ShapeStim(__class__=<class 'psychopy.visual.shape.ShapeStim'>, autoDraw=False, autoLog=True, closeShape=True, contrast=1.0, depth=-2, fillColor=array([-0.8, -0.8,  1. ]), fillColorSpace='rgb', interpolate=True, lineColor=array([-0.8, -0.8,  1. ]), lineColorSpace='rgb', lineWidth=1.5, name='unnamed ShapeStim', opacity=1.0, ori=array(0.), pos=array([ 61., -22.]), size=array([5., 5.]), units='pix', vertices=ndarray(...), win=Window(...), windingRule=None)
55.1580 	EXP 	unnamed ShapeStim: autoDraw = True
55.1618 	EXP 	Created unnamed ShapeStim = ShapeStim(__class__=<class 'psychopy.visual.shape.ShapeStim'>, autoDraw=False, autoLog=True, closeShape=True, contrast=1.0, depth=-2, fillColor=array([-0.8, -0.8,  1. ]), fillColorSpace='rgb', interpolate=True, lineColor=array([-0.8, -0.8,  1. ]), lineColorSpace='rgb', lineWidth=1.5, name='unnamed ShapeStim', opacity=1.0, ori=array(0.), pos=array([ 61., -22.]), size=array([5., 5.]), units='pix', vertices=ndarray(...), win=Window(...), windingRule=None)
55.1845 	EXP 	unnamed ShapeStim: autoDraw = True
55.1858 	DATA 	Mouse:  Left button up, pos=(701,378)
57.8119 	DATA 	Mouse: Left button down, pos=(429,437)
57.8149 	EXP 	Created unnamed ShapeStim = ShapeStim(__class__=<class 'psychopy.visual.shape.ShapeStim'>, autoDraw=False, autoLog=True, closeShape=True, contrast=1.0, depth=-2, fillColor=array([-0.8, -0.8,  1. ]), fillColorSpace='rgb', interpolate=True, lineColor=array([-0.8, -0.8,  1. ]), lineColorSpace='rgb', lineWidth=1.5, name='unnamed ShapeStim', opacity=1.0, ori=array(0.), pos=array([-211.,   37.]), size=array([5., 5.]), units='pix', vertices=ndarray(...), win=Window(...), windingRule=None)
57.8359 	EXP 	unnamed ShapeStim: autoDraw = True
57.8397 	EXP 	Created unnamed ShapeStim = ShapeStim(__class__=<class 'psychopy.visual.shape.ShapeStim'>, autoDraw=False, autoLog=True, closeShape=True, contrast=1.0, depth=-2, fillColor=array([-0.8, -0.8,  1. ]), fillColorSpace='rgb', interpolate=True, lineColor=array([-0.8, -0.8,  1. ]), lineColorSpace='rgb', lineWidth=1.5, name='unnamed ShapeStim', opacity=1.0, ori=array(0.), pos=array([-211.,   37.]), size=array([5., 5.]), units='pix', vertices=ndarray(...), win=Window(...), windingRule=None)
57.8593 	EXP 	unnamed ShapeStim: autoDraw = True
57.8629 	EXP 	Created unnamed ShapeStim = ShapeStim(__class__=<class 'psychopy.visual.shape.ShapeStim'>, autoDraw=False, autoLog=True, closeShape=True, contrast=1.0, depth=-2, fillColor=array([-0.8, -0.8,  1. ]), fillColorSpace='rgb', interpolate=True, lineColor=array([-0.8, -0.8,  1. ]), lineColorSpace='rgb', lineWidth=1.5, name='unnamed ShapeStim', opacity=1.0, ori=array(0.), pos=array([-211.,   37.]), size=array([5., 5.]), units='pix', vertices=ndarray(...), win=Window(...), windingRule=None)
57.8862 	EXP 	unnamed ShapeStim: autoDraw = True
57.8891 	EXP 	Created unnamed ShapeStim = ShapeStim(__class__=<class 'psychopy.visual.shape.ShapeStim'>, autoDraw=False, autoLog=True, closeShape=True, contrast=1.0, depth=-2, fillColor=array([-0.8, -0.8,  1. ]), fillColorSpace='rgb', interpolate=True, lineColor=array([-0.8, -0.8,  1. ]), lineColorSpace='rgb', lineWidth=1.5, name='unnamed ShapeStim', opacity=1.0, ori=array(0.), pos=array([-211.,   37.]), size=array([5., 5.]), units='pix', vertices=ndarray(...), win=Window(...), windingRule=None)
57.8923 	DATA 	Mouse:  Left button up, pos=(429,437)
57.9096 	EXP 	unnamed ShapeStim: autoDraw = True
61.6635 	DATA 	Mouse: Left button down, pos=(608,440)
61.6672 	EXP 	Created unnamed ShapeStim = ShapeStim(__class__=<class 'psychopy.visual.shape.ShapeStim'>, autoDraw=False, autoLog=True, closeShape=True, contrast=1.0, depth=-2, fillColor=array([-0.8, -0.8,  1. ]), fillColorSpace='rgb', interpolate=True, lineColor=array([-0.8, -0.8,  1. ]), lineColorSpace='rgb', lineWidth=1.5, name='unnamed ShapeStim', opacity=1.0, ori=array(0.), pos=array([-32.,  40.]), size=array([5., 5.]), units='pix', vertices=ndarray(...), win=Window(...), windingRule=None)
61.6872 	EXP 	unnamed ShapeStim: autoDraw = True
61.6917 	EXP 	Created unnamed ShapeStim = ShapeStim(__class__=<class 'psychopy.visual.shape.ShapeStim'>, autoDraw=False, autoLog=True, closeShape=True, contrast=1.0, depth=-2, fillColor=array([-0.8, -0.8,  1. ]), fillColorSpace='rgb', interpolate=True, lineColor=array([-0.8, -0.8,  1. ]), lineColorSpace='rgb', lineWidth=1.5, name='unnamed ShapeStim', opacity=1.0, ori=array(0.), pos=array([-32.,  40.]), size=array([5., 5.]), units='pix', vertices=ndarray(...), win=Window(...), windingRule=None)
61.7119 	EXP 	unnamed ShapeStim: autoDraw = True
61.7158 	EXP 	Created unnamed ShapeStim = ShapeStim(__class__=<class 'psychopy.visual.shape.ShapeStim'>, autoDraw=False, autoLog=True, closeShape=True, contrast=1.0, depth=-2, fillColor=array([-0.8, -0.8,  1. ]), fillColorSpace='rgb', interpolate=True, lineColor=array([-0.8, -0.8,  1. ]), lineColorSpace='rgb', lineWidth=1.5, name='unnamed ShapeStim', opacity=1.0, ori=array(0.), pos=array([-32.,  40.]), size=array([5., 5.]), units='pix', vertices=ndarray(...), win=Window(...), windingRule=None)
61.7369 	EXP 	unnamed ShapeStim: autoDraw = True
61.7405 	EXP 	Created unnamed ShapeStim = ShapeStim(__class__=<class 'psychopy.visual.shape.ShapeStim'>, autoDraw=False, autoLog=True, closeShape=True, contrast=1.0, depth=-2, fillColor=array([-0.8, -0.8,  1. ]), fillColorSpace='rgb', interpolate=True, lineColor=array([-0.8, -0.8,  1. ]), lineColorSpace='rgb', lineWidth=1.5, name='unnamed ShapeStim', opacity=1.0, ori=array(0.), pos=array([-32.,  40.]), size=array([5., 5.]), units='pix', vertices=ndarray(...), win=Window(...), windingRule=None)
61.7612 	EXP 	unnamed ShapeStim: autoDraw = True
61.7624 	DATA 	Mouse:  Left button up, pos=(608,440)
109.9263 	EXP 	testPoly: autoDraw = False
109.9263 	EXP 	testImg: autoDraw = False
109.9263 	EXP 	image: autoDraw = False
109.9263 	EXP 	unnamed ShapeStim: autoDraw = False
109.9263 	EXP 	unnamed ShapeStim: autoDraw = False
109.9263 	EXP 	unnamed ShapeStim: autoDraw = False
109.9263 	EXP 	unnamed ShapeStim: autoDraw = False
109.9263 	EXP 	unnamed ShapeStim: autoDraw = False
109.9263 	EXP 	unnamed ShapeStim: autoDraw = False
109.9263 	EXP 	unnamed ShapeStim: autoDraw = False
109.9263 	EXP 	unnamed ShapeStim: autoDraw = False
109.9263 	EXP 	unnamed ShapeStim: autoDraw = False
109.9263 	EXP 	unnamed ShapeStim: autoDraw = False
109.9263 	EXP 	unnamed ShapeStim: autoDraw = False
109.9263 	EXP 	unnamed ShapeStim: autoDraw = False
109.9263 	EXP 	unnamed ShapeStim: autoDraw = False
109.9263 	EXP 	unnamed ShapeStim: autoDraw = False
109.9263 	EXP 	unnamed ShapeStim: autoDraw = False
109.9263 	EXP 	unnamed ShapeStim: autoDraw = False
109.9263 	EXP 	unnamed ShapeStim: autoDraw = False
109.9263 	EXP 	blank500_txt: autoDraw = True
110.4120 	EXP 	New trial (rep=0, index=1): OrderedDict([('targ_path', 'imgs/targets/targ_1.jpg'), ('cont_path', 'imgs/contexts/cont_1.jpg'), ('img_w_h', [1280, 290])])
110.4277 	EXP 	blank500_txt: autoDraw = False
110.4277 	EXP 	blank3000_next_txt: autoDraw = True
112.4285 	EXP 	blank3000_next_txt: autoDraw = False
112.4285 	EXP 	text_count_3: autoDraw = True
113.4291 	EXP 	text_count_3: autoDraw = False
113.4291 	EXP 	text_count_2: autoDraw = True
114.4294 	EXP 	text_count_2: autoDraw = False
114.4294 	EXP 	text_count_1: autoDraw = True
115.6206 	EXP 	text_count_1: autoDraw = False
115.6206 	EXP 	testPoly: size = array([1280.,  290.])
115.6206 	EXP 	testImg: size = array([1280.,  290.])
115.6206 	EXP 	testImg: image = 'imgs/contexts/cont_1.jpg'
115.6206 	EXP 	image: image = 'imgs/targets/targ_1.jpg'
115.6206 	EXP 	testPoly: autoDraw = True
115.6206 	EXP 	testImg: autoDraw = True
115.6206 	EXP 	image: autoDraw = True
145.7415 	DATA 	Mouse: Left button down, pos=(1009,529)
145.7448 	EXP 	Created unnamed ShapeStim = ShapeStim(__class__=<class 'psychopy.visual.shape.ShapeStim'>, autoDraw=False, autoLog=True, closeShape=True, contrast=1.0, depth=-2, fillColor=array([-0.8, -0.8,  1. ]), fillColorSpace='rgb', interpolate=True, lineColor=array([-0.8, -0.8,  1. ]), lineColorSpace='rgb', lineWidth=1.5, name='unnamed ShapeStim', opacity=1.0, ori=array(0.), pos=array([369., 129.]), size=array([5., 5.]), units='pix', vertices=ndarray(...), win=Window(...), windingRule=None)
145.7667 	EXP 	unnamed ShapeStim: autoDraw = True
145.7707 	EXP 	Created unnamed ShapeStim = ShapeStim(__class__=<class 'psychopy.visual.shape.ShapeStim'>, autoDraw=False, autoLog=True, closeShape=True, contrast=1.0, depth=-2, fillColor=array([-0.8, -0.8,  1. ]), fillColorSpace='rgb', interpolate=True, lineColor=array([-0.8, -0.8,  1. ]), lineColorSpace='rgb', lineWidth=1.5, name='unnamed ShapeStim', opacity=1.0, ori=array(0.), pos=array([369., 129.]), size=array([5., 5.]), units='pix', vertices=ndarray(...), win=Window(...), windingRule=None)
145.7932 	EXP 	unnamed ShapeStim: autoDraw = True
145.7979 	EXP 	Created unnamed ShapeStim = ShapeStim(__class__=<class 'psychopy.visual.shape.ShapeStim'>, autoDraw=False, autoLog=True, closeShape=True, contrast=1.0, depth=-2, fillColor=array([-0.8, -0.8,  1. ]), fillColorSpace='rgb', interpolate=True, lineColor=array([-0.8, -0.8,  1. ]), lineColorSpace='rgb', lineWidth=1.5, name='unnamed ShapeStim', opacity=1.0, ori=array(0.), pos=array([369., 129.]), size=array([5., 5.]), units='pix', vertices=ndarray(...), win=Window(...), windingRule=None)
145.8195 	EXP 	unnamed ShapeStim: autoDraw = True
145.8225 	EXP 	Created unnamed ShapeStim = ShapeStim(__class__=<class 'psychopy.visual.shape.ShapeStim'>, autoDraw=False, autoLog=True, closeShape=True, contrast=1.0, depth=-2, fillColor=array([-0.8, -0.8,  1. ]), fillColorSpace='rgb', interpolate=True, lineColor=array([-0.8, -0.8,  1. ]), lineColorSpace='rgb', lineWidth=1.5, name='unnamed ShapeStim', opacity=1.0, ori=array(0.), pos=array([369., 129.]), size=array([5., 5.]), units='pix', vertices=ndarray(...), win=Window(...), windingRule=None)
145.8447 	EXP 	unnamed ShapeStim: autoDraw = True
145.8480 	EXP 	Created unnamed ShapeStim = ShapeStim(__class__=<class 'psychopy.visual.shape.ShapeStim'>, autoDraw=False, autoLog=True, closeShape=True, contrast=1.0, depth=-2, fillColor=array([-0.8, -0.8,  1. ]), fillColorSpace='rgb', interpolate=True, lineColor=array([-0.8, -0.8,  1. ]), lineColorSpace='rgb', lineWidth=1.5, name='unnamed ShapeStim', opacity=1.0, ori=array(0.), pos=array([369., 129.]), size=array([5., 5.]), units='pix', vertices=ndarray(...), win=Window(...), windingRule=None)
145.8701 	EXP 	unnamed ShapeStim: autoDraw = True
145.8734 	EXP 	Created unnamed ShapeStim = ShapeStim(__class__=<class 'psychopy.visual.shape.ShapeStim'>, autoDraw=False, autoLog=True, closeShape=True, contrast=1.0, depth=-2, fillColor=array([-0.8, -0.8,  1. ]), fillColorSpace='rgb', interpolate=True, lineColor=array([-0.8, -0.8,  1. ]), lineColorSpace='rgb', lineWidth=1.5, name='unnamed ShapeStim', opacity=1.0, ori=array(0.), pos=array([369., 129.]), size=array([5., 5.]), units='pix', vertices=ndarray(...), win=Window(...), windingRule=None)
145.8962 	EXP 	unnamed ShapeStim: autoDraw = True
145.8970 	DATA 	Mouse:  Left button up, pos=(1009,529)
149.5876 	DATA 	Mouse: Left button down, pos=(944,403)
149.5909 	EXP 	Created unnamed ShapeStim = ShapeStim(__class__=<class 'psychopy.visual.shape.ShapeStim'>, autoDraw=False, autoLog=True, closeShape=True, contrast=1.0, depth=-2, fillColor=array([-0.8, -0.8,  1. ]), fillColorSpace='rgb', interpolate=True, lineColor=array([-0.8, -0.8,  1. ]), lineColorSpace='rgb', lineWidth=1.5, name='unnamed ShapeStim', opacity=1.0, ori=array(0.), pos=array([303.,   3.]), size=array([5., 5.]), units='pix', vertices=ndarray(...), win=Window(...), windingRule=None)
149.6133 	EXP 	unnamed ShapeStim: autoDraw = True
149.6180 	EXP 	Created unnamed ShapeStim = ShapeStim(__class__=<class 'psychopy.visual.shape.ShapeStim'>, autoDraw=False, autoLog=True, closeShape=True, contrast=1.0, depth=-2, fillColor=array([-0.8, -0.8,  1. ]), fillColorSpace='rgb', interpolate=True, lineColor=array([-0.8, -0.8,  1. ]), lineColorSpace='rgb', lineWidth=1.5, name='unnamed ShapeStim', opacity=1.0, ori=array(0.), pos=array([303.,   3.]), size=array([5., 5.]), units='pix', vertices=ndarray(...), win=Window(...), windingRule=None)
149.6407 	EXP 	unnamed ShapeStim: autoDraw = True
149.6436 	EXP 	Created unnamed ShapeStim = ShapeStim(__class__=<class 'psychopy.visual.shape.ShapeStim'>, autoDraw=False, autoLog=True, closeShape=True, contrast=1.0, depth=-2, fillColor=array([-0.8, -0.8,  1. ]), fillColorSpace='rgb', interpolate=True, lineColor=array([-0.8, -0.8,  1. ]), lineColorSpace='rgb', lineWidth=1.5, name='unnamed ShapeStim', opacity=1.0, ori=array(0.), pos=array([303.,   3.]), size=array([5., 5.]), units='pix', vertices=ndarray(...), win=Window(...), windingRule=None)
149.6669 	EXP 	unnamed ShapeStim: autoDraw = True
149.6698 	EXP 	Created unnamed ShapeStim = ShapeStim(__class__=<class 'psychopy.visual.shape.ShapeStim'>, autoDraw=False, autoLog=True, closeShape=True, contrast=1.0, depth=-2, fillColor=array([-0.8, -0.8,  1. ]), fillColorSpace='rgb', interpolate=True, lineColor=array([-0.8, -0.8,  1. ]), lineColorSpace='rgb', lineWidth=1.5, name='unnamed ShapeStim', opacity=1.0, ori=array(0.), pos=array([303.,   3.]), size=array([5., 5.]), units='pix', vertices=ndarray(...), win=Window(...), windingRule=None)
149.6954 	EXP 	unnamed ShapeStim: autoDraw = True
149.6998 	EXP 	Created unnamed ShapeStim = ShapeStim(__class__=<class 'psychopy.visual.shape.ShapeStim'>, autoDraw=False, autoLog=True, closeShape=True, contrast=1.0, depth=-2, fillColor=array([-0.8, -0.8,  1. ]), fillColorSpace='rgb', interpolate=True, lineColor=array([-0.8, -0.8,  1. ]), lineColorSpace='rgb', lineWidth=1.5, name='unnamed ShapeStim', opacity=1.0, ori=array(0.), pos=array([303.,   3.]), size=array([5., 5.]), units='pix', vertices=ndarray(...), win=Window(...), windingRule=None)
149.7233 	EXP 	unnamed ShapeStim: autoDraw = True
149.7245 	DATA 	Mouse:  Left button up, pos=(943,403)
154.1272 	DATA 	Mouse: Left button down, pos=(1230,537)
154.1520 	EXP 	Created unnamed ShapeStim = ShapeStim(__class__=<class 'psychopy.visual.shape.ShapeStim'>, autoDraw=False, autoLog=True, closeShape=True, contrast=1.0, depth=-2, fillColor=array([-0.8, -0.8,  1. ]), fillColorSpace='rgb', interpolate=True, lineColor=array([-0.8, -0.8,  1. ]), lineColorSpace='rgb', lineWidth=1.5, name='unnamed ShapeStim', opacity=1.0, ori=array(0.), pos=array([590., 137.]), size=array([5., 5.]), units='pix', vertices=ndarray(...), win=Window(...), windingRule=None)
154.1752 	EXP 	unnamed ShapeStim: autoDraw = True
154.1791 	EXP 	Created unnamed ShapeStim = ShapeStim(__class__=<class 'psychopy.visual.shape.ShapeStim'>, autoDraw=False, autoLog=True, closeShape=True, contrast=1.0, depth=-2, fillColor=array([-0.8, -0.8,  1. ]), fillColorSpace='rgb', interpolate=True, lineColor=array([-0.8, -0.8,  1. ]), lineColorSpace='rgb', lineWidth=1.5, name='unnamed ShapeStim', opacity=1.0, ori=array(0.), pos=array([590., 137.]), size=array([5., 5.]), units='pix', vertices=ndarray(...), win=Window(...), windingRule=None)
154.2023 	EXP 	unnamed ShapeStim: autoDraw = True
154.2055 	EXP 	Created unnamed ShapeStim = ShapeStim(__class__=<class 'psychopy.visual.shape.ShapeStim'>, autoDraw=False, autoLog=True, closeShape=True, contrast=1.0, depth=-2, fillColor=array([-0.8, -0.8,  1. ]), fillColorSpace='rgb', interpolate=True, lineColor=array([-0.8, -0.8,  1. ]), lineColorSpace='rgb', lineWidth=1.5, name='unnamed ShapeStim', opacity=1.0, ori=array(0.), pos=array([590., 137.]), size=array([5., 5.]), units='pix', vertices=ndarray(...), win=Window(...), windingRule=None)
154.2307 	EXP 	unnamed ShapeStim: autoDraw = True
154.2339 	EXP 	Created unnamed ShapeStim = ShapeStim(__class__=<class 'psychopy.visual.shape.ShapeStim'>, autoDraw=False, autoLog=True, closeShape=True, contrast=1.0, depth=-2, fillColor=array([-0.8, -0.8,  1. ]), fillColorSpace='rgb', interpolate=True, lineColor=array([-0.8, -0.8,  1. ]), lineColorSpace='rgb', lineWidth=1.5, name='unnamed ShapeStim', opacity=1.0, ori=array(0.), pos=array([590., 137.]), size=array([5., 5.]), units='pix', vertices=ndarray(...), win=Window(...), windingRule=None)
154.2573 	EXP 	unnamed ShapeStim: autoDraw = True
154.2618 	EXP 	Created unnamed ShapeStim = ShapeStim(__class__=<class 'psychopy.visual.shape.ShapeStim'>, autoDraw=False, autoLog=True, closeShape=True, contrast=1.0, depth=-2, fillColor=array([-0.8, -0.8,  1. ]), fillColorSpace='rgb', interpolate=True, lineColor=array([-0.8, -0.8,  1. ]), lineColorSpace='rgb', lineWidth=1.5, name='unnamed ShapeStim', opacity=1.0, ori=array(0.), pos=array([590., 137.]), size=array([5., 5.]), units='pix', vertices=ndarray(...), win=Window(...), windingRule=None)
154.2860 	EXP 	unnamed ShapeStim: autoDraw = True
154.2869 	DATA 	Mouse:  Left button up, pos=(1230,537)
156.9256 	DATA 	Mouse: Left button down, pos=(1103,491)
156.9286 	EXP 	Created unnamed ShapeStim = ShapeStim(__class__=<class 'psychopy.visual.shape.ShapeStim'>, autoDraw=False, autoLog=True, closeShape=True, contrast=1.0, depth=-2, fillColor=array([-0.8, -0.8,  1. ]), fillColorSpace='rgb', interpolate=True, lineColor=array([-0.8, -0.8,  1. ]), lineColorSpace='rgb', lineWidth=1.5, name='unnamed ShapeStim', opacity=1.0, ori=array(0.), pos=array([463.,  91.]), size=array([5., 5.]), units='pix', vertices=ndarray(...), win=Window(...), windingRule=None)
156.9529 	EXP 	unnamed ShapeStim: autoDraw = True
156.9563 	EXP 	Created unnamed ShapeStim = ShapeStim(__class__=<class 'psychopy.visual.shape.ShapeStim'>, autoDraw=False, autoLog=True, closeShape=True, contrast=1.0, depth=-2, fillColor=array([-0.8, -0.8,  1. ]), fillColorSpace='rgb', interpolate=True, lineColor=array([-0.8, -0.8,  1. ]), lineColorSpace='rgb', lineWidth=1.5, name='unnamed ShapeStim', opacity=1.0, ori=array(0.), pos=array([463.,  91.]), size=array([5., 5.]), units='pix', vertices=ndarray(...), win=Window(...), windingRule=None)
156.9823 	EXP 	unnamed ShapeStim: autoDraw = True
156.9854 	EXP 	Created unnamed ShapeStim = ShapeStim(__class__=<class 'psychopy.visual.shape.ShapeStim'>, autoDraw=False, autoLog=True, closeShape=True, contrast=1.0, depth=-2, fillColor=array([-0.8, -0.8,  1. ]), fillColorSpace='rgb', interpolate=True, lineColor=array([-0.8, -0.8,  1. ]), lineColorSpace='rgb', lineWidth=1.5, name='unnamed ShapeStim', opacity=1.0, ori=array(0.), pos=array([463.,  91.]), size=array([5., 5.]), units='pix', vertices=ndarray(...), win=Window(...), windingRule=None)
157.0099 	EXP 	unnamed ShapeStim: autoDraw = True
157.0136 	EXP 	Created unnamed ShapeStim = ShapeStim(__class__=<class 'psychopy.visual.shape.ShapeStim'>, autoDraw=False, autoLog=True, closeShape=True, contrast=1.0, depth=-2, fillColor=array([-0.8, -0.8,  1. ]), fillColorSpace='rgb', interpolate=True, lineColor=array([-0.8, -0.8,  1. ]), lineColorSpace='rgb', lineWidth=1.5, name='unnamed ShapeStim', opacity=1.0, ori=array(0.), pos=array([463.,  91.]), size=array([5., 5.]), units='pix', vertices=ndarray(...), win=Window(...), windingRule=None)
157.0383 	EXP 	unnamed ShapeStim: autoDraw = True
157.0391 	DATA 	Mouse:  Left button up, pos=(1103,491)
160.8527 	DATA 	Mouse: Left button down, pos=(1249,393)
160.8780 	EXP 	Created unnamed ShapeStim = ShapeStim(__class__=<class 'psychopy.visual.shape.ShapeStim'>, autoDraw=False, autoLog=True, closeShape=True, contrast=1.0, depth=-2, fillColor=array([-0.8, -0.8,  1. ]), fillColorSpace='rgb', interpolate=True, lineColor=array([-0.8, -0.8,  1. ]), lineColorSpace='rgb', lineWidth=1.5, name='unnamed ShapeStim', opacity=1.0, ori=array(0.), pos=array([609.,  -7.]), size=array([5., 5.]), units='pix', vertices=ndarray(...), win=Window(...), windingRule=None)
160.9033 	EXP 	unnamed ShapeStim: autoDraw = True
160.9069 	EXP 	Created unnamed ShapeStim = ShapeStim(__class__=<class 'psychopy.visual.shape.ShapeStim'>, autoDraw=False, autoLog=True, closeShape=True, contrast=1.0, depth=-2, fillColor=array([-0.8, -0.8,  1. ]), fillColorSpace='rgb', interpolate=True, lineColor=array([-0.8, -0.8,  1. ]), lineColorSpace='rgb', lineWidth=1.5, name='unnamed ShapeStim', opacity=1.0, ori=array(0.), pos=array([609.,  -7.]), size=array([5., 5.]), units='pix', vertices=ndarray(...), win=Window(...), windingRule=None)
160.9343 	EXP 	unnamed ShapeStim: autoDraw = True
160.9389 	EXP 	Created unnamed ShapeStim = ShapeStim(__class__=<class 'psychopy.visual.shape.ShapeStim'>, autoDraw=False, autoLog=True, closeShape=True, contrast=1.0, depth=-2, fillColor=array([-0.8, -0.8,  1. ]), fillColorSpace='rgb', interpolate=True, lineColor=array([-0.8, -0.8,  1. ]), lineColorSpace='rgb', lineWidth=1.5, name='unnamed ShapeStim', opacity=1.0, ori=array(0.), pos=array([609.,  -7.]), size=array([5., 5.]), units='pix', vertices=ndarray(...), win=Window(...), windingRule=None)
160.9672 	EXP 	unnamed ShapeStim: autoDraw = True
160.9688 	DATA 	Mouse:  Left button up, pos=(1249,393)
167.2553 	DATA 	Mouse: Left button down, pos=(768,441)
167.2591 	EXP 	Created unnamed ShapeStim = ShapeStim(__class__=<class 'psychopy.visual.shape.ShapeStim'>, autoDraw=False, autoLog=True, closeShape=True, contrast=1.0, depth=-2, fillColor=array([-0.8, -0.8,  1. ]), fillColorSpace='rgb', interpolate=True, lineColor=array([-0.8, -0.8,  1. ]), lineColorSpace='rgb', lineWidth=1.5, name='unnamed ShapeStim', opacity=1.0, ori=array(0.), pos=array([129.,  41.]), size=array([5., 5.]), units='pix', vertices=ndarray(...), win=Window(...), windingRule=None)
167.2837 	EXP 	unnamed ShapeStim: autoDraw = True
167.2873 	EXP 	Created unnamed ShapeStim = ShapeStim(__class__=<class 'psychopy.visual.shape.ShapeStim'>, autoDraw=False, autoLog=True, closeShape=True, contrast=1.0, depth=-2, fillColor=array([-0.8, -0.8,  1. ]), fillColorSpace='rgb', interpolate=True, lineColor=array([-0.8, -0.8,  1. ]), lineColorSpace='rgb', lineWidth=1.5, name='unnamed ShapeStim', opacity=1.0, ori=array(0.), pos=array([129.,  41.]), size=array([5., 5.]), units='pix', vertices=ndarray(...), win=Window(...), windingRule=None)
167.3120 	EXP 	unnamed ShapeStim: autoDraw = True
167.3164 	EXP 	Created unnamed ShapeStim = ShapeStim(__class__=<class 'psychopy.visual.shape.ShapeStim'>, autoDraw=False, autoLog=True, closeShape=True, contrast=1.0, depth=-2, fillColor=array([-0.8, -0.8,  1. ]), fillColorSpace='rgb', interpolate=True, lineColor=array([-0.8, -0.8,  1. ]), lineColorSpace='rgb', lineWidth=1.5, name='unnamed ShapeStim', opacity=1.0, ori=array(0.), pos=array([129.,  41.]), size=array([5., 5.]), units='pix', vertices=ndarray(...), win=Window(...), windingRule=None)
167.3416 	EXP 	unnamed ShapeStim: autoDraw = True
167.3449 	EXP 	Created unnamed ShapeStim = ShapeStim(__class__=<class 'psychopy.visual.shape.ShapeStim'>, autoDraw=False, autoLog=True, closeShape=True, contrast=1.0, depth=-2, fillColor=array([-0.8, -0.8,  1. ]), fillColorSpace='rgb', interpolate=True, lineColor=array([-0.8, -0.8,  1. ]), lineColorSpace='rgb', lineWidth=1.5, name='unnamed ShapeStim', opacity=1.0, ori=array(0.), pos=array([129.,  41.]), size=array([5., 5.]), units='pix', vertices=ndarray(...), win=Window(...), windingRule=None)
167.3709 	EXP 	unnamed ShapeStim: autoDraw = True
167.3738 	EXP 	Created unnamed ShapeStim = ShapeStim(__class__=<class 'psychopy.visual.shape.ShapeStim'>, autoDraw=False, autoLog=True, closeShape=True, contrast=1.0, depth=-2, fillColor=array([-0.8, -0.8,  1. ]), fillColorSpace='rgb', interpolate=True, lineColor=array([-0.8, -0.8,  1. ]), lineColorSpace='rgb', lineWidth=1.5, name='unnamed ShapeStim', opacity=1.0, ori=array(0.), pos=array([129.,  41.]), size=array([5., 5.]), units='pix', vertices=ndarray(...), win=Window(...), windingRule=None)
167.3997 	EXP 	unnamed ShapeStim: autoDraw = True
167.4031 	EXP 	Created unnamed ShapeStim = ShapeStim(__class__=<class 'psychopy.visual.shape.ShapeStim'>, autoDraw=False, autoLog=True, closeShape=True, contrast=1.0, depth=-2, fillColor=array([-0.8, -0.8,  1. ]), fillColorSpace='rgb', interpolate=True, lineColor=array([-0.8, -0.8,  1. ]), lineColorSpace='rgb', lineWidth=1.5, name='unnamed ShapeStim', opacity=1.0, ori=array(0.), pos=array([129.,  41.]), size=array([5., 5.]), units='pix', vertices=ndarray(...), win=Window(...), windingRule=None)
167.4283 	EXP 	unnamed ShapeStim: autoDraw = True
167.4317 	EXP 	Created unnamed ShapeStim = ShapeStim(__class__=<class 'psychopy.visual.shape.ShapeStim'>, autoDraw=False, autoLog=True, closeShape=True, contrast=1.0, depth=-2, fillColor=array([-0.8, -0.8,  1. ]), fillColorSpace='rgb', interpolate=True, lineColor=array([-0.8, -0.8,  1. ]), lineColorSpace='rgb', lineWidth=1.5, name='unnamed ShapeStim', opacity=1.0, ori=array(0.), pos=array([129.,  41.]), size=array([5., 5.]), units='pix', vertices=ndarray(...), win=Window(...), windingRule=None)
167.4575 	EXP 	unnamed ShapeStim: autoDraw = True
167.4606 	EXP 	Created unnamed ShapeStim = ShapeStim(__class__=<class 'psychopy.visual.shape.ShapeStim'>, autoDraw=False, autoLog=True, closeShape=True, contrast=1.0, depth=-2, fillColor=array([-0.8, -0.8,  1. ]), fillColorSpace='rgb', interpolate=True, lineColor=array([-0.8, -0.8,  1. ]), lineColorSpace='rgb', lineWidth=1.5, name='unnamed ShapeStim', opacity=1.0, ori=array(0.), pos=array([129.,  41.]), size=array([5., 5.]), units='pix', vertices=ndarray(...), win=Window(...), windingRule=None)
167.4879 	EXP 	unnamed ShapeStim: autoDraw = True
167.4891 	DATA 	Mouse:  Left button up, pos=(769,441)
175.4242 	EXP 	testPoly: autoDraw = False
175.4242 	EXP 	testImg: autoDraw = False
175.4242 	EXP 	image: autoDraw = False
175.4242 	EXP 	unnamed ShapeStim: autoDraw = False
175.4242 	EXP 	unnamed ShapeStim: autoDraw = False
175.4242 	EXP 	unnamed ShapeStim: autoDraw = False
175.4242 	EXP 	unnamed ShapeStim: autoDraw = False
175.4242 	EXP 	unnamed ShapeStim: autoDraw = False
175.4242 	EXP 	unnamed ShapeStim: autoDraw = False
175.4242 	EXP 	unnamed ShapeStim: autoDraw = False
175.4242 	EXP 	unnamed ShapeStim: autoDraw = False
175.4242 	EXP 	unnamed ShapeStim: autoDraw = False
175.4242 	EXP 	unnamed ShapeStim: autoDraw = False
175.4242 	EXP 	unnamed ShapeStim: autoDraw = False
175.4242 	EXP 	unnamed ShapeStim: autoDraw = False
175.4242 	EXP 	unnamed ShapeStim: autoDraw = False
175.4242 	EXP 	unnamed ShapeStim: autoDraw = False
175.4242 	EXP 	unnamed ShapeStim: autoDraw = False
175.4242 	EXP 	unnamed ShapeStim: autoDraw = False
175.4242 	EXP 	unnamed ShapeStim: autoDraw = False
175.4242 	EXP 	unnamed ShapeStim: autoDraw = False
175.4242 	EXP 	unnamed ShapeStim: autoDraw = False
175.4242 	EXP 	unnamed ShapeStim: autoDraw = False
175.4242 	EXP 	unnamed ShapeStim: autoDraw = False
175.4242 	EXP 	unnamed ShapeStim: autoDraw = False
175.4242 	EXP 	unnamed ShapeStim: autoDraw = False
175.4242 	EXP 	unnamed ShapeStim: autoDraw = False
175.4242 	EXP 	unnamed ShapeStim: autoDraw = False
175.4242 	EXP 	unnamed ShapeStim: autoDraw = False
175.4242 	EXP 	unnamed ShapeStim: autoDraw = False
175.4242 	EXP 	unnamed ShapeStim: autoDraw = False
175.4242 	EXP 	unnamed ShapeStim: autoDraw = False
175.4242 	EXP 	unnamed ShapeStim: autoDraw = False
175.4242 	EXP 	unnamed ShapeStim: autoDraw = False
175.4242 	EXP 	blank500_txt: autoDraw = True
175.9095 	EXP 	New trial (rep=0, index=2): OrderedDict([('targ_path', 'imgs/targets/targ_2.jpg'), ('cont_path', 'imgs/contexts/cont_2.jpg'), ('img_w_h', [1280, 290])])
175.9250 	EXP 	blank500_txt: autoDraw = False
175.9250 	EXP 	blank3000_next_txt: autoDraw = True
177.9263 	EXP 	blank3000_next_txt: autoDraw = False
177.9263 	EXP 	text_count_3: autoDraw = True
178.0667 	DATA 	Keypress: escape
178.4054 	EXP 	window1: mouseVisible = True
