11.7538 	EXP 	Created window1 = Window(allowGUI=False, allowStencil=False, args=UNKNOWN, autoLog=True, bitsMode=UNKNOWN, blendMode='avg', color=array([-1., -1., -1.]), colorSpace='rgb', fullscr=<method-wrapper '__getattribute__' of attributeSetter object at 0x130202c18>, gamma=None, kwargs=UNKNOWN, lms=UNKNOWN, monitor=<psychopy.monitors.calibTools.Monitor object at 0x1300f9240>, multiSample=False, name='window1', numSamples=2, pos=[0.0, 0.0], screen=0, size=array([2560, 1600]), stereo=False, units='pix', useFBO=True, useRetina=True, viewOri=0.0, viewPos=None, viewScale=None, waitBlanking=True, winType='pyglet')
11.7538 	EXP 	window1: recordFrameIntervals = False
11.9204 	EXP 	window1: recordFrameIntervals = True
12.1029 	EXP 	window1: recordFrameIntervals = False
12.8248 	EXP 	Created txt_welcome = TextStim(__class__=<class 'psychopy.visual.text.TextStim'>, alignHoriz='center', alignVert='center', antialias=True, autoLog=True, bold=False, color='white', colorSpace='named', contrast=1.0, depth=0.0, flipHoriz=False, flipVert=False, font='Arial', fontFiles=[], height=25, italic=False, languageStyle='LTR', name='txt_welcome', opacity=1.0, ori=0, pos=array([0., 0.]), rgb=array([255., 255., 255.]), text=str(...), units='pix', win=Window(...), wrapWidth=500)
12.8474 	EXP 	Created text_welcome_clickme = TextStim(__class__=<class 'psychopy.visual.text.TextStim'>, alignHoriz='center', alignVert='center', antialias=True, autoLog=True, bold=False, color='white', colorSpace='named', contrast=1.0, depth=-1.0, flipHoriz=False, flipVert=False, font='Arial', fontFiles=[], height=15, italic=False, languageStyle='LTR', name='text_welcome_clickme', opacity=1.0, ori=0, pos=array([   0., -350.]), rgb=array([255., 255., 255.]), text=str(...), units='pix', win=Window(...), wrapWidth=500)
12.8814 	EXP 	Created text_pre_practice_a = TextStim(__class__=<class 'psychopy.visual.text.TextStim'>, alignHoriz='center', alignVert='center', antialias=True, autoLog=True, bold=False, color='white', colorSpace='named', contrast=1.0, depth=0.0, flipHoriz=False, flipVert=False, font='Arial', fontFiles=[], height=20, italic=False, languageStyle='LTR', name='text_pre_practice_a', opacity=1.0, ori=0, pos=array([0., 0.]), rgb=array([255., 255., 255.]), text=str(...), units='pix', win=Window(...), wrapWidth=500)
12.8851 	EXP 	Created practice_poly = Rect(__class__=<class 'psychopy.visual.rect.Rect'>, autoDraw=False, autoLog=True, closeShape=True, color=method-wrapper(...), colorSpace=None, contrast=1.0, depth=0.0, fillColor=array([ 1., -1., -1.]), fillColorSpace='rgb', fillRGB=array([ 1., -1., -1.]), interpolate=True, lineColor=array([1., 1., 1.]), lineColorSpace='rgb', lineRGB=array([1., 1., 1.]), lineWidth=1, name='practice_poly', opacity=0.0, ori=array(0.), pos=array([  0., 100.]), size=array([1., 1.]), units='pix', vertices=ndarray(...), win=Window(...))
12.8925 	EXP 	Created practice_context = ImageStim(__class__=<class 'psychopy.visual.image.ImageStim'>, autoLog=True, color=array([1., 1., 1.]), colorSpace='rgb', contrast=1.0, depth=-1.0, flipHoriz=False, flipVert=False, image='sin', interpolate=True, mask=None, maskParams=None, name='practice_context', opacity=1.0, ori=0.0, pos=array([  0., 100.]), size=array([1., 1.]), texRes=128, units='pix', win=Window(...))
12.8944 	EXP 	Created practice_target = ImageStim(__class__=<class 'psychopy.visual.image.ImageStim'>, autoLog=True, color=array([1., 1., 1.]), colorSpace='rgb', contrast=1.0, depth=-4.0, flipHoriz=False, flipVert=False, image='sin', interpolate=True, mask=None, maskParams=None, name='practice_target', opacity=1.0, ori=0.0, pos=array([   0., -250.]), size=array([108., 108.]), texRes=128, units='pix', win=Window(...))
12.8962 	EXP 	Created testImg_3 = ImageStim(__class__=<class 'psychopy.visual.image.ImageStim'>, autoLog=True, color=array([1., 1., 1.]), colorSpace='rgb', contrast=1.0, depth=0.0, flipHoriz=False, flipVert=False, image='sin', interpolate=True, mask=None, maskParams=None, name='testImg_3', opacity=1.0, ori=0.0, pos=array([  0., 100.]), size=array([1., 1.]), texRes=128, units='pix', win=Window(...))
12.9480 	EXP 	Created text_feedback = TextStim(__class__=<class 'psychopy.visual.text.TextStim'>, alignHoriz='center', alignVert='center', antialias=True, autoLog=True, bold=False, color='white', colorSpace='named', contrast=1.0, depth=-2.0, flipHoriz=False, flipVert=False, font='Arial', fontFiles=[], height=20, italic=False, languageStyle='LTR', name='text_feedback', opacity=1.0, ori=0, pos=array([   0., -250.]), rgb=array([255., 255., 255.]), text=str(...), units='pix', win=Window(...), wrapWidth=500)
12.9615 	EXP 	Created text_feedback_continue = TextStim(__class__=<class 'psychopy.visual.text.TextStim'>, alignHoriz='center', alignVert='center', antialias=True, autoLog=True, bold=False, color='white', colorSpace='named', contrast=1.0, depth=-3.0, flipHoriz=False, flipVert=False, font='Arial', fontFiles=[], height=15, italic=False, languageStyle='LTR', name='text_feedback_continue', opacity=1.0, ori=0, pos=array([   0., -350.]), rgb=array([255., 255., 255.]), text=str(...), units='pix', win=Window(...), wrapWidth=500)
12.9626 	EXP 	Created blank500_txt = TextStim(__class__=<class 'psychopy.visual.text.TextStim'>, alignHoriz='center', alignVert='center', antialias=True, autoLog=True, bold=False, color='white', colorSpace='named', contrast=1.0, depth=0.0, flipHoriz=False, flipVert=False, font='Arial', fontFiles=[], height=0.1, italic=False, languageStyle='LTR', name='blank500_txt', opacity=1.0, ori=0, pos=array([0., 0.]), rgb=array([255., 255., 255.]), text='', units='pix', win=Window(...), wrapWidth=500)
12.9811 	EXP 	Created blank3000_next_txt = TextStim(__class__=<class 'psychopy.visual.text.TextStim'>, alignHoriz='center', alignVert='center', antialias=True, autoLog=True, bold=False, color='white', colorSpace='named', contrast=1.0, depth=0.0, flipHoriz=False, flipVert=False, font='Arial', fontFiles=[], height=40, italic=False, languageStyle='LTR', name='blank3000_next_txt', opacity=1.0, ori=0, pos=array([0., 0.]), rgb=array([255., 255., 255.]), text='Snart kommer bilden...', units='pix', win=Window(...), wrapWidth=500)
12.9862 	EXP 	Created text_count_3 = TextStim(__class__=<class 'psychopy.visual.text.TextStim'>, alignHoriz='center', alignVert='center', antialias=True, autoLog=True, bold=False, color='white', colorSpace='named', contrast=1.0, depth=0.0, flipHoriz=False, flipVert=False, font='Arial', fontFiles=[], height=100, italic=False, languageStyle='LTR', name='text_count_3', opacity=1.0, ori=0, pos=array([0., 0.]), rgb=array([255., 255., 255.]), text='3', units='pix', win=Window(...), wrapWidth=500)
12.9901 	EXP 	Created text_count_2 = TextStim(__class__=<class 'psychopy.visual.text.TextStim'>, alignHoriz='center', alignVert='center', antialias=True, autoLog=True, bold=False, color='white', colorSpace='named', contrast=1.0, depth=0.0, flipHoriz=False, flipVert=False, font='Arial', fontFiles=[], height=100, italic=False, languageStyle='LTR', name='text_count_2', opacity=1.0, ori=0, pos=array([0., 0.]), rgb=array([255., 255., 255.]), text='2', units='pix', win=Window(...), wrapWidth=500)
12.9941 	EXP 	Created text_count_1 = TextStim(__class__=<class 'psychopy.visual.text.TextStim'>, alignHoriz='center', alignVert='center', antialias=True, autoLog=True, bold=False, color='white', colorSpace='named', contrast=1.0, depth=0.0, flipHoriz=False, flipVert=False, font='Arial', fontFiles=[], height=100, italic=False, languageStyle='LTR', name='text_count_1', opacity=1.0, ori=0, pos=array([0., 0.]), rgb=array([255., 255., 255.]), text='1', units='pix', win=Window(...), wrapWidth=500)
12.9956 	EXP 	Created testPoly = Rect(__class__=<class 'psychopy.visual.rect.Rect'>, autoDraw=False, autoLog=True, closeShape=True, color=method-wrapper(...), colorSpace=None, contrast=1.0, depth=0.0, fillColor=array([ 1., -1., -1.]), fillColorSpace='rgb', fillRGB=array([ 1., -1., -1.]), interpolate=True, lineColor=array([1., 1., 1.]), lineColorSpace='rgb', lineRGB=array([1., 1., 1.]), lineWidth=1, name='testPoly', opacity=0.0, ori=array(0.), pos=array([  0., 100.]), size=array([1., 1.]), units='pix', vertices=ndarray(...), win=Window(...))
12.9976 	EXP 	Created testImg = ImageStim(__class__=<class 'psychopy.visual.image.ImageStim'>, autoLog=True, color=array([1., 1., 1.]), colorSpace='rgb', contrast=1.0, depth=-1.0, flipHoriz=False, flipVert=False, image='sin', interpolate=True, mask=None, maskParams=None, name='testImg', opacity=1.0, ori=0.0, pos=array([  0., 100.]), size=array([1., 1.]), texRes=128, units='pix', win=Window(...))
12.9998 	EXP 	Created image = ImageStim(__class__=<class 'psychopy.visual.image.ImageStim'>, autoLog=True, color=array([1., 1., 1.]), colorSpace='rgb', contrast=1.0, depth=-4.0, flipHoriz=False, flipVert=False, image='sin', interpolate=True, mask=None, maskParams=None, name='image', opacity=1.0, ori=0.0, pos=array([   0., -250.]), size=array([108., 108.]), texRes=128, units='pix', win=Window(...))
13.0005 	EXP 	Created blank500_txt = TextStim(__class__=<class 'psychopy.visual.text.TextStim'>, alignHoriz='center', alignVert='center', antialias=True, autoLog=True, bold=False, color='white', colorSpace='named', contrast=1.0, depth=0.0, flipHoriz=False, flipVert=False, font='Arial', fontFiles=[], height=0.1, italic=False, languageStyle='LTR', name='blank500_txt', opacity=1.0, ori=0, pos=array([0., 0.]), rgb=array([255., 255., 255.]), text='', units='pix', win=Window(...), wrapWidth=500)
13.0161 	EXP 	Created text_2 = TextStim(__class__=<class 'psychopy.visual.text.TextStim'>, alignHoriz='center', alignVert='center', antialias=True, autoLog=True, bold=False, color='white', colorSpace='named', contrast=1.0, depth=0.0, flipHoriz=False, flipVert=False, font='Arial', fontFiles=[], height=25, italic=False, languageStyle='LTR', name='text_2', opacity=1.0, ori=0, pos=array([0., 0.]), rgb=array([255., 255., 255.]), text=str(...), units='pix', win=Window(...), wrapWidth=500)
13.0441 	EXP 	txt_welcome: autoDraw = True
13.0441 	EXP 	text_welcome_clickme: autoDraw = True
29.2649 	DATA 	Mouse: Left button down, pos=(635,46)
29.2954 	EXP 	txt_welcome: autoDraw = False
29.2954 	EXP 	text_welcome_clickme: autoDraw = False
29.2954 	EXP 	text_pre_practice_a: autoDraw = True
29.3807 	DATA 	Mouse:  Left button up, pos=(635,46)
32.6317 	DATA 	Mouse: Left button down, pos=(646,355)
32.8540 	DATA 	Mouse:  Left button up, pos=(646,355)
32.8875 	EXP 	text_pre_practice_a: autoDraw = False
32.8875 	EXP 	practice_context: size = array([431., 290.])
32.8875 	EXP 	practice_context: image = 'imgs/contexts/cont_A.jpg'
32.8875 	EXP 	practice_target: image = 'imgs/targets/targ_A.jpg'
32.8875 	EXP 	practice_poly: autoDraw = True
32.8875 	EXP 	practice_context: autoDraw = True
32.8875 	EXP 	practice_target: autoDraw = True
35.3002 	DATA 	Mouse: Left button down, pos=(755,471)
35.3194 	EXP 	Created unnamed ShapeStim = ShapeStim(__class__=<class 'psychopy.visual.shape.ShapeStim'>, autoDraw=False, autoLog=True, closeShape=True, contrast=1.0, depth=-2, fillColor=array([-0.8, -0.8,  1. ]), fillColorSpace='rgb', interpolate=True, lineColor=array([-0.8, -0.8,  1. ]), lineColorSpace='rgb', lineWidth=1.5, name='unnamed ShapeStim', opacity=1.0, ori=array(0.), pos=array([115.,  71.]), size=array([5., 5.]), units='pix', vertices=ndarray(...), win=Window(...), windingRule=None)
35.3348 	EXP 	unnamed ShapeStim: autoDraw = True
35.3385 	EXP 	Created unnamed ShapeStim = ShapeStim(__class__=<class 'psychopy.visual.shape.ShapeStim'>, autoDraw=False, autoLog=True, closeShape=True, contrast=1.0, depth=-2, fillColor=array([-0.8, -0.8,  1. ]), fillColorSpace='rgb', interpolate=True, lineColor=array([-0.8, -0.8,  1. ]), lineColorSpace='rgb', lineWidth=1.5, name='unnamed ShapeStim', opacity=1.0, ori=array(0.), pos=array([115.,  71.]), size=array([5., 5.]), units='pix', vertices=ndarray(...), win=Window(...), windingRule=None)
35.3542 	EXP 	unnamed ShapeStim: autoDraw = True
35.3574 	EXP 	Created unnamed ShapeStim = ShapeStim(__class__=<class 'psychopy.visual.shape.ShapeStim'>, autoDraw=False, autoLog=True, closeShape=True, contrast=1.0, depth=-2, fillColor=array([-0.8, -0.8,  1. ]), fillColorSpace='rgb', interpolate=True, lineColor=array([-0.8, -0.8,  1. ]), lineColorSpace='rgb', lineWidth=1.5, name='unnamed ShapeStim', opacity=1.0, ori=array(0.), pos=array([115.,  71.]), size=array([5., 5.]), units='pix', vertices=ndarray(...), win=Window(...), windingRule=None)
35.3810 	EXP 	unnamed ShapeStim: autoDraw = True
35.3839 	EXP 	Created unnamed ShapeStim = ShapeStim(__class__=<class 'psychopy.visual.shape.ShapeStim'>, autoDraw=False, autoLog=True, closeShape=True, contrast=1.0, depth=-2, fillColor=array([-0.8, -0.8,  1. ]), fillColorSpace='rgb', interpolate=True, lineColor=array([-0.8, -0.8,  1. ]), lineColorSpace='rgb', lineWidth=1.5, name='unnamed ShapeStim', opacity=1.0, ori=array(0.), pos=array([115.,  71.]), size=array([5., 5.]), units='pix', vertices=ndarray(...), win=Window(...), windingRule=None)
35.3999 	EXP 	unnamed ShapeStim: autoDraw = True
35.4035 	EXP 	Created unnamed ShapeStim = ShapeStim(__class__=<class 'psychopy.visual.shape.ShapeStim'>, autoDraw=False, autoLog=True, closeShape=True, contrast=1.0, depth=-2, fillColor=array([-0.8, -0.8,  1. ]), fillColorSpace='rgb', interpolate=True, lineColor=array([-0.8, -0.8,  1. ]), lineColorSpace='rgb', lineWidth=1.5, name='unnamed ShapeStim', opacity=1.0, ori=array(0.), pos=array([115.,  71.]), size=array([5., 5.]), units='pix', vertices=ndarray(...), win=Window(...), windingRule=None)
35.4055 	DATA 	Mouse:  Left button up, pos=(755,471)
35.4201 	EXP 	unnamed ShapeStim: autoDraw = True
36.4035 	DATA 	Mouse: Left button down, pos=(786,557)
36.4213 	EXP 	Created unnamed ShapeStim = ShapeStim(__class__=<class 'psychopy.visual.shape.ShapeStim'>, autoDraw=False, autoLog=True, closeShape=True, contrast=1.0, depth=-2, fillColor=array([-0.8, -0.8,  1. ]), fillColorSpace='rgb', interpolate=True, lineColor=array([-0.8, -0.8,  1. ]), lineColorSpace='rgb', lineWidth=1.5, name='unnamed ShapeStim', opacity=1.0, ori=array(0.), pos=array([146., 157.]), size=array([5., 5.]), units='pix', vertices=ndarray(...), win=Window(...), windingRule=None)
36.4370 	EXP 	unnamed ShapeStim: autoDraw = True
36.4404 	EXP 	Created unnamed ShapeStim = ShapeStim(__class__=<class 'psychopy.visual.shape.ShapeStim'>, autoDraw=False, autoLog=True, closeShape=True, contrast=1.0, depth=-2, fillColor=array([-0.8, -0.8,  1. ]), fillColorSpace='rgb', interpolate=True, lineColor=array([-0.8, -0.8,  1. ]), lineColorSpace='rgb', lineWidth=1.5, name='unnamed ShapeStim', opacity=1.0, ori=array(0.), pos=array([146., 157.]), size=array([5., 5.]), units='pix', vertices=ndarray(...), win=Window(...), windingRule=None)
36.4651 	EXP 	unnamed ShapeStim: autoDraw = True
36.4681 	EXP 	Created unnamed ShapeStim = ShapeStim(__class__=<class 'psychopy.visual.shape.ShapeStim'>, autoDraw=False, autoLog=True, closeShape=True, contrast=1.0, depth=-2, fillColor=array([-0.8, -0.8,  1. ]), fillColorSpace='rgb', interpolate=True, lineColor=array([-0.8, -0.8,  1. ]), lineColorSpace='rgb', lineWidth=1.5, name='unnamed ShapeStim', opacity=1.0, ori=array(0.), pos=array([146., 157.]), size=array([5., 5.]), units='pix', vertices=ndarray(...), win=Window(...), windingRule=None)
36.4842 	EXP 	unnamed ShapeStim: autoDraw = True
36.4849 	DATA 	Mouse:  Left button up, pos=(786,557)
36.9549 	DATA 	Mouse: Left button down, pos=(660,517)
36.9599 	EXP 	Created unnamed ShapeStim = ShapeStim(__class__=<class 'psychopy.visual.shape.ShapeStim'>, autoDraw=False, autoLog=True, closeShape=True, contrast=1.0, depth=-2, fillColor=array([-0.8, -0.8,  1. ]), fillColorSpace='rgb', interpolate=True, lineColor=array([-0.8, -0.8,  1. ]), lineColorSpace='rgb', lineWidth=1.5, name='unnamed ShapeStim', opacity=1.0, ori=array(0.), pos=array([ 20., 117.]), size=array([5., 5.]), units='pix', vertices=ndarray(...), win=Window(...), windingRule=None)
36.9817 	EXP 	unnamed ShapeStim: autoDraw = True
36.9851 	EXP 	Created unnamed ShapeStim = ShapeStim(__class__=<class 'psychopy.visual.shape.ShapeStim'>, autoDraw=False, autoLog=True, closeShape=True, contrast=1.0, depth=-2, fillColor=array([-0.8, -0.8,  1. ]), fillColorSpace='rgb', interpolate=True, lineColor=array([-0.8, -0.8,  1. ]), lineColorSpace='rgb', lineWidth=1.5, name='unnamed ShapeStim', opacity=1.0, ori=array(0.), pos=array([ 20., 117.]), size=array([5., 5.]), units='pix', vertices=ndarray(...), win=Window(...), windingRule=None)
37.0018 	EXP 	unnamed ShapeStim: autoDraw = True
37.0046 	EXP 	Created unnamed ShapeStim = ShapeStim(__class__=<class 'psychopy.visual.shape.ShapeStim'>, autoDraw=False, autoLog=True, closeShape=True, contrast=1.0, depth=-2, fillColor=array([-0.8, -0.8,  1. ]), fillColorSpace='rgb', interpolate=True, lineColor=array([-0.8, -0.8,  1. ]), lineColorSpace='rgb', lineWidth=1.5, name='unnamed ShapeStim', opacity=1.0, ori=array(0.), pos=array([ 20., 117.]), size=array([5., 5.]), units='pix', vertices=ndarray(...), win=Window(...), windingRule=None)
37.0212 	EXP 	unnamed ShapeStim: autoDraw = True
37.0246 	EXP 	Created unnamed ShapeStim = ShapeStim(__class__=<class 'psychopy.visual.shape.ShapeStim'>, autoDraw=False, autoLog=True, closeShape=True, contrast=1.0, depth=-2, fillColor=array([-0.8, -0.8,  1. ]), fillColorSpace='rgb', interpolate=True, lineColor=array([-0.8, -0.8,  1. ]), lineColorSpace='rgb', lineWidth=1.5, name='unnamed ShapeStim', opacity=1.0, ori=array(0.), pos=array([ 20., 117.]), size=array([5., 5.]), units='pix', vertices=ndarray(...), win=Window(...), windingRule=None)
37.0493 	EXP 	unnamed ShapeStim: autoDraw = True
37.0502 	DATA 	Mouse:  Left button up, pos=(660,517)
37.5214 	DATA 	Mouse: Left button down, pos=(583,569)
37.5242 	EXP 	Created unnamed ShapeStim = ShapeStim(__class__=<class 'psychopy.visual.shape.ShapeStim'>, autoDraw=False, autoLog=True, closeShape=True, contrast=1.0, depth=-2, fillColor=array([-0.8, -0.8,  1. ]), fillColorSpace='rgb', interpolate=True, lineColor=array([-0.8, -0.8,  1. ]), lineColorSpace='rgb', lineWidth=1.5, name='unnamed ShapeStim', opacity=1.0, ori=array(0.), pos=array([-57., 169.]), size=array([5., 5.]), units='pix', vertices=ndarray(...), win=Window(...), windingRule=None)
37.5486 	EXP 	unnamed ShapeStim: autoDraw = True
37.5520 	EXP 	Created unnamed ShapeStim = ShapeStim(__class__=<class 'psychopy.visual.shape.ShapeStim'>, autoDraw=False, autoLog=True, closeShape=True, contrast=1.0, depth=-2, fillColor=array([-0.8, -0.8,  1. ]), fillColorSpace='rgb', interpolate=True, lineColor=array([-0.8, -0.8,  1. ]), lineColorSpace='rgb', lineWidth=1.5, name='unnamed ShapeStim', opacity=1.0, ori=array(0.), pos=array([-57., 169.]), size=array([5., 5.]), units='pix', vertices=ndarray(...), win=Window(...), windingRule=None)
37.5695 	EXP 	unnamed ShapeStim: autoDraw = True
37.5724 	EXP 	Created unnamed ShapeStim = ShapeStim(__class__=<class 'psychopy.visual.shape.ShapeStim'>, autoDraw=False, autoLog=True, closeShape=True, contrast=1.0, depth=-2, fillColor=array([-0.8, -0.8,  1. ]), fillColorSpace='rgb', interpolate=True, lineColor=array([-0.8, -0.8,  1. ]), lineColorSpace='rgb', lineWidth=1.5, name='unnamed ShapeStim', opacity=1.0, ori=array(0.), pos=array([-57., 169.]), size=array([5., 5.]), units='pix', vertices=ndarray(...), win=Window(...), windingRule=None)
37.5993 	EXP 	unnamed ShapeStim: autoDraw = True
37.6023 	EXP 	Created unnamed ShapeStim = ShapeStim(__class__=<class 'psychopy.visual.shape.ShapeStim'>, autoDraw=False, autoLog=True, closeShape=True, contrast=1.0, depth=-2, fillColor=array([-0.8, -0.8,  1. ]), fillColorSpace='rgb', interpolate=True, lineColor=array([-0.8, -0.8,  1. ]), lineColorSpace='rgb', lineWidth=1.5, name='unnamed ShapeStim', opacity=1.0, ori=array(0.), pos=array([-57., 169.]), size=array([5., 5.]), units='pix', vertices=ndarray(...), win=Window(...), windingRule=None)
37.6194 	EXP 	unnamed ShapeStim: autoDraw = True
37.6202 	DATA 	Mouse:  Left button up, pos=(583,569)
38.2034 	DATA 	Mouse: Left button down, pos=(504,543)
38.2072 	EXP 	Created unnamed ShapeStim = ShapeStim(__class__=<class 'psychopy.visual.shape.ShapeStim'>, autoDraw=False, autoLog=True, closeShape=True, contrast=1.0, depth=-2, fillColor=array([-0.8, -0.8,  1. ]), fillColorSpace='rgb', interpolate=True, lineColor=array([-0.8, -0.8,  1. ]), lineColorSpace='rgb', lineWidth=1.5, name='unnamed ShapeStim', opacity=1.0, ori=array(0.), pos=array([-136.,  143.]), size=array([5., 5.]), units='pix', vertices=ndarray(...), win=Window(...), windingRule=None)
38.2328 	EXP 	unnamed ShapeStim: autoDraw = True
38.2360 	EXP 	Created unnamed ShapeStim = ShapeStim(__class__=<class 'psychopy.visual.shape.ShapeStim'>, autoDraw=False, autoLog=True, closeShape=True, contrast=1.0, depth=-2, fillColor=array([-0.8, -0.8,  1. ]), fillColorSpace='rgb', interpolate=True, lineColor=array([-0.8, -0.8,  1. ]), lineColorSpace='rgb', lineWidth=1.5, name='unnamed ShapeStim', opacity=1.0, ori=array(0.), pos=array([-136.,  143.]), size=array([5., 5.]), units='pix', vertices=ndarray(...), win=Window(...), windingRule=None)
38.2538 	EXP 	unnamed ShapeStim: autoDraw = True
38.2569 	EXP 	Created unnamed ShapeStim = ShapeStim(__class__=<class 'psychopy.visual.shape.ShapeStim'>, autoDraw=False, autoLog=True, closeShape=True, contrast=1.0, depth=-2, fillColor=array([-0.8, -0.8,  1. ]), fillColorSpace='rgb', interpolate=True, lineColor=array([-0.8, -0.8,  1. ]), lineColorSpace='rgb', lineWidth=1.5, name='unnamed ShapeStim', opacity=1.0, ori=array(0.), pos=array([-136.,  143.]), size=array([5., 5.]), units='pix', vertices=ndarray(...), win=Window(...), windingRule=None)
38.2834 	EXP 	unnamed ShapeStim: autoDraw = True
38.2869 	EXP 	Created unnamed ShapeStim = ShapeStim(__class__=<class 'psychopy.visual.shape.ShapeStim'>, autoDraw=False, autoLog=True, closeShape=True, contrast=1.0, depth=-2, fillColor=array([-0.8, -0.8,  1. ]), fillColorSpace='rgb', interpolate=True, lineColor=array([-0.8, -0.8,  1. ]), lineColorSpace='rgb', lineWidth=1.5, name='unnamed ShapeStim', opacity=1.0, ori=array(0.), pos=array([-136.,  143.]), size=array([5., 5.]), units='pix', vertices=ndarray(...), win=Window(...), windingRule=None)
38.3046 	EXP 	unnamed ShapeStim: autoDraw = True
38.3077 	EXP 	Created unnamed ShapeStim = ShapeStim(__class__=<class 'psychopy.visual.shape.ShapeStim'>, autoDraw=False, autoLog=True, closeShape=True, contrast=1.0, depth=-2, fillColor=array([-0.8, -0.8,  1. ]), fillColorSpace='rgb', interpolate=True, lineColor=array([-0.8, -0.8,  1. ]), lineColorSpace='rgb', lineWidth=1.5, name='unnamed ShapeStim', opacity=1.0, ori=array(0.), pos=array([-136.,  143.]), size=array([5., 5.]), units='pix', vertices=ndarray(...), win=Window(...), windingRule=None)
38.3124 	DATA 	Mouse:  Left button up, pos=(504,543)
38.3337 	EXP 	unnamed ShapeStim: autoDraw = True
38.7247 	DATA 	Mouse: Left button down, pos=(498,572)
38.7425 	EXP 	Created unnamed ShapeStim = ShapeStim(__class__=<class 'psychopy.visual.shape.ShapeStim'>, autoDraw=False, autoLog=True, closeShape=True, contrast=1.0, depth=-2, fillColor=array([-0.8, -0.8,  1. ]), fillColorSpace='rgb', interpolate=True, lineColor=array([-0.8, -0.8,  1. ]), lineColorSpace='rgb', lineWidth=1.5, name='unnamed ShapeStim', opacity=1.0, ori=array(0.), pos=array([-142.,  172.]), size=array([5., 5.]), units='pix', vertices=ndarray(...), win=Window(...), windingRule=None)
38.7666 	EXP 	unnamed ShapeStim: autoDraw = True
38.7703 	EXP 	Created unnamed ShapeStim = ShapeStim(__class__=<class 'psychopy.visual.shape.ShapeStim'>, autoDraw=False, autoLog=True, closeShape=True, contrast=1.0, depth=-2, fillColor=array([-0.8, -0.8,  1. ]), fillColorSpace='rgb', interpolate=True, lineColor=array([-0.8, -0.8,  1. ]), lineColorSpace='rgb', lineWidth=1.5, name='unnamed ShapeStim', opacity=1.0, ori=array(0.), pos=array([-142.,  172.]), size=array([5., 5.]), units='pix', vertices=ndarray(...), win=Window(...), windingRule=None)
38.7890 	EXP 	unnamed ShapeStim: autoDraw = True
38.7923 	EXP 	Created unnamed ShapeStim = ShapeStim(__class__=<class 'psychopy.visual.shape.ShapeStim'>, autoDraw=False, autoLog=True, closeShape=True, contrast=1.0, depth=-2, fillColor=array([-0.8, -0.8,  1. ]), fillColorSpace='rgb', interpolate=True, lineColor=array([-0.8, -0.8,  1. ]), lineColorSpace='rgb', lineWidth=1.5, name='unnamed ShapeStim', opacity=1.0, ori=array(0.), pos=array([-142.,  172.]), size=array([5., 5.]), units='pix', vertices=ndarray(...), win=Window(...), windingRule=None)
38.8157 	EXP 	unnamed ShapeStim: autoDraw = True
38.8190 	EXP 	Created unnamed ShapeStim = ShapeStim(__class__=<class 'psychopy.visual.shape.ShapeStim'>, autoDraw=False, autoLog=True, closeShape=True, contrast=1.0, depth=-2, fillColor=array([-0.8, -0.8,  1. ]), fillColorSpace='rgb', interpolate=True, lineColor=array([-0.8, -0.8,  1. ]), lineColorSpace='rgb', lineWidth=1.5, name='unnamed ShapeStim', opacity=1.0, ori=array(0.), pos=array([-142.,  172.]), size=array([5., 5.]), units='pix', vertices=ndarray(...), win=Window(...), windingRule=None)
38.8230 	DATA 	Mouse:  Left button up, pos=(498,572)
38.8377 	EXP 	unnamed ShapeStim: autoDraw = True
39.5898 	DATA 	Mouse: Left button down, pos=(503,614)
39.5939 	EXP 	Created unnamed ShapeStim = ShapeStim(__class__=<class 'psychopy.visual.shape.ShapeStim'>, autoDraw=False, autoLog=True, closeShape=True, contrast=1.0, depth=-2, fillColor=array([-0.8, -0.8,  1. ]), fillColorSpace='rgb', interpolate=True, lineColor=array([-0.8, -0.8,  1. ]), lineColorSpace='rgb', lineWidth=1.5, name='unnamed ShapeStim', opacity=1.0, ori=array(0.), pos=array([-137.,  214.]), size=array([5., 5.]), units='pix', vertices=ndarray(...), win=Window(...), windingRule=None)
39.6172 	EXP 	unnamed ShapeStim: autoDraw = True
39.6202 	EXP 	Created unnamed ShapeStim = ShapeStim(__class__=<class 'psychopy.visual.shape.ShapeStim'>, autoDraw=False, autoLog=True, closeShape=True, contrast=1.0, depth=-2, fillColor=array([-0.8, -0.8,  1. ]), fillColorSpace='rgb', interpolate=True, lineColor=array([-0.8, -0.8,  1. ]), lineColorSpace='rgb', lineWidth=1.5, name='unnamed ShapeStim', opacity=1.0, ori=array(0.), pos=array([-137.,  214.]), size=array([5., 5.]), units='pix', vertices=ndarray(...), win=Window(...), windingRule=None)
39.6396 	EXP 	unnamed ShapeStim: autoDraw = True
39.6428 	EXP 	Created unnamed ShapeStim = ShapeStim(__class__=<class 'psychopy.visual.shape.ShapeStim'>, autoDraw=False, autoLog=True, closeShape=True, contrast=1.0, depth=-2, fillColor=array([-0.8, -0.8,  1. ]), fillColorSpace='rgb', interpolate=True, lineColor=array([-0.8, -0.8,  1. ]), lineColorSpace='rgb', lineWidth=1.5, name='unnamed ShapeStim', opacity=1.0, ori=array(0.), pos=array([-137.,  214.]), size=array([5., 5.]), units='pix', vertices=ndarray(...), win=Window(...), windingRule=None)
39.6665 	EXP 	unnamed ShapeStim: autoDraw = True
39.6698 	EXP 	Created unnamed ShapeStim = ShapeStim(__class__=<class 'psychopy.visual.shape.ShapeStim'>, autoDraw=False, autoLog=True, closeShape=True, contrast=1.0, depth=-2, fillColor=array([-0.8, -0.8,  1. ]), fillColorSpace='rgb', interpolate=True, lineColor=array([-0.8, -0.8,  1. ]), lineColorSpace='rgb', lineWidth=1.5, name='unnamed ShapeStim', opacity=1.0, ori=array(0.), pos=array([-137.,  214.]), size=array([5., 5.]), units='pix', vertices=ndarray(...), win=Window(...), windingRule=None)
39.6751 	DATA 	Mouse:  Left button up, pos=(503,614)
39.6895 	EXP 	unnamed ShapeStim: autoDraw = True
41.1380 	DATA 	Mouse: Left button down, pos=(794,605)
41.1418 	EXP 	Created unnamed ShapeStim = ShapeStim(__class__=<class 'psychopy.visual.shape.ShapeStim'>, autoDraw=False, autoLog=True, closeShape=True, contrast=1.0, depth=-2, fillColor=array([-0.8, -0.8,  1. ]), fillColorSpace='rgb', interpolate=True, lineColor=array([-0.8, -0.8,  1. ]), lineColorSpace='rgb', lineWidth=1.5, name='unnamed ShapeStim', opacity=1.0, ori=array(0.), pos=array([154., 204.]), size=array([5., 5.]), units='pix', vertices=ndarray(...), win=Window(...), windingRule=None)
41.1672 	EXP 	unnamed ShapeStim: autoDraw = True
41.1702 	EXP 	Created unnamed ShapeStim = ShapeStim(__class__=<class 'psychopy.visual.shape.ShapeStim'>, autoDraw=False, autoLog=True, closeShape=True, contrast=1.0, depth=-2, fillColor=array([-0.8, -0.8,  1. ]), fillColorSpace='rgb', interpolate=True, lineColor=array([-0.8, -0.8,  1. ]), lineColorSpace='rgb', lineWidth=1.5, name='unnamed ShapeStim', opacity=1.0, ori=array(0.), pos=array([154., 204.]), size=array([5., 5.]), units='pix', vertices=ndarray(...), win=Window(...), windingRule=None)
41.1899 	EXP 	unnamed ShapeStim: autoDraw = True
41.1933 	EXP 	Created unnamed ShapeStim = ShapeStim(__class__=<class 'psychopy.visual.shape.ShapeStim'>, autoDraw=False, autoLog=True, closeShape=True, contrast=1.0, depth=-2, fillColor=array([-0.8, -0.8,  1. ]), fillColorSpace='rgb', interpolate=True, lineColor=array([-0.8, -0.8,  1. ]), lineColorSpace='rgb', lineWidth=1.5, name='unnamed ShapeStim', opacity=1.0, ori=array(0.), pos=array([154., 204.]), size=array([5., 5.]), units='pix', vertices=ndarray(...), win=Window(...), windingRule=None)
41.2175 	EXP 	unnamed ShapeStim: autoDraw = True
41.2209 	EXP 	Created unnamed ShapeStim = ShapeStim(__class__=<class 'psychopy.visual.shape.ShapeStim'>, autoDraw=False, autoLog=True, closeShape=True, contrast=1.0, depth=-2, fillColor=array([-0.8, -0.8,  1. ]), fillColorSpace='rgb', interpolate=True, lineColor=array([-0.8, -0.8,  1. ]), lineColorSpace='rgb', lineWidth=1.5, name='unnamed ShapeStim', opacity=1.0, ori=array(0.), pos=array([154., 204.]), size=array([5., 5.]), units='pix', vertices=ndarray(...), win=Window(...), windingRule=None)
41.2410 	EXP 	unnamed ShapeStim: autoDraw = True
41.2449 	EXP 	Created unnamed ShapeStim = ShapeStim(__class__=<class 'psychopy.visual.shape.ShapeStim'>, autoDraw=False, autoLog=True, closeShape=True, contrast=1.0, depth=-2, fillColor=array([-0.8, -0.8,  1. ]), fillColorSpace='rgb', interpolate=True, lineColor=array([-0.8, -0.8,  1. ]), lineColorSpace='rgb', lineWidth=1.5, name='unnamed ShapeStim', opacity=1.0, ori=array(0.), pos=array([154., 204.]), size=array([5., 5.]), units='pix', vertices=ndarray(...), win=Window(...), windingRule=None)
41.2672 	EXP 	unnamed ShapeStim: autoDraw = True
41.2682 	DATA 	Mouse:  Left button up, pos=(794,604)
41.8693 	DATA 	Mouse: Left button down, pos=(786,596)
41.8728 	EXP 	Created unnamed ShapeStim = ShapeStim(__class__=<class 'psychopy.visual.shape.ShapeStim'>, autoDraw=False, autoLog=True, closeShape=True, contrast=1.0, depth=-2, fillColor=array([-0.8, -0.8,  1. ]), fillColorSpace='rgb', interpolate=True, lineColor=array([-0.8, -0.8,  1. ]), lineColorSpace='rgb', lineWidth=1.5, name='unnamed ShapeStim', opacity=1.0, ori=array(0.), pos=array([146., 196.]), size=array([5., 5.]), units='pix', vertices=ndarray(...), win=Window(...), windingRule=None)
41.9012 	EXP 	unnamed ShapeStim: autoDraw = True
41.9042 	EXP 	Created unnamed ShapeStim = ShapeStim(__class__=<class 'psychopy.visual.shape.ShapeStim'>, autoDraw=False, autoLog=True, closeShape=True, contrast=1.0, depth=-2, fillColor=array([-0.8, -0.8,  1. ]), fillColorSpace='rgb', interpolate=True, lineColor=array([-0.8, -0.8,  1. ]), lineColorSpace='rgb', lineWidth=1.5, name='unnamed ShapeStim', opacity=1.0, ori=array(0.), pos=array([146., 196.]), size=array([5., 5.]), units='pix', vertices=ndarray(...), win=Window(...), windingRule=None)
41.9339 	EXP 	unnamed ShapeStim: autoDraw = True
41.9374 	EXP 	Created unnamed ShapeStim = ShapeStim(__class__=<class 'psychopy.visual.shape.ShapeStim'>, autoDraw=False, autoLog=True, closeShape=True, contrast=1.0, depth=-2, fillColor=array([-0.8, -0.8,  1. ]), fillColorSpace='rgb', interpolate=True, lineColor=array([-0.8, -0.8,  1. ]), lineColorSpace='rgb', lineWidth=1.5, name='unnamed ShapeStim', opacity=1.0, ori=array(0.), pos=array([146., 196.]), size=array([5., 5.]), units='pix', vertices=ndarray(...), win=Window(...), windingRule=None)
41.9679 	EXP 	unnamed ShapeStim: autoDraw = True
41.9715 	EXP 	Created unnamed ShapeStim = ShapeStim(__class__=<class 'psychopy.visual.shape.ShapeStim'>, autoDraw=False, autoLog=True, closeShape=True, contrast=1.0, depth=-2, fillColor=array([-0.8, -0.8,  1. ]), fillColorSpace='rgb', interpolate=True, lineColor=array([-0.8, -0.8,  1. ]), lineColorSpace='rgb', lineWidth=1.5, name='unnamed ShapeStim', opacity=1.0, ori=array(0.), pos=array([146., 196.]), size=array([5., 5.]), units='pix', vertices=ndarray(...), win=Window(...), windingRule=None)
42.0021 	EXP 	unnamed ShapeStim: autoDraw = True
42.0033 	DATA 	Mouse:  Left button up, pos=(786,596)
42.8090 	DATA 	Mouse: Left button down, pos=(828,553)
42.8132 	EXP 	Created unnamed ShapeStim = ShapeStim(__class__=<class 'psychopy.visual.shape.ShapeStim'>, autoDraw=False, autoLog=True, closeShape=True, contrast=1.0, depth=-2, fillColor=array([-0.8, -0.8,  1. ]), fillColorSpace='rgb', interpolate=True, lineColor=array([-0.8, -0.8,  1. ]), lineColorSpace='rgb', lineWidth=1.5, name='unnamed ShapeStim', opacity=1.0, ori=array(0.), pos=array([188., 153.]), size=array([5., 5.]), units='pix', vertices=ndarray(...), win=Window(...), windingRule=None)
42.8349 	EXP 	unnamed ShapeStim: autoDraw = True
42.8382 	EXP 	Created unnamed ShapeStim = ShapeStim(__class__=<class 'psychopy.visual.shape.ShapeStim'>, autoDraw=False, autoLog=True, closeShape=True, contrast=1.0, depth=-2, fillColor=array([-0.8, -0.8,  1. ]), fillColorSpace='rgb', interpolate=True, lineColor=array([-0.8, -0.8,  1. ]), lineColorSpace='rgb', lineWidth=1.5, name='unnamed ShapeStim', opacity=1.0, ori=array(0.), pos=array([188., 153.]), size=array([5., 5.]), units='pix', vertices=ndarray(...), win=Window(...), windingRule=None)
42.8683 	EXP 	unnamed ShapeStim: autoDraw = True
42.8715 	EXP 	Created unnamed ShapeStim = ShapeStim(__class__=<class 'psychopy.visual.shape.ShapeStim'>, autoDraw=False, autoLog=True, closeShape=True, contrast=1.0, depth=-2, fillColor=array([-0.8, -0.8,  1. ]), fillColorSpace='rgb', interpolate=True, lineColor=array([-0.8, -0.8,  1. ]), lineColorSpace='rgb', lineWidth=1.5, name='unnamed ShapeStim', opacity=1.0, ori=array(0.), pos=array([188., 153.]), size=array([5., 5.]), units='pix', vertices=ndarray(...), win=Window(...), windingRule=None)
42.9014 	EXP 	unnamed ShapeStim: autoDraw = True
42.9023 	DATA 	Mouse:  Left button up, pos=(828,553)
43.4345 	DATA 	Mouse: Left button down, pos=(792,462)
43.4560 	EXP 	Created unnamed ShapeStim = ShapeStim(__class__=<class 'psychopy.visual.shape.ShapeStim'>, autoDraw=False, autoLog=True, closeShape=True, contrast=1.0, depth=-2, fillColor=array([-0.8, -0.8,  1. ]), fillColorSpace='rgb', interpolate=True, lineColor=array([-0.8, -0.8,  1. ]), lineColorSpace='rgb', lineWidth=1.5, name='unnamed ShapeStim', opacity=1.0, ori=array(0.), pos=array([152.,  62.]), size=array([5., 5.]), units='pix', vertices=ndarray(...), win=Window(...), windingRule=None)
43.4853 	EXP 	unnamed ShapeStim: autoDraw = True
43.4889 	EXP 	Created unnamed ShapeStim = ShapeStim(__class__=<class 'psychopy.visual.shape.ShapeStim'>, autoDraw=False, autoLog=True, closeShape=True, contrast=1.0, depth=-2, fillColor=array([-0.8, -0.8,  1. ]), fillColorSpace='rgb', interpolate=True, lineColor=array([-0.8, -0.8,  1. ]), lineColorSpace='rgb', lineWidth=1.5, name='unnamed ShapeStim', opacity=1.0, ori=array(0.), pos=array([152.,  62.]), size=array([5., 5.]), units='pix', vertices=ndarray(...), win=Window(...), windingRule=None)
43.5181 	EXP 	unnamed ShapeStim: autoDraw = True
43.5211 	EXP 	Created unnamed ShapeStim = ShapeStim(__class__=<class 'psychopy.visual.shape.ShapeStim'>, autoDraw=False, autoLog=True, closeShape=True, contrast=1.0, depth=-2, fillColor=array([-0.8, -0.8,  1. ]), fillColorSpace='rgb', interpolate=True, lineColor=array([-0.8, -0.8,  1. ]), lineColorSpace='rgb', lineWidth=1.5, name='unnamed ShapeStim', opacity=1.0, ori=array(0.), pos=array([152.,  62.]), size=array([5., 5.]), units='pix', vertices=ndarray(...), win=Window(...), windingRule=None)
43.5298 	DATA 	Mouse:  Left button up, pos=(792,462)
43.5515 	EXP 	unnamed ShapeStim: autoDraw = True
43.9952 	DATA 	Mouse: Left button down, pos=(827,450)
44.0224 	EXP 	Created unnamed ShapeStim = ShapeStim(__class__=<class 'psychopy.visual.shape.ShapeStim'>, autoDraw=False, autoLog=True, closeShape=True, contrast=1.0, depth=-2, fillColor=array([-0.8, -0.8,  1. ]), fillColorSpace='rgb', interpolate=True, lineColor=array([-0.8, -0.8,  1. ]), lineColorSpace='rgb', lineWidth=1.5, name='unnamed ShapeStim', opacity=1.0, ori=array(0.), pos=array([187.,  50.]), size=array([5., 5.]), units='pix', vertices=ndarray(...), win=Window(...), windingRule=None)
44.0529 	EXP 	unnamed ShapeStim: autoDraw = True
44.0560 	EXP 	Created unnamed ShapeStim = ShapeStim(__class__=<class 'psychopy.visual.shape.ShapeStim'>, autoDraw=False, autoLog=True, closeShape=True, contrast=1.0, depth=-2, fillColor=array([-0.8, -0.8,  1. ]), fillColorSpace='rgb', interpolate=True, lineColor=array([-0.8, -0.8,  1. ]), lineColorSpace='rgb', lineWidth=1.5, name='unnamed ShapeStim', opacity=1.0, ori=array(0.), pos=array([187.,  50.]), size=array([5., 5.]), units='pix', vertices=ndarray(...), win=Window(...), windingRule=None)
44.0856 	EXP 	unnamed ShapeStim: autoDraw = True
44.0866 	DATA 	Mouse:  Left button up, pos=(827,450)
44.6289 	DATA 	Mouse: Left button down, pos=(738,406)
44.6564 	EXP 	Created unnamed ShapeStim = ShapeStim(__class__=<class 'psychopy.visual.shape.ShapeStim'>, autoDraw=False, autoLog=True, closeShape=True, contrast=1.0, depth=-2, fillColor=array([-0.8, -0.8,  1. ]), fillColorSpace='rgb', interpolate=True, lineColor=array([-0.8, -0.8,  1. ]), lineColorSpace='rgb', lineWidth=1.5, name='unnamed ShapeStim', opacity=1.0, ori=array(0.), pos=array([98.,  6.]), size=array([5., 5.]), units='pix', vertices=ndarray(...), win=Window(...), windingRule=None)
44.6858 	EXP 	unnamed ShapeStim: autoDraw = True
44.6890 	EXP 	Created unnamed ShapeStim = ShapeStim(__class__=<class 'psychopy.visual.shape.ShapeStim'>, autoDraw=False, autoLog=True, closeShape=True, contrast=1.0, depth=-2, fillColor=array([-0.8, -0.8,  1. ]), fillColorSpace='rgb', interpolate=True, lineColor=array([-0.8, -0.8,  1. ]), lineColorSpace='rgb', lineWidth=1.5, name='unnamed ShapeStim', opacity=1.0, ori=array(0.), pos=array([98.,  6.]), size=array([5., 5.]), units='pix', vertices=ndarray(...), win=Window(...), windingRule=None)
44.7194 	EXP 	unnamed ShapeStim: autoDraw = True
44.7203 	DATA 	Mouse:  Left button up, pos=(738,406)
45.2700 	DATA 	Mouse: Left button down, pos=(632,426)
45.2905 	EXP 	Created unnamed ShapeStim = ShapeStim(__class__=<class 'psychopy.visual.shape.ShapeStim'>, autoDraw=False, autoLog=True, closeShape=True, contrast=1.0, depth=-2, fillColor=array([-0.8, -0.8,  1. ]), fillColorSpace='rgb', interpolate=True, lineColor=array([-0.8, -0.8,  1. ]), lineColorSpace='rgb', lineWidth=1.5, name='unnamed ShapeStim', opacity=1.0, ori=array(0.), pos=array([-8., 26.]), size=array([5., 5.]), units='pix', vertices=ndarray(...), win=Window(...), windingRule=None)
45.3203 	EXP 	unnamed ShapeStim: autoDraw = True
45.3238 	EXP 	Created unnamed ShapeStim = ShapeStim(__class__=<class 'psychopy.visual.shape.ShapeStim'>, autoDraw=False, autoLog=True, closeShape=True, contrast=1.0, depth=-2, fillColor=array([-0.8, -0.8,  1. ]), fillColorSpace='rgb', interpolate=True, lineColor=array([-0.8, -0.8,  1. ]), lineColorSpace='rgb', lineWidth=1.5, name='unnamed ShapeStim', opacity=1.0, ori=array(0.), pos=array([-8., 26.]), size=array([5., 5.]), units='pix', vertices=ndarray(...), win=Window(...), windingRule=None)
45.3530 	EXP 	unnamed ShapeStim: autoDraw = True
45.3566 	EXP 	Created unnamed ShapeStim = ShapeStim(__class__=<class 'psychopy.visual.shape.ShapeStim'>, autoDraw=False, autoLog=True, closeShape=True, contrast=1.0, depth=-2, fillColor=array([-0.8, -0.8,  1. ]), fillColorSpace='rgb', interpolate=True, lineColor=array([-0.8, -0.8,  1. ]), lineColorSpace='rgb', lineWidth=1.5, name='unnamed ShapeStim', opacity=1.0, ori=array(0.), pos=array([-8., 26.]), size=array([5., 5.]), units='pix', vertices=ndarray(...), win=Window(...), windingRule=None)
45.3661 	DATA 	Mouse:  Left button up, pos=(632,426)
45.3866 	EXP 	unnamed ShapeStim: autoDraw = True
45.9381 	DATA 	Mouse: Left button down, pos=(507,412)
45.9412 	EXP 	Created unnamed ShapeStim = ShapeStim(__class__=<class 'psychopy.visual.shape.ShapeStim'>, autoDraw=False, autoLog=True, closeShape=True, contrast=1.0, depth=-2, fillColor=array([-0.8, -0.8,  1. ]), fillColorSpace='rgb', interpolate=True, lineColor=array([-0.8, -0.8,  1. ]), lineColorSpace='rgb', lineWidth=1.5, name='unnamed ShapeStim', opacity=1.0, ori=array(0.), pos=array([-133.,   12.]), size=array([5., 5.]), units='pix', vertices=ndarray(...), win=Window(...), windingRule=None)
45.9708 	EXP 	unnamed ShapeStim: autoDraw = True
45.9742 	EXP 	Created unnamed ShapeStim = ShapeStim(__class__=<class 'psychopy.visual.shape.ShapeStim'>, autoDraw=False, autoLog=True, closeShape=True, contrast=1.0, depth=-2, fillColor=array([-0.8, -0.8,  1. ]), fillColorSpace='rgb', interpolate=True, lineColor=array([-0.8, -0.8,  1. ]), lineColorSpace='rgb', lineWidth=1.5, name='unnamed ShapeStim', opacity=1.0, ori=array(0.), pos=array([-133.,   12.]), size=array([5., 5.]), units='pix', vertices=ndarray(...), win=Window(...), windingRule=None)
46.0034 	EXP 	unnamed ShapeStim: autoDraw = True
46.0067 	EXP 	Created unnamed ShapeStim = ShapeStim(__class__=<class 'psychopy.visual.shape.ShapeStim'>, autoDraw=False, autoLog=True, closeShape=True, contrast=1.0, depth=-2, fillColor=array([-0.8, -0.8,  1. ]), fillColorSpace='rgb', interpolate=True, lineColor=array([-0.8, -0.8,  1. ]), lineColorSpace='rgb', lineWidth=1.5, name='unnamed ShapeStim', opacity=1.0, ori=array(0.), pos=array([-133.,   12.]), size=array([5., 5.]), units='pix', vertices=ndarray(...), win=Window(...), windingRule=None)
46.0375 	EXP 	unnamed ShapeStim: autoDraw = True
46.0416 	EXP 	Created unnamed ShapeStim = ShapeStim(__class__=<class 'psychopy.visual.shape.ShapeStim'>, autoDraw=False, autoLog=True, closeShape=True, contrast=1.0, depth=-2, fillColor=array([-0.8, -0.8,  1. ]), fillColorSpace='rgb', interpolate=True, lineColor=array([-0.8, -0.8,  1. ]), lineColorSpace='rgb', lineWidth=1.5, name='unnamed ShapeStim', opacity=1.0, ori=array(0.), pos=array([-133.,   12.]), size=array([5., 5.]), units='pix', vertices=ndarray(...), win=Window(...), windingRule=None)
46.0515 	DATA 	Mouse:  Left button up, pos=(507,412)
46.0704 	EXP 	unnamed ShapeStim: autoDraw = True
46.6493 	DATA 	Mouse: Left button down, pos=(498,390)
46.6741 	EXP 	Created unnamed ShapeStim = ShapeStim(__class__=<class 'psychopy.visual.shape.ShapeStim'>, autoDraw=False, autoLog=True, closeShape=True, contrast=1.0, depth=-2, fillColor=array([-0.8, -0.8,  1. ]), fillColorSpace='rgb', interpolate=True, lineColor=array([-0.8, -0.8,  1. ]), lineColorSpace='rgb', lineWidth=1.5, name='unnamed ShapeStim', opacity=1.0, ori=array(0.), pos=array([-141.,  -10.]), size=array([5., 5.]), units='pix', vertices=ndarray(...), win=Window(...), windingRule=None)
46.7034 	EXP 	unnamed ShapeStim: autoDraw = True
46.7069 	EXP 	Created unnamed ShapeStim = ShapeStim(__class__=<class 'psychopy.visual.shape.ShapeStim'>, autoDraw=False, autoLog=True, closeShape=True, contrast=1.0, depth=-2, fillColor=array([-0.8, -0.8,  1. ]), fillColorSpace='rgb', interpolate=True, lineColor=array([-0.8, -0.8,  1. ]), lineColorSpace='rgb', lineWidth=1.5, name='unnamed ShapeStim', opacity=1.0, ori=array(0.), pos=array([-141.,  -10.]), size=array([5., 5.]), units='pix', vertices=ndarray(...), win=Window(...), windingRule=None)
46.7370 	EXP 	unnamed ShapeStim: autoDraw = True
46.7380 	DATA 	Mouse:  Left button up, pos=(499,390)
47.4850 	DATA 	Mouse: Left button down, pos=(544,395)
47.5084 	EXP 	Created unnamed ShapeStim = ShapeStim(__class__=<class 'psychopy.visual.shape.ShapeStim'>, autoDraw=False, autoLog=True, closeShape=True, contrast=1.0, depth=-2, fillColor=array([-0.8, -0.8,  1. ]), fillColorSpace='rgb', interpolate=True, lineColor=array([-0.8, -0.8,  1. ]), lineColorSpace='rgb', lineWidth=1.5, name='unnamed ShapeStim', opacity=1.0, ori=array(0.), pos=array([-96.,  -5.]), size=array([5., 5.]), units='pix', vertices=ndarray(...), win=Window(...), windingRule=None)
47.5372 	EXP 	unnamed ShapeStim: autoDraw = True
47.5407 	EXP 	Created unnamed ShapeStim = ShapeStim(__class__=<class 'psychopy.visual.shape.ShapeStim'>, autoDraw=False, autoLog=True, closeShape=True, contrast=1.0, depth=-2, fillColor=array([-0.8, -0.8,  1. ]), fillColorSpace='rgb', interpolate=True, lineColor=array([-0.8, -0.8,  1. ]), lineColorSpace='rgb', lineWidth=1.5, name='unnamed ShapeStim', opacity=1.0, ori=array(0.), pos=array([-96.,  -5.]), size=array([5., 5.]), units='pix', vertices=ndarray(...), win=Window(...), windingRule=None)
47.5708 	EXP 	unnamed ShapeStim: autoDraw = True
47.5716 	DATA 	Mouse:  Left button up, pos=(544,395)
52.7910 	EXP 	practice_poly: autoDraw = False
52.7910 	EXP 	practice_context: autoDraw = False
52.7910 	EXP 	practice_target: autoDraw = False
52.7910 	EXP 	unnamed ShapeStim: autoDraw = False
52.7910 	EXP 	unnamed ShapeStim: autoDraw = False
52.7910 	EXP 	unnamed ShapeStim: autoDraw = False
52.7910 	EXP 	unnamed ShapeStim: autoDraw = False
52.7910 	EXP 	unnamed ShapeStim: autoDraw = False
52.7910 	EXP 	unnamed ShapeStim: autoDraw = False
52.7910 	EXP 	unnamed ShapeStim: autoDraw = False
52.7910 	EXP 	unnamed ShapeStim: autoDraw = False
52.7910 	EXP 	unnamed ShapeStim: autoDraw = False
52.7910 	EXP 	unnamed ShapeStim: autoDraw = False
52.7910 	EXP 	unnamed ShapeStim: autoDraw = False
52.7910 	EXP 	unnamed ShapeStim: autoDraw = False
52.7910 	EXP 	unnamed ShapeStim: autoDraw = False
52.7910 	EXP 	unnamed ShapeStim: autoDraw = False
52.7910 	EXP 	unnamed ShapeStim: autoDraw = False
52.7910 	EXP 	unnamed ShapeStim: autoDraw = False
52.7910 	EXP 	unnamed ShapeStim: autoDraw = False
52.7910 	EXP 	unnamed ShapeStim: autoDraw = False
52.7910 	EXP 	unnamed ShapeStim: autoDraw = False
52.7910 	EXP 	unnamed ShapeStim: autoDraw = False
52.7910 	EXP 	unnamed ShapeStim: autoDraw = False
52.7910 	EXP 	unnamed ShapeStim: autoDraw = False
52.7910 	EXP 	unnamed ShapeStim: autoDraw = False
52.7910 	EXP 	unnamed ShapeStim: autoDraw = False
52.7910 	EXP 	unnamed ShapeStim: autoDraw = False
52.7910 	EXP 	unnamed ShapeStim: autoDraw = False
52.7910 	EXP 	unnamed ShapeStim: autoDraw = False
52.7910 	EXP 	unnamed ShapeStim: autoDraw = False
52.7910 	EXP 	unnamed ShapeStim: autoDraw = False
52.7910 	EXP 	unnamed ShapeStim: autoDraw = False
52.7910 	EXP 	unnamed ShapeStim: autoDraw = False
52.7910 	EXP 	unnamed ShapeStim: autoDraw = False
52.7910 	EXP 	unnamed ShapeStim: autoDraw = False
52.7910 	EXP 	unnamed ShapeStim: autoDraw = False
52.7910 	EXP 	unnamed ShapeStim: autoDraw = False
52.7910 	EXP 	unnamed ShapeStim: autoDraw = False
52.7910 	EXP 	unnamed ShapeStim: autoDraw = False
52.7910 	EXP 	unnamed ShapeStim: autoDraw = False
52.7910 	EXP 	unnamed ShapeStim: autoDraw = False
52.7910 	EXP 	unnamed ShapeStim: autoDraw = False
52.7910 	EXP 	unnamed ShapeStim: autoDraw = False
52.7910 	EXP 	unnamed ShapeStim: autoDraw = False
52.7910 	EXP 	unnamed ShapeStim: autoDraw = False
52.7910 	EXP 	unnamed ShapeStim: autoDraw = False
52.7910 	EXP 	unnamed ShapeStim: autoDraw = False
52.7910 	EXP 	unnamed ShapeStim: autoDraw = False
52.7910 	EXP 	unnamed ShapeStim: autoDraw = False
52.7910 	EXP 	unnamed ShapeStim: autoDraw = False
52.7910 	EXP 	unnamed ShapeStim: autoDraw = False
52.7910 	EXP 	unnamed ShapeStim: autoDraw = False
52.7910 	EXP 	unnamed ShapeStim: autoDraw = False
52.7910 	EXP 	unnamed ShapeStim: autoDraw = False
52.7910 	EXP 	unnamed ShapeStim: autoDraw = False
52.7910 	EXP 	unnamed ShapeStim: autoDraw = False
52.7910 	EXP 	unnamed ShapeStim: autoDraw = False
52.7910 	EXP 	unnamed ShapeStim: autoDraw = False
52.7910 	EXP 	unnamed ShapeStim: autoDraw = False
52.7910 	EXP 	unnamed ShapeStim: autoDraw = False
52.7910 	EXP 	unnamed ShapeStim: autoDraw = False
52.7910 	EXP 	testImg_3: size = array([431., 290.])
52.7910 	EXP 	testImg_3: image = 'imgs/instruction/instr_A.jpg'
52.7910 	EXP 	testImg_3: autoDraw = True
52.7910 	EXP 	text_feedback: autoDraw = True
52.7910 	EXP 	text_feedback_continue: autoDraw = True
65.5627 	DATA 	Mouse: Left button down, pos=(710,46)
65.5789 	EXP 	testImg_3: autoDraw = False
65.5789 	EXP 	text_feedback: autoDraw = False
65.5789 	EXP 	text_feedback_continue: autoDraw = False
65.5789 	EXP 	blank500_txt: autoDraw = True
65.8306 	DATA 	Mouse:  Left button up, pos=(710,46)
66.0746 	EXP 	Imported find_targets.csv as conditions, 5 conditions, 3 params
66.0750 	EXP 	Created sequence: sequential, trialTypes=5, nReps=1, seed=None
66.0753 	EXP 	New trial (rep=0, index=0): OrderedDict([('targ_path', 'imgs/targets/targ_B.jpg'), ('cont_path', 'imgs/contexts/cont_B.jpg'), ('img_w_h', [826, 290])])
66.0957 	EXP 	blank500_txt: autoDraw = False
66.0957 	EXP 	blank500_txt: autoDraw = False
66.0957 	EXP 	blank3000_next_txt: autoDraw = True
68.0808 	EXP 	blank3000_next_txt: autoDraw = False
68.0808 	EXP 	text_count_3: autoDraw = True
69.0810 	EXP 	text_count_3: autoDraw = False
69.0810 	EXP 	text_count_2: autoDraw = True
70.0820 	EXP 	text_count_2: autoDraw = False
70.0820 	EXP 	text_count_1: autoDraw = True
71.2156 	EXP 	text_count_1: autoDraw = False
71.2156 	EXP 	testPoly: size = array([826., 290.])
71.2156 	EXP 	testImg: size = array([826., 290.])
71.2156 	EXP 	testImg: image = 'imgs/contexts/cont_B.jpg'
71.2156 	EXP 	image: image = 'imgs/targets/targ_B.jpg'
71.2156 	EXP 	testPoly: autoDraw = True
71.2156 	EXP 	testImg: autoDraw = True
71.2156 	EXP 	image: autoDraw = True
73.5339 	DATA 	Mouse: Left button down, pos=(861,473)
73.5376 	EXP 	Created unnamed ShapeStim = ShapeStim(__class__=<class 'psychopy.visual.shape.ShapeStim'>, autoDraw=False, autoLog=True, closeShape=True, contrast=1.0, depth=-2, fillColor=array([-0.8, -0.8,  1. ]), fillColorSpace='rgb', interpolate=True, lineColor=array([-0.8, -0.8,  1. ]), lineColorSpace='rgb', lineWidth=1.5, name='unnamed ShapeStim', opacity=1.0, ori=array(0.), pos=array([221.,  73.]), size=array([5., 5.]), units='pix', vertices=ndarray(...), win=Window(...), windingRule=None)
73.5555 	EXP 	unnamed ShapeStim: autoDraw = True
73.5588 	EXP 	Created unnamed ShapeStim = ShapeStim(__class__=<class 'psychopy.visual.shape.ShapeStim'>, autoDraw=False, autoLog=True, closeShape=True, contrast=1.0, depth=-2, fillColor=array([-0.8, -0.8,  1. ]), fillColorSpace='rgb', interpolate=True, lineColor=array([-0.8, -0.8,  1. ]), lineColorSpace='rgb', lineWidth=1.5, name='unnamed ShapeStim', opacity=1.0, ori=array(0.), pos=array([221.,  73.]), size=array([5., 5.]), units='pix', vertices=ndarray(...), win=Window(...), windingRule=None)
73.5830 	EXP 	unnamed ShapeStim: autoDraw = True
73.5866 	EXP 	Created unnamed ShapeStim = ShapeStim(__class__=<class 'psychopy.visual.shape.ShapeStim'>, autoDraw=False, autoLog=True, closeShape=True, contrast=1.0, depth=-2, fillColor=array([-0.8, -0.8,  1. ]), fillColorSpace='rgb', interpolate=True, lineColor=array([-0.8, -0.8,  1. ]), lineColorSpace='rgb', lineWidth=1.5, name='unnamed ShapeStim', opacity=1.0, ori=array(0.), pos=array([221.,  73.]), size=array([5., 5.]), units='pix', vertices=ndarray(...), win=Window(...), windingRule=None)
73.6049 	EXP 	unnamed ShapeStim: autoDraw = True
73.6079 	EXP 	Created unnamed ShapeStim = ShapeStim(__class__=<class 'psychopy.visual.shape.ShapeStim'>, autoDraw=False, autoLog=True, closeShape=True, contrast=1.0, depth=-2, fillColor=array([-0.8, -0.8,  1. ]), fillColorSpace='rgb', interpolate=True, lineColor=array([-0.8, -0.8,  1. ]), lineColorSpace='rgb', lineWidth=1.5, name='unnamed ShapeStim', opacity=1.0, ori=array(0.), pos=array([221.,  73.]), size=array([5., 5.]), units='pix', vertices=ndarray(...), win=Window(...), windingRule=None)
73.6330 	EXP 	unnamed ShapeStim: autoDraw = True
73.6344 	DATA 	Mouse:  Left button up, pos=(861,473)
74.0868 	DATA 	Mouse: Left button down, pos=(666,530)
74.0898 	EXP 	Created unnamed ShapeStim = ShapeStim(__class__=<class 'psychopy.visual.shape.ShapeStim'>, autoDraw=False, autoLog=True, closeShape=True, contrast=1.0, depth=-2, fillColor=array([-0.8, -0.8,  1. ]), fillColorSpace='rgb', interpolate=True, lineColor=array([-0.8, -0.8,  1. ]), lineColorSpace='rgb', lineWidth=1.5, name='unnamed ShapeStim', opacity=1.0, ori=array(0.), pos=array([ 26., 130.]), size=array([5., 5.]), units='pix', vertices=ndarray(...), win=Window(...), windingRule=None)
74.1075 	EXP 	unnamed ShapeStim: autoDraw = True
74.1116 	EXP 	Created unnamed ShapeStim = ShapeStim(__class__=<class 'psychopy.visual.shape.ShapeStim'>, autoDraw=False, autoLog=True, closeShape=True, contrast=1.0, depth=-2, fillColor=array([-0.8, -0.8,  1. ]), fillColorSpace='rgb', interpolate=True, lineColor=array([-0.8, -0.8,  1. ]), lineColorSpace='rgb', lineWidth=1.5, name='unnamed ShapeStim', opacity=1.0, ori=array(0.), pos=array([ 26., 130.]), size=array([5., 5.]), units='pix', vertices=ndarray(...), win=Window(...), windingRule=None)
74.1328 	EXP 	unnamed ShapeStim: autoDraw = True
74.1366 	EXP 	Created unnamed ShapeStim = ShapeStim(__class__=<class 'psychopy.visual.shape.ShapeStim'>, autoDraw=False, autoLog=True, closeShape=True, contrast=1.0, depth=-2, fillColor=array([-0.8, -0.8,  1. ]), fillColorSpace='rgb', interpolate=True, lineColor=array([-0.8, -0.8,  1. ]), lineColorSpace='rgb', lineWidth=1.5, name='unnamed ShapeStim', opacity=1.0, ori=array(0.), pos=array([ 26., 130.]), size=array([5., 5.]), units='pix', vertices=ndarray(...), win=Window(...), windingRule=None)
74.1545 	EXP 	unnamed ShapeStim: autoDraw = True
74.1584 	EXP 	Created unnamed ShapeStim = ShapeStim(__class__=<class 'psychopy.visual.shape.ShapeStim'>, autoDraw=False, autoLog=True, closeShape=True, contrast=1.0, depth=-2, fillColor=array([-0.8, -0.8,  1. ]), fillColorSpace='rgb', interpolate=True, lineColor=array([-0.8, -0.8,  1. ]), lineColorSpace='rgb', lineWidth=1.5, name='unnamed ShapeStim', opacity=1.0, ori=array(0.), pos=array([ 26., 130.]), size=array([5., 5.]), units='pix', vertices=ndarray(...), win=Window(...), windingRule=None)
74.1829 	EXP 	unnamed ShapeStim: autoDraw = True
74.1858 	EXP 	Created unnamed ShapeStim = ShapeStim(__class__=<class 'psychopy.visual.shape.ShapeStim'>, autoDraw=False, autoLog=True, closeShape=True, contrast=1.0, depth=-2, fillColor=array([-0.8, -0.8,  1. ]), fillColorSpace='rgb', interpolate=True, lineColor=array([-0.8, -0.8,  1. ]), lineColorSpace='rgb', lineWidth=1.5, name='unnamed ShapeStim', opacity=1.0, ori=array(0.), pos=array([ 26., 130.]), size=array([5., 5.]), units='pix', vertices=ndarray(...), win=Window(...), windingRule=None)
74.2044 	EXP 	unnamed ShapeStim: autoDraw = True
74.2052 	DATA 	Mouse:  Left button up, pos=(666,530)
74.5514 	DATA 	Mouse: Left button down, pos=(426,460)
74.5550 	EXP 	Created unnamed ShapeStim = ShapeStim(__class__=<class 'psychopy.visual.shape.ShapeStim'>, autoDraw=False, autoLog=True, closeShape=True, contrast=1.0, depth=-2, fillColor=array([-0.8, -0.8,  1. ]), fillColorSpace='rgb', interpolate=True, lineColor=array([-0.8, -0.8,  1. ]), lineColorSpace='rgb', lineWidth=1.5, name='unnamed ShapeStim', opacity=1.0, ori=array(0.), pos=array([-215.,   59.]), size=array([5., 5.]), units='pix', vertices=ndarray(...), win=Window(...), windingRule=None)
74.5735 	EXP 	unnamed ShapeStim: autoDraw = True
74.5766 	EXP 	Created unnamed ShapeStim = ShapeStim(__class__=<class 'psychopy.visual.shape.ShapeStim'>, autoDraw=False, autoLog=True, closeShape=True, contrast=1.0, depth=-2, fillColor=array([-0.8, -0.8,  1. ]), fillColorSpace='rgb', interpolate=True, lineColor=array([-0.8, -0.8,  1. ]), lineColorSpace='rgb', lineWidth=1.5, name='unnamed ShapeStim', opacity=1.0, ori=array(0.), pos=array([-215.,   59.]), size=array([5., 5.]), units='pix', vertices=ndarray(...), win=Window(...), windingRule=None)
74.6004 	EXP 	unnamed ShapeStim: autoDraw = True
74.6052 	EXP 	Created unnamed ShapeStim = ShapeStim(__class__=<class 'psychopy.visual.shape.ShapeStim'>, autoDraw=False, autoLog=True, closeShape=True, contrast=1.0, depth=-2, fillColor=array([-0.8, -0.8,  1. ]), fillColorSpace='rgb', interpolate=True, lineColor=array([-0.8, -0.8,  1. ]), lineColorSpace='rgb', lineWidth=1.5, name='unnamed ShapeStim', opacity=1.0, ori=array(0.), pos=array([-215.,   59.]), size=array([5., 5.]), units='pix', vertices=ndarray(...), win=Window(...), windingRule=None)
74.6238 	EXP 	unnamed ShapeStim: autoDraw = True
74.6284 	EXP 	Created unnamed ShapeStim = ShapeStim(__class__=<class 'psychopy.visual.shape.ShapeStim'>, autoDraw=False, autoLog=True, closeShape=True, contrast=1.0, depth=-2, fillColor=array([-0.8, -0.8,  1. ]), fillColorSpace='rgb', interpolate=True, lineColor=array([-0.8, -0.8,  1. ]), lineColorSpace='rgb', lineWidth=1.5, name='unnamed ShapeStim', opacity=1.0, ori=array(0.), pos=array([-215.,   59.]), size=array([5., 5.]), units='pix', vertices=ndarray(...), win=Window(...), windingRule=None)
74.6315 	DATA 	Mouse:  Left button up, pos=(425,459)
74.6501 	EXP 	unnamed ShapeStim: autoDraw = True
75.0587 	DATA 	Keypress: escape
75.3556 	EXP 	window1: mouseVisible = True
