8.2622 	EXP 	Created window1 = Window(allowGUI=False, allowStencil=False, args=UNKNOWN, autoLog=True, bitsMode=UNKNOWN, blendMode='avg', color=array([-1., -1., -1.]), colorSpace='rgb', fullscr=<method-wrapper '__getattribute__' of attributeSetter object at 0x130424c18>, gamma=None, kwargs=UNKNOWN, lms=UNKNOWN, monitor=<psychopy.monitors.calibTools.Monitor object at 0x1301551d0>, multiSample=False, name='window1', numSamples=2, pos=[0.0, 0.0], screen=0, size=array([2560, 1600]), stereo=False, units='pix', useFBO=True, useRetina=True, viewOri=0.0, viewPos=None, viewScale=None, waitBlanking=True, winType='pyglet')
8.2622 	EXP 	window1: recordFrameIntervals = False
8.4283 	EXP 	window1: recordFrameIntervals = True
8.6113 	EXP 	window1: recordFrameIntervals = False
9.2057 	EXP 	Created txt_welcome = TextStim(__class__=<class 'psychopy.visual.text.TextStim'>, alignHoriz='center', alignVert='center', antialias=True, autoLog=True, bold=False, color='white', colorSpace='named', contrast=1.0, depth=0.0, flipHoriz=False, flipVert=False, font='Arial', fontFiles=[], height=25, italic=False, languageStyle='LTR', name='txt_welcome', opacity=1.0, ori=0, pos=array([0., 0.]), rgb=array([255., 255., 255.]), text=str(...), units='pix', win=Window(...), wrapWidth=500)
9.2241 	EXP 	Created text_welcome_clickme = TextStim(__class__=<class 'psychopy.visual.text.TextStim'>, alignHoriz='center', alignVert='center', antialias=True, autoLog=True, bold=False, color='white', colorSpace='named', contrast=1.0, depth=-1.0, flipHoriz=False, flipVert=False, font='Arial', fontFiles=[], height=15, italic=False, languageStyle='LTR', name='text_welcome_clickme', opacity=1.0, ori=0, pos=array([   0., -350.]), rgb=array([255., 255., 255.]), text='När du läst klart, klicka med musen här.', units='pix', win=Window(...), wrapWidth=500)
9.2582 	EXP 	Created text_pre_practice_a = TextStim(__class__=<class 'psychopy.visual.text.TextStim'>, alignHoriz='center', alignVert='center', antialias=True, autoLog=True, bold=False, color='white', colorSpace='named', contrast=1.0, depth=0.0, flipHoriz=False, flipVert=False, font='Arial', fontFiles=[], height=20, italic=False, languageStyle='LTR', name='text_pre_practice_a', opacity=1.0, ori=0, pos=array([0., 0.]), rgb=array([255., 255., 255.]), text=str(...), units='pix', win=Window(...), wrapWidth=500)
9.2612 	EXP 	Created practice_poly = Rect(__class__=<class 'psychopy.visual.rect.Rect'>, autoDraw=False, autoLog=True, closeShape=True, color=method-wrapper(...), colorSpace=None, contrast=1.0, depth=0.0, fillColor=array([ 1., -1., -1.]), fillColorSpace='rgb', fillRGB=array([ 1., -1., -1.]), interpolate=True, lineColor=array([1., 1., 1.]), lineColorSpace='rgb', lineRGB=array([1., 1., 1.]), lineWidth=1, name='practice_poly', opacity=0.0, ori=array(0.), pos=array([  0., 100.]), size=array([1., 1.]), units='pix', vertices=ndarray(...), win=Window(...))
9.2634 	EXP 	Created practice_context = ImageStim(__class__=<class 'psychopy.visual.image.ImageStim'>, autoLog=True, color=array([1., 1., 1.]), colorSpace='rgb', contrast=1.0, depth=-1.0, flipHoriz=False, flipVert=False, image='sin', interpolate=True, mask=None, maskParams=None, name='practice_context', opacity=1.0, ori=0.0, pos=array([  0., 100.]), size=array([1., 1.]), texRes=128, units='pix', win=Window(...))
9.2653 	EXP 	Created practice_target = ImageStim(__class__=<class 'psychopy.visual.image.ImageStim'>, autoLog=True, color=array([1., 1., 1.]), colorSpace='rgb', contrast=1.0, depth=-4.0, flipHoriz=False, flipVert=False, image='sin', interpolate=True, mask=None, maskParams=None, name='practice_target', opacity=1.0, ori=0.0, pos=array([   0., -250.]), size=array([108., 108.]), texRes=128, units='pix', win=Window(...))
9.2670 	EXP 	Created testImg_3 = ImageStim(__class__=<class 'psychopy.visual.image.ImageStim'>, autoLog=True, color=array([1., 1., 1.]), colorSpace='rgb', contrast=1.0, depth=0.0, flipHoriz=False, flipVert=False, image='sin', interpolate=True, mask=None, maskParams=None, name='testImg_3', opacity=1.0, ori=0.0, pos=array([  0., 100.]), size=array([1., 1.]), texRes=128, units='pix', win=Window(...))
9.2974 	EXP 	Created text_feedback = TextStim(__class__=<class 'psychopy.visual.text.TextStim'>, alignHoriz='center', alignVert='center', antialias=True, autoLog=True, bold=False, color='white', colorSpace='named', contrast=1.0, depth=-2.0, flipHoriz=False, flipVert=False, font='Arial', fontFiles=[], height=20, italic=False, languageStyle='LTR', name='text_feedback', opacity=1.0, ori=0, pos=array([   0., -250.]), rgb=array([255., 255., 255.]), text=str(...), units='pix', win=Window(...), wrapWidth=500)
9.3095 	EXP 	Created text_feedback_continue = TextStim(__class__=<class 'psychopy.visual.text.TextStim'>, alignHoriz='center', alignVert='center', antialias=True, autoLog=True, bold=False, color='white', colorSpace='named', contrast=1.0, depth=-3.0, flipHoriz=False, flipVert=False, font='Arial', fontFiles=[], height=15, italic=False, languageStyle='LTR', name='text_feedback_continue', opacity=1.0, ori=0, pos=array([   0., -350.]), rgb=array([255., 255., 255.]), text=str(...), units='pix', win=Window(...), wrapWidth=500)
9.3105 	EXP 	Created blank500_txt = TextStim(__class__=<class 'psychopy.visual.text.TextStim'>, alignHoriz='center', alignVert='center', antialias=True, autoLog=True, bold=False, color='white', colorSpace='named', contrast=1.0, depth=0.0, flipHoriz=False, flipVert=False, font='Arial', fontFiles=[], height=0.1, italic=False, languageStyle='LTR', name='blank500_txt', opacity=1.0, ori=0, pos=array([0., 0.]), rgb=array([255., 255., 255.]), text='', units='pix', win=Window(...), wrapWidth=500)
9.3312 	EXP 	Created blank3000_next_txt = TextStim(__class__=<class 'psychopy.visual.text.TextStim'>, alignHoriz='center', alignVert='center', antialias=True, autoLog=True, bold=False, color='white', colorSpace='named', contrast=1.0, depth=0.0, flipHoriz=False, flipVert=False, font='Arial', fontFiles=[], height=40, italic=False, languageStyle='LTR', name='blank3000_next_txt', opacity=1.0, ori=0, pos=array([0., 0.]), rgb=array([255., 255., 255.]), text='Snart kommer bilden...', units='pix', win=Window(...), wrapWidth=500)
9.3362 	EXP 	Created text_count_3 = TextStim(__class__=<class 'psychopy.visual.text.TextStim'>, alignHoriz='center', alignVert='center', antialias=True, autoLog=True, bold=False, color='white', colorSpace='named', contrast=1.0, depth=0.0, flipHoriz=False, flipVert=False, font='Arial', fontFiles=[], height=100, italic=False, languageStyle='LTR', name='text_count_3', opacity=1.0, ori=0, pos=array([0., 0.]), rgb=array([255., 255., 255.]), text='3', units='pix', win=Window(...), wrapWidth=500)
9.3408 	EXP 	Created text_count_2 = TextStim(__class__=<class 'psychopy.visual.text.TextStim'>, alignHoriz='center', alignVert='center', antialias=True, autoLog=True, bold=False, color='white', colorSpace='named', contrast=1.0, depth=0.0, flipHoriz=False, flipVert=False, font='Arial', fontFiles=[], height=100, italic=False, languageStyle='LTR', name='text_count_2', opacity=1.0, ori=0, pos=array([0., 0.]), rgb=array([255., 255., 255.]), text='2', units='pix', win=Window(...), wrapWidth=500)
9.3450 	EXP 	Created text_count_1 = TextStim(__class__=<class 'psychopy.visual.text.TextStim'>, alignHoriz='center', alignVert='center', antialias=True, autoLog=True, bold=False, color='white', colorSpace='named', contrast=1.0, depth=0.0, flipHoriz=False, flipVert=False, font='Arial', fontFiles=[], height=100, italic=False, languageStyle='LTR', name='text_count_1', opacity=1.0, ori=0, pos=array([0., 0.]), rgb=array([255., 255., 255.]), text='1', units='pix', win=Window(...), wrapWidth=500)
9.3466 	EXP 	Created testPoly = Rect(__class__=<class 'psychopy.visual.rect.Rect'>, autoDraw=False, autoLog=True, closeShape=True, color=method-wrapper(...), colorSpace=None, contrast=1.0, depth=0.0, fillColor=array([ 1., -1., -1.]), fillColorSpace='rgb', fillRGB=array([ 1., -1., -1.]), interpolate=True, lineColor=array([1., 1., 1.]), lineColorSpace='rgb', lineRGB=array([1., 1., 1.]), lineWidth=1, name='testPoly', opacity=0.0, ori=array(0.), pos=array([  0., 100.]), size=array([1., 1.]), units='pix', vertices=ndarray(...), win=Window(...))
9.3485 	EXP 	Created testImg = ImageStim(__class__=<class 'psychopy.visual.image.ImageStim'>, autoLog=True, color=array([1., 1., 1.]), colorSpace='rgb', contrast=1.0, depth=-1.0, flipHoriz=False, flipVert=False, image='sin', interpolate=True, mask=None, maskParams=None, name='testImg', opacity=1.0, ori=0.0, pos=array([  0., 100.]), size=array([1., 1.]), texRes=128, units='pix', win=Window(...))
9.3506 	EXP 	Created image = ImageStim(__class__=<class 'psychopy.visual.image.ImageStim'>, autoLog=True, color=array([1., 1., 1.]), colorSpace='rgb', contrast=1.0, depth=-4.0, flipHoriz=False, flipVert=False, image='sin', interpolate=True, mask=None, maskParams=None, name='image', opacity=1.0, ori=0.0, pos=array([   0., -250.]), size=array([108., 108.]), texRes=128, units='pix', win=Window(...))
9.3513 	EXP 	Created blank500_txt = TextStim(__class__=<class 'psychopy.visual.text.TextStim'>, alignHoriz='center', alignVert='center', antialias=True, autoLog=True, bold=False, color='white', colorSpace='named', contrast=1.0, depth=0.0, flipHoriz=False, flipVert=False, font='Arial', fontFiles=[], height=0.1, italic=False, languageStyle='LTR', name='blank500_txt', opacity=1.0, ori=0, pos=array([0., 0.]), rgb=array([255., 255., 255.]), text='', units='pix', win=Window(...), wrapWidth=500)
9.3704 	EXP 	Created text_2 = TextStim(__class__=<class 'psychopy.visual.text.TextStim'>, alignHoriz='center', alignVert='center', antialias=True, autoLog=True, bold=False, color='white', colorSpace='named', contrast=1.0, depth=0.0, flipHoriz=False, flipVert=False, font='Arial', fontFiles=[], height=25, italic=False, languageStyle='LTR', name='text_2', opacity=1.0, ori=0, pos=array([0., 0.]), rgb=array([255., 255., 255.]), text=str(...), units='pix', win=Window(...), wrapWidth=500)
9.3964 	EXP 	txt_welcome: autoDraw = True
9.3964 	EXP 	text_welcome_clickme: autoDraw = True
14.1657 	DATA 	Mouse: Left button down, pos=(660,52)
14.2981 	DATA 	Mouse:  Left button up, pos=(660,52)
14.9651 	DATA 	Mouse: Left button down, pos=(680,52)
15.0814 	DATA 	Mouse:  Left button up, pos=(680,52)
16.2487 	DATA 	Mouse: Left button down, pos=(680,52)
16.2491 	DATA 	Mouse:  Left button up, pos=(680,52)
17.8656 	DATA 	Mouse: Left button down, pos=(680,52)
17.8662 	DATA 	Mouse:  Left button up, pos=(680,52)
18.7830 	DATA 	Mouse: Left button down, pos=(664,52)
18.7990 	EXP 	txt_welcome: autoDraw = False
18.7990 	EXP 	text_welcome_clickme: autoDraw = False
18.7990 	EXP 	text_pre_practice_a: autoDraw = True
18.8842 	DATA 	Mouse:  Left button up, pos=(664,52)
20.3846 	DATA 	Mouse: Left button down, pos=(563,359)
20.6185 	DATA 	Mouse:  Left button up, pos=(563,359)
20.6504 	EXP 	text_pre_practice_a: autoDraw = False
20.6504 	EXP 	practice_context: size = array([431., 290.])
20.6504 	EXP 	practice_context: image = 'imgs/contexts/cont_A.jpg'
20.6504 	EXP 	practice_target: image = 'imgs/targets/targ_A.jpg'
20.6504 	EXP 	practice_poly: autoDraw = True
20.6504 	EXP 	practice_context: autoDraw = True
20.6504 	EXP 	practice_target: autoDraw = True
22.6253 	DATA 	Mouse: Left button down, pos=(754,475)
22.6290 	EXP 	Created unnamed ShapeStim = ShapeStim(__class__=<class 'psychopy.visual.shape.ShapeStim'>, autoDraw=False, autoLog=True, closeShape=True, contrast=1.0, depth=-2, fillColor=array([-0.8, -0.8,  1. ]), fillColorSpace='rgb', interpolate=True, lineColor=array([-0.8, -0.8,  1. ]), lineColorSpace='rgb', lineWidth=1.5, name='unnamed ShapeStim', opacity=1.0, ori=array(0.), pos=array([114.,  75.]), size=array([5., 5.]), units='pix', vertices=ndarray(...), win=Window(...), windingRule=None)
22.6507 	EXP 	unnamed ShapeStim: autoDraw = True
22.6539 	EXP 	Created unnamed ShapeStim = ShapeStim(__class__=<class 'psychopy.visual.shape.ShapeStim'>, autoDraw=False, autoLog=True, closeShape=True, contrast=1.0, depth=-2, fillColor=array([-0.8, -0.8,  1. ]), fillColorSpace='rgb', interpolate=True, lineColor=array([-0.8, -0.8,  1. ]), lineColorSpace='rgb', lineWidth=1.5, name='unnamed ShapeStim', opacity=1.0, ori=array(0.), pos=array([114.,  75.]), size=array([5., 5.]), units='pix', vertices=ndarray(...), win=Window(...), windingRule=None)
22.6698 	EXP 	unnamed ShapeStim: autoDraw = True
22.6733 	EXP 	Created unnamed ShapeStim = ShapeStim(__class__=<class 'psychopy.visual.shape.ShapeStim'>, autoDraw=False, autoLog=True, closeShape=True, contrast=1.0, depth=-2, fillColor=array([-0.8, -0.8,  1. ]), fillColorSpace='rgb', interpolate=True, lineColor=array([-0.8, -0.8,  1. ]), lineColorSpace='rgb', lineWidth=1.5, name='unnamed ShapeStim', opacity=1.0, ori=array(0.), pos=array([114.,  75.]), size=array([5., 5.]), units='pix', vertices=ndarray(...), win=Window(...), windingRule=None)
22.6888 	EXP 	unnamed ShapeStim: autoDraw = True
22.6918 	EXP 	Created unnamed ShapeStim = ShapeStim(__class__=<class 'psychopy.visual.shape.ShapeStim'>, autoDraw=False, autoLog=True, closeShape=True, contrast=1.0, depth=-2, fillColor=array([-0.8, -0.8,  1. ]), fillColorSpace='rgb', interpolate=True, lineColor=array([-0.8, -0.8,  1. ]), lineColorSpace='rgb', lineWidth=1.5, name='unnamed ShapeStim', opacity=1.0, ori=array(0.), pos=array([114.,  75.]), size=array([5., 5.]), units='pix', vertices=ndarray(...), win=Window(...), windingRule=None)
22.7171 	EXP 	unnamed ShapeStim: autoDraw = True
22.7205 	EXP 	Created unnamed ShapeStim = ShapeStim(__class__=<class 'psychopy.visual.shape.ShapeStim'>, autoDraw=False, autoLog=True, closeShape=True, contrast=1.0, depth=-2, fillColor=array([-0.8, -0.8,  1. ]), fillColorSpace='rgb', interpolate=True, lineColor=array([-0.8, -0.8,  1. ]), lineColorSpace='rgb', lineWidth=1.5, name='unnamed ShapeStim', opacity=1.0, ori=array(0.), pos=array([114.,  75.]), size=array([5., 5.]), units='pix', vertices=ndarray(...), win=Window(...), windingRule=None)
22.7363 	EXP 	unnamed ShapeStim: autoDraw = True
22.7372 	DATA 	Mouse:  Left button up, pos=(754,475)
23.6037 	DATA 	Mouse: Left button down, pos=(760,474)
23.6066 	EXP 	Created unnamed ShapeStim = ShapeStim(__class__=<class 'psychopy.visual.shape.ShapeStim'>, autoDraw=False, autoLog=True, closeShape=True, contrast=1.0, depth=-2, fillColor=array([-0.8, -0.8,  1. ]), fillColorSpace='rgb', interpolate=True, lineColor=array([-0.8, -0.8,  1. ]), lineColorSpace='rgb', lineWidth=1.5, name='unnamed ShapeStim', opacity=1.0, ori=array(0.), pos=array([120.,  74.]), size=array([5., 5.]), units='pix', vertices=ndarray(...), win=Window(...), windingRule=None)
23.6221 	EXP 	unnamed ShapeStim: autoDraw = True
23.6260 	EXP 	Created unnamed ShapeStim = ShapeStim(__class__=<class 'psychopy.visual.shape.ShapeStim'>, autoDraw=False, autoLog=True, closeShape=True, contrast=1.0, depth=-2, fillColor=array([-0.8, -0.8,  1. ]), fillColorSpace='rgb', interpolate=True, lineColor=array([-0.8, -0.8,  1. ]), lineColorSpace='rgb', lineWidth=1.5, name='unnamed ShapeStim', opacity=1.0, ori=array(0.), pos=array([120.,  74.]), size=array([5., 5.]), units='pix', vertices=ndarray(...), win=Window(...), windingRule=None)
23.6517 	EXP 	unnamed ShapeStim: autoDraw = True
23.6547 	EXP 	Created unnamed ShapeStim = ShapeStim(__class__=<class 'psychopy.visual.shape.ShapeStim'>, autoDraw=False, autoLog=True, closeShape=True, contrast=1.0, depth=-2, fillColor=array([-0.8, -0.8,  1. ]), fillColorSpace='rgb', interpolate=True, lineColor=array([-0.8, -0.8,  1. ]), lineColorSpace='rgb', lineWidth=1.5, name='unnamed ShapeStim', opacity=1.0, ori=array(0.), pos=array([120.,  74.]), size=array([5., 5.]), units='pix', vertices=ndarray(...), win=Window(...), windingRule=None)
23.6709 	EXP 	unnamed ShapeStim: autoDraw = True
23.6748 	EXP 	Created unnamed ShapeStim = ShapeStim(__class__=<class 'psychopy.visual.shape.ShapeStim'>, autoDraw=False, autoLog=True, closeShape=True, contrast=1.0, depth=-2, fillColor=array([-0.8, -0.8,  1. ]), fillColorSpace='rgb', interpolate=True, lineColor=array([-0.8, -0.8,  1. ]), lineColorSpace='rgb', lineWidth=1.5, name='unnamed ShapeStim', opacity=1.0, ori=array(0.), pos=array([120.,  74.]), size=array([5., 5.]), units='pix', vertices=ndarray(...), win=Window(...), windingRule=None)
23.7014 	EXP 	unnamed ShapeStim: autoDraw = True
23.7054 	EXP 	Created unnamed ShapeStim = ShapeStim(__class__=<class 'psychopy.visual.shape.ShapeStim'>, autoDraw=False, autoLog=True, closeShape=True, contrast=1.0, depth=-2, fillColor=array([-0.8, -0.8,  1. ]), fillColorSpace='rgb', interpolate=True, lineColor=array([-0.8, -0.8,  1. ]), lineColorSpace='rgb', lineWidth=1.5, name='unnamed ShapeStim', opacity=1.0, ori=array(0.), pos=array([120.,  74.]), size=array([5., 5.]), units='pix', vertices=ndarray(...), win=Window(...), windingRule=None)
23.7222 	EXP 	unnamed ShapeStim: autoDraw = True
23.7234 	DATA 	Mouse:  Left button up, pos=(760,474)
29.7088 	DATA 	Mouse: Left button down, pos=(650,561)
29.7121 	EXP 	Created unnamed ShapeStim = ShapeStim(__class__=<class 'psychopy.visual.shape.ShapeStim'>, autoDraw=False, autoLog=True, closeShape=True, contrast=1.0, depth=-2, fillColor=array([-0.8, -0.8,  1. ]), fillColorSpace='rgb', interpolate=True, lineColor=array([-0.8, -0.8,  1. ]), lineColorSpace='rgb', lineWidth=1.5, name='unnamed ShapeStim', opacity=1.0, ori=array(0.), pos=array([ 10., 161.]), size=array([5., 5.]), units='pix', vertices=ndarray(...), win=Window(...), windingRule=None)
29.7376 	EXP 	unnamed ShapeStim: autoDraw = True
29.7413 	EXP 	Created unnamed ShapeStim = ShapeStim(__class__=<class 'psychopy.visual.shape.ShapeStim'>, autoDraw=False, autoLog=True, closeShape=True, contrast=1.0, depth=-2, fillColor=array([-0.8, -0.8,  1. ]), fillColorSpace='rgb', interpolate=True, lineColor=array([-0.8, -0.8,  1. ]), lineColorSpace='rgb', lineWidth=1.5, name='unnamed ShapeStim', opacity=1.0, ori=array(0.), pos=array([ 10., 161.]), size=array([5., 5.]), units='pix', vertices=ndarray(...), win=Window(...), windingRule=None)
29.7581 	EXP 	unnamed ShapeStim: autoDraw = True
29.7611 	EXP 	Created unnamed ShapeStim = ShapeStim(__class__=<class 'psychopy.visual.shape.ShapeStim'>, autoDraw=False, autoLog=True, closeShape=True, contrast=1.0, depth=-2, fillColor=array([-0.8, -0.8,  1. ]), fillColorSpace='rgb', interpolate=True, lineColor=array([-0.8, -0.8,  1. ]), lineColorSpace='rgb', lineWidth=1.5, name='unnamed ShapeStim', opacity=1.0, ori=array(0.), pos=array([ 10., 161.]), size=array([5., 5.]), units='pix', vertices=ndarray(...), win=Window(...), windingRule=None)
29.7877 	EXP 	unnamed ShapeStim: autoDraw = True
29.7910 	EXP 	Created unnamed ShapeStim = ShapeStim(__class__=<class 'psychopy.visual.shape.ShapeStim'>, autoDraw=False, autoLog=True, closeShape=True, contrast=1.0, depth=-2, fillColor=array([-0.8, -0.8,  1. ]), fillColorSpace='rgb', interpolate=True, lineColor=array([-0.8, -0.8,  1. ]), lineColorSpace='rgb', lineWidth=1.5, name='unnamed ShapeStim', opacity=1.0, ori=array(0.), pos=array([ 10., 161.]), size=array([5., 5.]), units='pix', vertices=ndarray(...), win=Window(...), windingRule=None)
29.8084 	EXP 	unnamed ShapeStim: autoDraw = True
29.8093 	DATA 	Mouse:  Left button up, pos=(650,561)
30.3068 	DATA 	Mouse: Left button down, pos=(698,568)
30.3106 	EXP 	Created unnamed ShapeStim = ShapeStim(__class__=<class 'psychopy.visual.shape.ShapeStim'>, autoDraw=False, autoLog=True, closeShape=True, contrast=1.0, depth=-2, fillColor=array([-0.8, -0.8,  1. ]), fillColorSpace='rgb', interpolate=True, lineColor=array([-0.8, -0.8,  1. ]), lineColorSpace='rgb', lineWidth=1.5, name='unnamed ShapeStim', opacity=1.0, ori=array(0.), pos=array([ 58., 168.]), size=array([5., 5.]), units='pix', vertices=ndarray(...), win=Window(...), windingRule=None)
30.3278 	EXP 	unnamed ShapeStim: autoDraw = True
30.3318 	EXP 	Created unnamed ShapeStim = ShapeStim(__class__=<class 'psychopy.visual.shape.ShapeStim'>, autoDraw=False, autoLog=True, closeShape=True, contrast=1.0, depth=-2, fillColor=array([-0.8, -0.8,  1. ]), fillColorSpace='rgb', interpolate=True, lineColor=array([-0.8, -0.8,  1. ]), lineColorSpace='rgb', lineWidth=1.5, name='unnamed ShapeStim', opacity=1.0, ori=array(0.), pos=array([ 58., 168.]), size=array([5., 5.]), units='pix', vertices=ndarray(...), win=Window(...), windingRule=None)
30.3552 	EXP 	unnamed ShapeStim: autoDraw = True
30.3587 	EXP 	Created unnamed ShapeStim = ShapeStim(__class__=<class 'psychopy.visual.shape.ShapeStim'>, autoDraw=False, autoLog=True, closeShape=True, contrast=1.0, depth=-2, fillColor=array([-0.8, -0.8,  1. ]), fillColorSpace='rgb', interpolate=True, lineColor=array([-0.8, -0.8,  1. ]), lineColorSpace='rgb', lineWidth=1.5, name='unnamed ShapeStim', opacity=1.0, ori=array(0.), pos=array([ 58., 168.]), size=array([5., 5.]), units='pix', vertices=ndarray(...), win=Window(...), windingRule=None)
30.3760 	EXP 	unnamed ShapeStim: autoDraw = True
30.3794 	EXP 	Created unnamed ShapeStim = ShapeStim(__class__=<class 'psychopy.visual.shape.ShapeStim'>, autoDraw=False, autoLog=True, closeShape=True, contrast=1.0, depth=-2, fillColor=array([-0.8, -0.8,  1. ]), fillColorSpace='rgb', interpolate=True, lineColor=array([-0.8, -0.8,  1. ]), lineColorSpace='rgb', lineWidth=1.5, name='unnamed ShapeStim', opacity=1.0, ori=array(0.), pos=array([ 58., 168.]), size=array([5., 5.]), units='pix', vertices=ndarray(...), win=Window(...), windingRule=None)
30.4051 	EXP 	unnamed ShapeStim: autoDraw = True
30.4080 	EXP 	Created unnamed ShapeStim = ShapeStim(__class__=<class 'psychopy.visual.shape.ShapeStim'>, autoDraw=False, autoLog=True, closeShape=True, contrast=1.0, depth=-2, fillColor=array([-0.8, -0.8,  1. ]), fillColorSpace='rgb', interpolate=True, lineColor=array([-0.8, -0.8,  1. ]), lineColorSpace='rgb', lineWidth=1.5, name='unnamed ShapeStim', opacity=1.0, ori=array(0.), pos=array([ 58., 168.]), size=array([5., 5.]), units='pix', vertices=ndarray(...), win=Window(...), windingRule=None)
30.4128 	DATA 	Mouse:  Left button up, pos=(698,568)
30.4274 	EXP 	unnamed ShapeStim: autoDraw = True
30.9914 	DATA 	Mouse: Left button down, pos=(787,586)
30.9950 	EXP 	Created unnamed ShapeStim = ShapeStim(__class__=<class 'psychopy.visual.shape.ShapeStim'>, autoDraw=False, autoLog=True, closeShape=True, contrast=1.0, depth=-2, fillColor=array([-0.8, -0.8,  1. ]), fillColorSpace='rgb', interpolate=True, lineColor=array([-0.8, -0.8,  1. ]), lineColorSpace='rgb', lineWidth=1.5, name='unnamed ShapeStim', opacity=1.0, ori=array(0.), pos=array([147., 186.]), size=array([5., 5.]), units='pix', vertices=ndarray(...), win=Window(...), windingRule=None)
31.0125 	EXP 	unnamed ShapeStim: autoDraw = True
31.0154 	EXP 	Created unnamed ShapeStim = ShapeStim(__class__=<class 'psychopy.visual.shape.ShapeStim'>, autoDraw=False, autoLog=True, closeShape=True, contrast=1.0, depth=-2, fillColor=array([-0.8, -0.8,  1. ]), fillColorSpace='rgb', interpolate=True, lineColor=array([-0.8, -0.8,  1. ]), lineColorSpace='rgb', lineWidth=1.5, name='unnamed ShapeStim', opacity=1.0, ori=array(0.), pos=array([147., 186.]), size=array([5., 5.]), units='pix', vertices=ndarray(...), win=Window(...), windingRule=None)
31.0387 	EXP 	unnamed ShapeStim: autoDraw = True
31.0431 	EXP 	Created unnamed ShapeStim = ShapeStim(__class__=<class 'psychopy.visual.shape.ShapeStim'>, autoDraw=False, autoLog=True, closeShape=True, contrast=1.0, depth=-2, fillColor=array([-0.8, -0.8,  1. ]), fillColorSpace='rgb', interpolate=True, lineColor=array([-0.8, -0.8,  1. ]), lineColorSpace='rgb', lineWidth=1.5, name='unnamed ShapeStim', opacity=1.0, ori=array(0.), pos=array([147., 186.]), size=array([5., 5.]), units='pix', vertices=ndarray(...), win=Window(...), windingRule=None)
31.0618 	EXP 	unnamed ShapeStim: autoDraw = True
31.0646 	EXP 	Created unnamed ShapeStim = ShapeStim(__class__=<class 'psychopy.visual.shape.ShapeStim'>, autoDraw=False, autoLog=True, closeShape=True, contrast=1.0, depth=-2, fillColor=array([-0.8, -0.8,  1. ]), fillColorSpace='rgb', interpolate=True, lineColor=array([-0.8, -0.8,  1. ]), lineColorSpace='rgb', lineWidth=1.5, name='unnamed ShapeStim', opacity=1.0, ori=array(0.), pos=array([147., 186.]), size=array([5., 5.]), units='pix', vertices=ndarray(...), win=Window(...), windingRule=None)
31.0878 	EXP 	unnamed ShapeStim: autoDraw = True
31.0886 	DATA 	Mouse:  Left button up, pos=(787,586)
31.6120 	DATA 	Mouse: Left button down, pos=(805,597)
31.6157 	EXP 	Created unnamed ShapeStim = ShapeStim(__class__=<class 'psychopy.visual.shape.ShapeStim'>, autoDraw=False, autoLog=True, closeShape=True, contrast=1.0, depth=-2, fillColor=array([-0.8, -0.8,  1. ]), fillColorSpace='rgb', interpolate=True, lineColor=array([-0.8, -0.8,  1. ]), lineColorSpace='rgb', lineWidth=1.5, name='unnamed ShapeStim', opacity=1.0, ori=array(0.), pos=array([165., 197.]), size=array([5., 5.]), units='pix', vertices=ndarray(...), win=Window(...), windingRule=None)
31.6383 	EXP 	unnamed ShapeStim: autoDraw = True
31.6411 	EXP 	Created unnamed ShapeStim = ShapeStim(__class__=<class 'psychopy.visual.shape.ShapeStim'>, autoDraw=False, autoLog=True, closeShape=True, contrast=1.0, depth=-2, fillColor=array([-0.8, -0.8,  1. ]), fillColorSpace='rgb', interpolate=True, lineColor=array([-0.8, -0.8,  1. ]), lineColorSpace='rgb', lineWidth=1.5, name='unnamed ShapeStim', opacity=1.0, ori=array(0.), pos=array([165., 197.]), size=array([5., 5.]), units='pix', vertices=ndarray(...), win=Window(...), windingRule=None)
31.6595 	EXP 	unnamed ShapeStim: autoDraw = True
31.6629 	EXP 	Created unnamed ShapeStim = ShapeStim(__class__=<class 'psychopy.visual.shape.ShapeStim'>, autoDraw=False, autoLog=True, closeShape=True, contrast=1.0, depth=-2, fillColor=array([-0.8, -0.8,  1. ]), fillColorSpace='rgb', interpolate=True, lineColor=array([-0.8, -0.8,  1. ]), lineColorSpace='rgb', lineWidth=1.5, name='unnamed ShapeStim', opacity=1.0, ori=array(0.), pos=array([165., 197.]), size=array([5., 5.]), units='pix', vertices=ndarray(...), win=Window(...), windingRule=None)
31.6888 	EXP 	unnamed ShapeStim: autoDraw = True
31.6917 	EXP 	Created unnamed ShapeStim = ShapeStim(__class__=<class 'psychopy.visual.shape.ShapeStim'>, autoDraw=False, autoLog=True, closeShape=True, contrast=1.0, depth=-2, fillColor=array([-0.8, -0.8,  1. ]), fillColorSpace='rgb', interpolate=True, lineColor=array([-0.8, -0.8,  1. ]), lineColorSpace='rgb', lineWidth=1.5, name='unnamed ShapeStim', opacity=1.0, ori=array(0.), pos=array([165., 197.]), size=array([5., 5.]), units='pix', vertices=ndarray(...), win=Window(...), windingRule=None)
31.7103 	EXP 	unnamed ShapeStim: autoDraw = True
31.7114 	DATA 	Mouse:  Left button up, pos=(805,597)
38.6832 	DATA 	Keypress: escape
39.0251 	EXP 	window1: mouseVisible = True
